TN:
SF:src/components/LBS/AdvancedLBSComponents.tsx
FN:68,(anonymous_1)
FN:89,(anonymous_2)
FN:90,(anonymous_3)
FN:103,(anonymous_4)
FN:107,(anonymous_5)
FN:123,(anonymous_6)
FN:137,(anonymous_7)
FN:148,(anonymous_8)
FN:156,(anonymous_9)
FN:179,(anonymous_10)
FN:184,(anonymous_11)
FN:192,(anonymous_12)
FN:197,(anonymous_13)
FN:203,(anonymous_14)
FN:204,(anonymous_15)
FN:205,(anonymous_16)
FN:211,(anonymous_17)
FN:252,(anonymous_18)
FN:357,(anonymous_19)
FN:371,(anonymous_20)
FNF:20
FNH:0
FNDA:0,(anonymous_1)
FNDA:0,(anonymous_2)
FNDA:0,(anonymous_3)
FNDA:0,(anonymous_4)
FNDA:0,(anonymous_5)
FNDA:0,(anonymous_6)
FNDA:0,(anonymous_7)
FNDA:0,(anonymous_8)
FNDA:0,(anonymous_9)
FNDA:0,(anonymous_10)
FNDA:0,(anonymous_11)
FNDA:0,(anonymous_12)
FNDA:0,(anonymous_13)
FNDA:0,(anonymous_14)
FNDA:0,(anonymous_15)
FNDA:0,(anonymous_16)
FNDA:0,(anonymous_17)
FNDA:0,(anonymous_18)
FNDA:0,(anonymous_19)
FNDA:0,(anonymous_20)
DA:7,0
DA:8,0
DA:9,0
DA:10,0
DA:11,0
DA:12,0
DA:14,0
DA:15,0
DA:16,0
DA:68,0
DA:75,0
DA:76,0
DA:77,0
DA:78,0
DA:79,0
DA:80,0
DA:81,0
DA:82,0
DA:89,0
DA:90,0
DA:91,0
DA:92,0
DA:94,0
DA:103,0
DA:107,0
DA:108,0
DA:109,0
DA:110,0
DA:111,0
DA:112,0
DA:114,0
DA:117,0
DA:119,0
DA:123,0
DA:124,0
DA:125,0
DA:126,0
DA:128,0
DA:129,0
DA:132,0
DA:133,0
DA:137,0
DA:138,0
DA:139,0
DA:142,0
DA:143,0
DA:148,0
DA:149,0
DA:152,0
DA:156,0
DA:157,0
DA:160,0
DA:163,0
DA:168,0
DA:171,0
DA:179,0
DA:181,0
DA:184,0
DA:192,0
DA:193,0
DA:197,0
DA:198,0
DA:199,0
DA:203,0
DA:204,0
DA:205,0
DA:211,0
DA:214,0
DA:252,0
DA:357,0
DA:371,0
DA:444,0
LF:72
LH:0
BRDA:73,0,0,0
BRDA:99,1,0,0
BRDA:99,1,1,0
BRDA:142,2,0,0
BRDA:142,3,0,0
BRDA:142,3,1,0
BRDA:187,4,0,0
BRDA:187,4,1,0
BRDA:207,5,0,0
BRDA:207,5,1,0
BRDA:232,6,0,0
BRDA:232,6,1,0
BRDA:236,7,0,0
BRDA:236,7,1,0
BRDA:275,8,0,0
BRDA:275,8,1,0
BRDA:288,9,0,0
BRDA:288,9,1,0
BRDA:292,10,0,0
BRDA:292,10,1,0
BRDA:295,11,0,0
BRDA:295,11,1,0
BRF:22
BRH:0
end_of_record
TN:
SF:src/components/LBS/DistanceIndicator.tsx
FN:45,(anonymous_0)
FN:61,(anonymous_1)
FN:77,(anonymous_2)
FN:91,(anonymous_3)
FN:103,(anonymous_4)
FN:109,(anonymous_5)
FN:115,(anonymous_6)
FN:124,(anonymous_7)
FN:135,(anonymous_8)
FN:139,(anonymous_9)
FN:148,(anonymous_10)
FN:153,(anonymous_11)
FN:160,(anonymous_12)
FN:170,(anonymous_13)
FN:173,(anonymous_14)
FN:193,(anonymous_15)
FN:195,(anonymous_16)
FN:203,(anonymous_17)
FN:209,(anonymous_18)
FN:228,(anonymous_19)
FN:234,(anonymous_20)
FN:318,(anonymous_21)
FN:327,(anonymous_22)
FNF:23
FNH:0
FNDA:0,(anonymous_0)
FNDA:0,(anonymous_1)
FNDA:0,(anonymous_2)
FNDA:0,(anonymous_3)
FNDA:0,(anonymous_4)
FNDA:0,(anonymous_5)
FNDA:0,(anonymous_6)
FNDA:0,(anonymous_7)
FNDA:0,(anonymous_8)
FNDA:0,(anonymous_9)
FNDA:0,(anonymous_10)
FNDA:0,(anonymous_11)
FNDA:0,(anonymous_12)
FNDA:0,(anonymous_13)
FNDA:0,(anonymous_14)
FNDA:0,(anonymous_15)
FNDA:0,(anonymous_16)
FNDA:0,(anonymous_17)
FNDA:0,(anonymous_18)
FNDA:0,(anonymous_19)
FNDA:0,(anonymous_20)
FNDA:0,(anonymous_21)
FNDA:0,(anonymous_22)
DA:7,0
DA:8,0
DA:45,0
DA:55,0
DA:56,0
DA:57,0
DA:58,0
DA:61,0
DA:62,0
DA:63,0
DA:64,0
DA:65,0
DA:66,0
DA:68,0
DA:71,0
DA:73,0
DA:77,0
DA:78,0
DA:79,0
DA:80,0
DA:82,0
DA:83,0
DA:86,0
DA:87,0
DA:91,0
DA:92,0
DA:98,0
DA:99,0
DA:103,0
DA:104,0
DA:105,0
DA:109,0
DA:110,0
DA:111,0
DA:115,0
DA:116,0
DA:117,0
DA:119,0
DA:124,0
DA:125,0
DA:126,0
DA:128,0
DA:129,0
DA:130,0
DA:135,0
DA:136,0
DA:137,0
DA:139,0
DA:140,0
DA:141,0
DA:146,0
DA:147,0
DA:149,0
DA:150,0
DA:154,0
DA:157,0
DA:160,0
DA:161,0
DA:164,0
DA:165,0
DA:170,0
DA:171,0
DA:173,0
DA:174,0
DA:175,0
DA:176,0
DA:177,0
DA:178,0
DA:180,0
DA:189,0
DA:193,0
DA:194,0
DA:195,0
DA:196,0
DA:198,0
DA:203,0
DA:204,0
DA:205,0
DA:209,0
DA:210,0
DA:211,0
DA:213,0
DA:215,0
DA:217,0
DA:219,0
DA:221,0
DA:223,0
DA:228,0
DA:229,0
DA:230,0
DA:234,0
DA:235,0
DA:238,0
DA:319,0
DA:320,0
DA:322,0
DA:324,0
DA:327,0
DA:401,0
LF:99
LH:0
BRDA:49,0,0,0
BRDA:51,1,0,0
BRDA:52,2,0,0
BRDA:53,3,0,0
BRDA:99,4,0,0
BRDA:99,4,1,0
BRDA:116,5,0,0
BRDA:116,5,1,0
BRDA:125,6,0,0
BRDA:125,6,1,0
BRDA:130,7,0,0
BRDA:130,7,1,0
BRDA:136,8,0,0
BRDA:136,8,1,0
BRDA:140,9,0,0
BRDA:146,10,0,0
BRDA:146,10,1,0
BRDA:149,11,0,0
BRDA:194,12,0,0
BRDA:194,12,1,0
BRDA:196,13,0,0
BRDA:196,13,1,0
BRDA:213,14,0,0
BRDA:213,15,0,0
BRDA:213,15,1,0
BRDA:215,16,0,0
BRDA:215,16,1,0
BRDA:215,16,2,0
BRDA:215,16,3,0
BRDA:219,17,0,0
BRDA:219,17,1,0
BRDA:219,18,0,0
BRDA:219,18,1,0
BRDA:235,19,0,0
BRDA:235,19,1,0
BRDA:247,20,0,0
BRDA:247,20,1,0
BRDA:256,21,0,0
BRDA:256,21,1,0
BRDA:261,22,0,0
BRDA:261,22,1,0
BRDA:265,23,0,0
BRDA:265,23,1,0
BRDA:296,24,0,0
BRDA:296,24,1,0
BRDA:320,25,0,0
BRDA:329,26,0,0
BRDA:329,26,1,0
BRDA:338,27,0,0
BRDA:338,27,1,0
BRDA:339,28,0,0
BRDA:339,28,1,0
BRDA:342,29,0,0
BRDA:342,29,1,0
BRDA:359,30,0,0
BRDA:359,30,1,0
BRDA:372,31,0,0
BRDA:372,31,1,0
BRDA:390,32,0,0
BRDA:390,32,1,0
BRF:60
BRH:0
end_of_record
TN:
SF:src/components/LBS/GeofenceMap.tsx
FN:41,(anonymous_0)
FN:64,(anonymous_1)
FN:73,(anonymous_2)
FN:78,(anonymous_3)
FN:105,(anonymous_4)
FN:214,(anonymous_5)
FN:242,(anonymous_6)
FN:248,(anonymous_7)
FN:254,(anonymous_8)
FN:262,(anonymous_9)
FN:267,(anonymous_10)
FN:277,(anonymous_11)
FN:284,(anonymous_12)
FN:289,(anonymous_13)
FN:290,(anonymous_14)
FN:295,(anonymous_15)
FN:318,(anonymous_16)
FN:318,(anonymous_17)
FN:325,(anonymous_18)
FN:325,(anonymous_19)
FN:394,(anonymous_20)
FNF:21
FNH:0
FNDA:0,(anonymous_0)
FNDA:0,(anonymous_1)
FNDA:0,(anonymous_2)
FNDA:0,(anonymous_3)
FNDA:0,(anonymous_4)
FNDA:0,(anonymous_5)
FNDA:0,(anonymous_6)
FNDA:0,(anonymous_7)
FNDA:0,(anonymous_8)
FNDA:0,(anonymous_9)
FNDA:0,(anonymous_10)
FNDA:0,(anonymous_11)
FNDA:0,(anonymous_12)
FNDA:0,(anonymous_13)
FNDA:0,(anonymous_14)
FNDA:0,(anonymous_15)
FNDA:0,(anonymous_16)
FNDA:0,(anonymous_17)
FNDA:0,(anonymous_18)
FNDA:0,(anonymous_19)
FNDA:0,(anonymous_20)
DA:7,0
DA:8,0
DA:41,0
DA:50,0
DA:51,0
DA:52,0
DA:53,0
DA:54,0
DA:55,0
DA:58,0
DA:59,0
DA:60,0
DA:61,0
DA:64,0
DA:65,0
DA:66,0
DA:67,0
DA:73,0
DA:74,0
DA:78,0
DA:79,0
DA:80,0
DA:82,0
DA:83,0
DA:86,0
DA:89,0
DA:90,0
DA:91,0
DA:92,0
DA:93,0
DA:94,0
DA:95,0
DA:96,0
DA:98,0
DA:99,0
DA:100,0
DA:101,0
DA:105,0
DA:106,0
DA:107,0
DA:110,0
DA:111,0
DA:115,0
DA:117,0
DA:118,0
DA:119,0
DA:121,0
DA:122,0
DA:123,0
DA:125,0
DA:126,0
DA:127,0
DA:129,0
DA:130,0
DA:131,0
DA:133,0
DA:134,0
DA:137,0
DA:138,0
DA:139,0
DA:140,0
DA:141,0
DA:144,0
DA:145,0
DA:146,0
DA:147,0
DA:150,0
DA:151,0
DA:152,0
DA:153,0
DA:156,0
DA:157,0
DA:158,0
DA:162,0
DA:163,0
DA:166,0
DA:167,0
DA:168,0
DA:169,0
DA:170,0
DA:171,0
DA:172,0
DA:173,0
DA:174,0
DA:175,0
DA:176,0
DA:180,0
DA:181,0
DA:182,0
DA:183,0
DA:184,0
DA:185,0
DA:186,0
DA:189,0
DA:190,0
DA:191,0
DA:192,0
DA:193,0
DA:194,0
DA:198,0
DA:199,0
DA:200,0
DA:201,0
DA:202,0
DA:203,0
DA:205,0
DA:206,0
DA:207,0
DA:208,0
DA:209,0
DA:210,0
DA:214,0
DA:215,0
DA:217,0
DA:218,0
DA:220,0
DA:221,0
DA:222,0
DA:225,0
DA:226,0
DA:227,0
DA:228,0
DA:230,0
DA:231,0
DA:232,0
DA:233,0
DA:238,0
DA:242,0
DA:243,0
DA:244,0
DA:245,0
DA:248,0
DA:249,0
DA:251,0
DA:252,0
DA:254,0
DA:259,0
DA:262,0
DA:263,0
DA:267,0
DA:268,0
DA:270,0
DA:271,0
DA:272,0
DA:273,0
DA:277,0
DA:278,0
DA:279,0
DA:280,0
DA:284,0
DA:285,0
DA:289,0
DA:290,0
DA:291,0
DA:292,0
DA:294,0
DA:295,0
DA:298,0
DA:318,0
DA:325,0
DA:394,0
DA:419,0
LF:162
LH:0
BRDA:45,0,0,0
BRDA:47,1,0,0
BRDA:48,2,0,0
BRDA:80,3,0,0
BRDA:83,4,0,0
BRDA:115,5,0,0
BRDA:115,5,1,0
BRDA:115,5,2,0
BRDA:115,5,3,0
BRDA:115,5,4,0
BRDA:140,6,0,0
BRDA:140,6,1,0
BRDA:162,7,0,0
BRDA:166,8,0,0
BRDA:166,9,0,0
BRDA:166,9,1,0
BRDA:215,10,0,0
BRDA:218,11,0,0
BRDA:230,12,0,0
BRDA:243,13,0,0
BRDA:249,14,0,0
BRDA:249,15,0,0
BRDA:249,15,1,0
BRDA:268,16,0,0
BRDA:271,17,0,0
BRDA:271,17,1,0
BRDA:315,18,0,0
BRDA:315,18,1,0
BRDA:362,19,0,0
BRDA:362,19,1,0
BRDA:367,20,0,0
BRDA:367,20,1,0
BRDA:384,21,0,0
BRDA:384,21,1,0
BRDA:409,22,0,0
BRDA:409,22,1,0
BRF:36
BRH:0
end_of_record
TN:
SF:src/components/LBS/LBSSettings.tsx
FN:62,(anonymous_0)
FN:111,(anonymous_1)
FN:119,(anonymous_2)
FN:130,(anonymous_3)
FN:151,(anonymous_4)
FN:195,(anonymous_5)
FN:196,(anonymous_6)
FN:207,(anonymous_7)
FN:217,(anonymous_8)
FN:223,(anonymous_9)
FN:233,(anonymous_10)
FN:296,(anonymous_11)
FN:301,(anonymous_12)
FN:330,(anonymous_13)
FN:342,(anonymous_14)
FN:363,(anonymous_15)
FN:375,(anonymous_16)
FN:386,(anonymous_17)
FN:409,(anonymous_18)
FN:427,(anonymous_19)
FN:443,(anonymous_20)
FN:459,(anonymous_21)
FN:469,(anonymous_22)
FN:491,(anonymous_23)
FN:503,(anonymous_24)
FN:514,(anonymous_25)
FN:525,(anonymous_26)
FN:536,(anonymous_27)
FN:547,(anonymous_28)
FN:558,(anonymous_29)
FN:581,(anonymous_30)
FN:591,(anonymous_31)
FN:601,(anonymous_32)
FN:617,(anonymous_33)
FN:645,(anonymous_34)
FN:654,(anonymous_35)
FN:664,(anonymous_36)
FN:674,(anonymous_37)
FNF:38
FNH:0
FNDA:0,(anonymous_0)
FNDA:0,(anonymous_1)
FNDA:0,(anonymous_2)
FNDA:0,(anonymous_3)
FNDA:0,(anonymous_4)
FNDA:0,(anonymous_5)
FNDA:0,(anonymous_6)
FNDA:0,(anonymous_7)
FNDA:0,(anonymous_8)
FNDA:0,(anonymous_9)
FNDA:0,(anonymous_10)
FNDA:0,(anonymous_11)
FNDA:0,(anonymous_12)
FNDA:0,(anonymous_13)
FNDA:0,(anonymous_14)
FNDA:0,(anonymous_15)
FNDA:0,(anonymous_16)
FNDA:0,(anonymous_17)
FNDA:0,(anonymous_18)
FNDA:0,(anonymous_19)
FNDA:0,(anonymous_20)
FNDA:0,(anonymous_21)
FNDA:0,(anonymous_22)
FNDA:0,(anonymous_23)
FNDA:0,(anonymous_24)
FNDA:0,(anonymous_25)
FNDA:0,(anonymous_26)
FNDA:0,(anonymous_27)
FNDA:0,(anonymous_28)
FNDA:0,(anonymous_29)
FNDA:0,(anonymous_30)
FNDA:0,(anonymous_31)
FNDA:0,(anonymous_32)
FNDA:0,(anonymous_33)
FNDA:0,(anonymous_34)
FNDA:0,(anonymous_35)
FNDA:0,(anonymous_36)
FNDA:0,(anonymous_37)
DA:7,0
DA:8,0
DA:62,0
DA:66,0
DA:104,0
DA:105,0
DA:106,0
DA:107,0
DA:108,0
DA:111,0
DA:112,0
DA:113,0
DA:114,0
DA:116,0
DA:117,0
DA:118,0
DA:119,0
DA:122,0
DA:123,0
DA:125,0
DA:130,0
DA:131,0
DA:132,0
DA:133,0
DA:136,0
DA:139,0
DA:141,0
DA:143,0
DA:144,0
DA:146,0
DA:151,0
DA:152,0
DA:190,0
DA:191,0
DA:195,0
DA:196,0
DA:203,0
DA:207,0
DA:208,0
DA:213,0
DA:217,0
DA:218,0
DA:219,0
DA:220,0
DA:223,0
DA:224,0
DA:227,0
DA:228,0
DA:234,0
DA:242,0
DA:250,0
DA:297,0
DA:298,0
DA:301,0
DA:330,0
DA:342,0
DA:363,0
DA:375,0
DA:386,0
DA:409,0
DA:427,0
DA:443,0
DA:459,0
DA:469,0
DA:491,0
DA:503,0
DA:514,0
DA:525,0
DA:536,0
DA:547,0
DA:558,0
DA:581,0
DA:591,0
DA:601,0
DA:617,0
DA:645,0
DA:654,0
DA:664,0
DA:674,0
DA:687,0
LF:80
LH:0
BRDA:63,0,0,0
BRDA:117,1,0,0
BRDA:213,2,0,0
BRDA:213,2,1,0
BRDA:218,3,0,0
BRDA:219,4,0,0
BRDA:227,5,0,0
BRDA:271,6,0,0
BRDA:271,6,1,0
BRDA:275,7,0,0
BRDA:275,7,1,0
BRDA:280,8,0,0
BRDA:280,8,1,0
BRDA:286,9,0,0
BRDA:286,9,1,0
BRDA:303,10,0,0
BRDA:303,10,1,0
BRDA:319,11,0,0
BRDA:319,11,1,0
BRDA:398,12,0,0
BRDA:398,12,1,0
BRDA:480,13,0,0
BRDA:480,13,1,0
BRDA:569,14,0,0
BRDA:569,14,1,0
BRDA:627,15,0,0
BRDA:627,15,1,0
BRF:27
BRH:0
end_of_record
TN:
SF:src/components/LBS/OptimizedLBSRewardTracker.tsx
FN:84,(anonymous_1)
FN:129,(anonymous_2)
FN:162,(anonymous_3)
FN:173,(anonymous_4)
FN:180,(anonymous_5)
FN:182,(anonymous_6)
FN:183,(anonymous_7)
FN:195,(anonymous_8)
FN:196,(anonymous_9)
FN:205,(anonymous_10)
FN:220,(anonymous_11)
FN:221,(anonymous_12)
FN:232,(anonymous_13)
FN:252,(anonymous_14)
FN:263,(anonymous_15)
FN:282,(anonymous_16)
FN:300,(anonymous_17)
FN:316,(anonymous_18)
FN:339,(anonymous_19)
FN:356,(anonymous_20)
FN:400,(anonymous_21)
FN:415,(anonymous_22)
FN:432,(anonymous_23)
FN:465,(anonymous_24)
FN:502,(anonymous_25)
FN:513,(anonymous_26)
FN:527,(anonymous_27)
FN:557,(anonymous_28)
FN:558,(anonymous_29)
FN:563,(anonymous_30)
FN:570,(anonymous_31)
FN:577,(anonymous_32)
FN:582,(anonymous_33)
FN:589,(anonymous_34)
FN:598,(anonymous_35)
FN:656,(anonymous_36)
FN:727,(anonymous_37)
FN:767,(anonymous_38)
FN:777,(anonymous_39)
FNF:39
FNH:0
FNDA:0,(anonymous_1)
FNDA:0,(anonymous_2)
FNDA:0,(anonymous_3)
FNDA:0,(anonymous_4)
FNDA:0,(anonymous_5)
FNDA:0,(anonymous_6)
FNDA:0,(anonymous_7)
FNDA:0,(anonymous_8)
FNDA:0,(anonymous_9)
FNDA:0,(anonymous_10)
FNDA:0,(anonymous_11)
FNDA:0,(anonymous_12)
FNDA:0,(anonymous_13)
FNDA:0,(anonymous_14)
FNDA:0,(anonymous_15)
FNDA:0,(anonymous_16)
FNDA:0,(anonymous_17)
FNDA:0,(anonymous_18)
FNDA:0,(anonymous_19)
FNDA:0,(anonymous_20)
FNDA:0,(anonymous_21)
FNDA:0,(anonymous_22)
FNDA:0,(anonymous_23)
FNDA:0,(anonymous_24)
FNDA:0,(anonymous_25)
FNDA:0,(anonymous_26)
FNDA:0,(anonymous_27)
FNDA:0,(anonymous_28)
FNDA:0,(anonymous_29)
FNDA:0,(anonymous_30)
FNDA:0,(anonymous_31)
FNDA:0,(anonymous_32)
FNDA:0,(anonymous_33)
FNDA:0,(anonymous_34)
FNDA:0,(anonymous_35)
FNDA:0,(anonymous_36)
FNDA:0,(anonymous_37)
FNDA:0,(anonymous_38)
FNDA:0,(anonymous_39)
DA:7,0
DA:8,0
DA:9,0
DA:11,0
DA:12,0
DA:13,0
DA:14,0
DA:15,0
DA:16,0
DA:17,0
DA:18,0
DA:19,0
DA:45,0
DA:75,0
DA:84,0
DA:85,0
DA:96,0
DA:98,0
DA:101,0
DA:102,0
DA:103,0
DA:104,0
DA:105,0
DA:106,0
DA:107,0
DA:108,0
DA:111,0
DA:121,0
DA:122,0
DA:123,0
DA:124,0
DA:125,0
DA:126,0
DA:129,0
DA:131,0
DA:132,0
DA:134,0
DA:135,0
DA:137,0
DA:138,0
DA:139,0
DA:140,0
DA:145,0
DA:146,0
DA:147,0
DA:150,0
DA:152,0
DA:158,0
DA:162,0
DA:163,0
DA:164,0
DA:165,0
DA:168,0
DA:169,0
DA:170,0
DA:171,0
DA:173,0
DA:174,0
DA:177,0
DA:180,0
DA:181,0
DA:182,0
DA:183,0
DA:189,0
DA:190,0
DA:195,0
DA:196,0
DA:197,0
DA:198,0
DA:199,0
DA:202,0
DA:203,0
DA:205,0
DA:206,0
DA:209,0
DA:210,0
DA:213,0
DA:220,0
DA:221,0
DA:223,0
DA:224,0
DA:225,0
DA:227,0
DA:231,0
DA:233,0
DA:234,0
DA:237,0
DA:238,0
DA:252,0
DA:260,0
DA:261,0
DA:264,0
DA:265,0
DA:268,0
DA:269,0
DA:271,0
DA:272,0
DA:273,0
DA:275,0
DA:276,0
DA:278,0
DA:279,0
DA:282,0
DA:284,0
DA:285,0
DA:286,0
DA:288,0
DA:295,0
DA:300,0
DA:301,0
DA:304,0
DA:305,0
DA:306,0
DA:309,0
DA:310,0
DA:312,0
DA:316,0
DA:317,0
DA:318,0
DA:322,0
DA:323,0
DA:325,0
DA:326,0
DA:328,0
DA:339,0
DA:345,0
DA:346,0
DA:349,0
DA:351,0
DA:352,0
DA:355,0
DA:356,0
DA:357,0
DA:377,0
DA:380,0
DA:381,0
DA:382,0
DA:385,0
DA:388,0
DA:389,0
DA:392,0
DA:394,0
DA:395,0
DA:400,0
DA:401,0
DA:402,0
DA:403,0
DA:405,0
DA:408,0
DA:410,0
DA:415,0
DA:416,0
DA:417,0
DA:418,0
DA:419,0
DA:420,0
DA:421,0
DA:422,0
DA:423,0
DA:427,0
DA:432,0
DA:433,0
DA:434,0
DA:435,0
DA:436,0
DA:439,0
DA:441,0
DA:442,0
DA:453,0
DA:454,0
DA:456,0
DA:458,0
DA:464,0
DA:466,0
DA:478,0
DA:481,0
DA:492,0
DA:493,0
DA:496,0
DA:497,0
DA:498,0
DA:499,0
DA:503,0
DA:505,0
DA:506,0
DA:513,0
DA:514,0
DA:515,0
DA:516,0
DA:517,0
DA:522,0
DA:527,0
DA:528,0
DA:529,0
DA:530,0
DA:533,0
DA:534,0
DA:535,0
DA:538,0
DA:539,0
DA:540,0
DA:543,0
DA:544,0
DA:545,0
DA:549,0
DA:550,0
DA:551,0
DA:552,0
DA:557,0
DA:558,0
DA:559,0
DA:560,0
DA:563,0
DA:564,0
DA:567,0
DA:568,0
DA:570,0
DA:571,0
DA:572,0
DA:577,0
DA:578,0
DA:580,0
DA:582,0
DA:583,0
DA:584,0
DA:589,0
DA:590,0
DA:591,0
DA:593,0
DA:598,0
DA:599,0
DA:600,0
DA:601,0
DA:602,0
DA:604,0
DA:608,0
DA:656,0
DA:728,0
DA:767,0
DA:778,0
DA:791,0
LF:241
LH:0
BRDA:134,0,0,0
BRDA:137,1,0,0
BRDA:137,1,1,0
BRDA:137,2,0,0
BRDA:137,2,1,0
BRDA:137,2,2,0
BRDA:139,3,0,0
BRDA:139,4,0,0
BRDA:139,4,1,0
BRDA:139,4,2,0
BRDA:146,5,0,0
BRDA:146,6,0,0
BRDA:146,6,1,0
BRDA:147,7,0,0
BRDA:147,7,1,0
BRDA:163,8,0,0
BRDA:169,9,0,0
BRDA:169,9,1,0
BRDA:195,10,0,0
BRDA:197,11,0,0
BRDA:209,12,0,0
BRDA:223,13,0,0
BRDA:223,13,1,0
BRDA:233,14,0,0
BRDA:242,15,0,0
BRDA:242,15,1,0
BRDA:243,16,0,0
BRDA:243,16,1,0
BRDA:244,17,0,0
BRDA:244,17,1,0
BRDA:246,18,0,0
BRDA:246,18,1,0
BRDA:264,19,0,0
BRDA:269,20,0,0
BRDA:269,20,1,0
BRDA:269,20,2,0
BRDA:284,21,0,0
BRDA:284,21,1,0
BRDA:284,22,0,0
BRDA:284,22,1,0
BRDA:304,23,0,0
BRDA:304,23,1,0
BRDA:305,24,0,0
BRDA:305,24,1,0
BRDA:306,25,0,0
BRDA:309,26,0,0
BRDA:309,26,1,0
BRDA:310,27,0,0
BRDA:317,28,0,0
BRDA:317,29,0,0
BRDA:317,29,1,0
BRDA:317,29,2,0
BRDA:339,30,0,0
BRDA:339,30,1,0
BRDA:345,31,0,0
BRDA:351,32,0,0
BRDA:355,33,0,0
BRDA:355,34,0,0
BRDA:355,34,1,0
BRDA:364,35,0,0
BRDA:364,35,1,0
BRDA:365,36,0,0
BRDA:365,36,1,0
BRDA:366,37,0,0
BRDA:366,37,1,0
BRDA:380,38,0,0
BRDA:388,39,0,0
BRDA:403,40,0,0
BRDA:403,40,1,0
BRDA:418,41,0,0
BRDA:420,42,0,0
BRDA:434,43,0,0
BRDA:446,44,0,0
BRDA:446,44,1,0
BRDA:447,45,0,0
BRDA:447,45,1,0
BRDA:448,46,0,0
BRDA:448,46,1,0
BRDA:456,47,0,0
BRDA:470,48,0,0
BRDA:470,48,1,0
BRDA:471,49,0,0
BRDA:471,49,1,0
BRDA:472,50,0,0
BRDA:472,50,1,0
BRDA:474,51,0,0
BRDA:474,51,1,0
BRDA:485,52,0,0
BRDA:485,52,1,0
BRDA:486,53,0,0
BRDA:486,53,1,0
BRDA:487,54,0,0
BRDA:487,54,1,0
BRDA:496,55,0,0
BRDA:505,56,0,0
BRDA:505,57,0,0
BRDA:505,57,1,0
BRDA:514,58,0,0
BRDA:528,59,0,0
BRDA:533,60,0,0
BRDA:538,61,0,0
BRDA:543,62,0,0
BRDA:549,63,0,0
BRDA:590,64,0,0
BRDA:590,64,1,0
BRDA:616,65,0,0
BRDA:616,65,1,0
BRDA:617,66,0,0
BRDA:617,66,1,0
BRDA:620,67,0,0
BRDA:620,67,1,0
BRDA:620,68,0,0
BRDA:620,68,1,0
BRDA:629,69,0,0
BRDA:629,69,1,0
BRDA:657,70,0,0
BRDA:657,70,1,0
BRDA:660,71,0,0
BRDA:660,71,1,0
BRDA:671,72,0,0
BRDA:671,72,1,0
BRDA:691,73,0,0
BRDA:691,73,1,0
BRDA:707,74,0,0
BRDA:707,74,1,0
BRDA:709,75,0,0
BRDA:709,75,1,0
BRDA:725,76,0,0
BRDA:725,76,1,0
BRDA:732,77,0,0
BRDA:732,77,1,0
BRDA:752,78,0,0
BRDA:752,78,1,0
BRDA:764,79,0,0
BRDA:764,79,1,0
BRF:135
BRH:0
end_of_record
TN:
SF:src/components/LBS/RadarScanner.tsx
FN:30,(anonymous_0)
FN:50,(anonymous_1)
FN:53,(anonymous_2)
FN:58,(anonymous_3)
FN:115,(anonymous_4)
FN:162,(anonymous_5)
FN:163,(anonymous_6)
FN:196,(anonymous_7)
FN:197,(anonymous_8)
FN:201,(anonymous_9)
FN:202,(anonymous_10)
FN:254,(anonymous_11)
FN:267,(anonymous_12)
FN:275,(anonymous_13)
FN:276,(anonymous_14)
FN:283,(anonymous_15)
FN:291,(anonymous_16)
FN:296,(anonymous_17)
FNF:18
FNH:0
FNDA:0,(anonymous_0)
FNDA:0,(anonymous_1)
FNDA:0,(anonymous_2)
FNDA:0,(anonymous_3)
FNDA:0,(anonymous_4)
FNDA:0,(anonymous_5)
FNDA:0,(anonymous_6)
FNDA:0,(anonymous_7)
FNDA:0,(anonymous_8)
FNDA:0,(anonymous_9)
FNDA:0,(anonymous_10)
FNDA:0,(anonymous_11)
FNDA:0,(anonymous_12)
FNDA:0,(anonymous_13)
FNDA:0,(anonymous_14)
FNDA:0,(anonymous_15)
FNDA:0,(anonymous_16)
FNDA:0,(anonymous_17)
DA:7,0
DA:8,0
DA:30,0
DA:39,0
DA:40,0
DA:41,0
DA:42,0
DA:43,0
DA:45,0
DA:46,0
DA:47,0
DA:50,0
DA:53,0
DA:54,0
DA:58,0
DA:60,0
DA:63,0
DA:64,0
DA:67,0
DA:68,0
DA:71,0
DA:72,0
DA:73,0
DA:75,0
DA:77,0
DA:78,0
DA:79,0
DA:80,0
DA:84,0
DA:85,0
DA:86,0
DA:87,0
DA:88,0
DA:89,0
DA:92,0
DA:93,0
DA:94,0
DA:95,0
DA:96,0
DA:97,0
DA:98,0
DA:102,0
DA:103,0
DA:104,0
DA:106,0
DA:107,0
DA:108,0
DA:109,0
DA:110,0
DA:115,0
DA:116,0
DA:118,0
DA:121,0
DA:127,0
DA:128,0
DA:129,0
DA:131,0
DA:132,0
DA:133,0
DA:134,0
DA:135,0
DA:139,0
DA:142,0
DA:143,0
DA:144,0
DA:145,0
DA:147,0
DA:148,0
DA:149,0
DA:150,0
DA:157,0
DA:158,0
DA:162,0
DA:163,0
DA:164,0
DA:165,0
DA:167,0
DA:168,0
DA:171,0
DA:172,0
DA:174,0
DA:176,0
DA:177,0
DA:178,0
DA:180,0
DA:181,0
DA:182,0
DA:184,0
DA:185,0
DA:186,0
DA:190,0
DA:191,0
DA:192,0
DA:193,0
DA:195,0
DA:196,0
DA:197,0
DA:198,0
DA:201,0
DA:202,0
DA:203,0
DA:204,0
DA:205,0
DA:211,0
DA:212,0
DA:213,0
DA:214,0
DA:217,0
DA:218,0
DA:219,0
DA:220,0
DA:221,0
DA:222,0
DA:223,0
DA:224,0
DA:228,0
DA:229,0
DA:230,0
DA:231,0
DA:232,0
DA:233,0
DA:234,0
DA:235,0
DA:236,0
DA:240,0
DA:241,0
DA:242,0
DA:243,0
DA:244,0
DA:246,0
DA:247,0
DA:254,0
DA:255,0
DA:256,0
DA:258,0
DA:259,0
DA:261,0
DA:262,0
DA:263,0
DA:267,0
DA:268,0
DA:269,0
DA:270,0
DA:272,0
DA:275,0
DA:276,0
DA:277,0
DA:278,0
DA:281,0
DA:283,0
DA:284,0
DA:285,0
DA:291,0
DA:292,0
DA:296,0
DA:297,0
DA:298,0
DA:301,0
DA:351,0
LF:159
LH:0
BRDA:33,0,0,0
BRDA:34,1,0,0
BRDA:36,2,0,0
BRDA:37,3,0,0
BRDA:75,4,0,0
BRDA:109,5,0,0
BRDA:109,5,1,0
BRDA:116,6,0,0
BRDA:174,7,0,0
BRDA:174,7,1,0
BRDA:174,7,2,0
BRDA:193,8,0,0
BRDA:193,8,1,0
BRDA:195,9,0,0
BRDA:195,10,0,0
BRDA:195,10,1,0
BRDA:195,10,2,0
BRDA:217,11,0,0
BRDA:228,12,0,0
BRDA:240,13,0,0
BRDA:246,14,0,0
BRDA:256,15,0,0
BRDA:259,16,0,0
BRDA:268,17,0,0
BRDA:269,18,0,0
BRDA:284,19,0,0
BRDA:314,20,0,0
BRDA:314,20,1,0
BRDA:319,21,0,0
BRDA:319,21,1,0
BRDA:341,22,0,0
BRDA:341,22,1,0
BRDA:344,23,0,0
BRDA:344,23,1,0
BRF:34
BRH:0
end_of_record
TN:
SF:src/components/LBS/RewardHistory.tsx
FN:49,(anonymous_0)
FN:70,(anonymous_1)
FN:107,(anonymous_2)
FN:128,(anonymous_3)
FN:139,(anonymous_4)
FN:163,(anonymous_5)
FN:174,(anonymous_6)
FN:175,(anonymous_7)
FN:180,(anonymous_8)
FN:190,(anonymous_9)
FN:194,(anonymous_10)
FN:204,(anonymous_11)
FN:222,(anonymous_12)
FN:253,(anonymous_13)
FN:268,(anonymous_14)
FN:283,(anonymous_15)
FN:298,(anonymous_16)
FN:312,(anonymous_17)
FN:347,(anonymous_18)
FN:351,(anonymous_19)
FN:408,(anonymous_20)
FN:408,(anonymous_21)
FN:415,(anonymous_22)
FN:415,(anonymous_23)
FNF:24
FNH:0
FNDA:0,(anonymous_0)
FNDA:0,(anonymous_1)
FNDA:0,(anonymous_2)
FNDA:0,(anonymous_3)
FNDA:0,(anonymous_4)
FNDA:0,(anonymous_5)
FNDA:0,(anonymous_6)
FNDA:0,(anonymous_7)
FNDA:0,(anonymous_8)
FNDA:0,(anonymous_9)
FNDA:0,(anonymous_10)
FNDA:0,(anonymous_11)
FNDA:0,(anonymous_12)
FNDA:0,(anonymous_13)
FNDA:0,(anonymous_14)
FNDA:0,(anonymous_15)
FNDA:0,(anonymous_16)
FNDA:0,(anonymous_17)
FNDA:0,(anonymous_18)
FNDA:0,(anonymous_19)
FNDA:0,(anonymous_20)
FNDA:0,(anonymous_21)
FNDA:0,(anonymous_22)
FNDA:0,(anonymous_23)
DA:7,0
DA:8,0
DA:49,0
DA:52,0
DA:53,0
DA:54,0
DA:55,0
DA:56,0
DA:57,0
DA:58,0
DA:64,0
DA:65,0
DA:67,0
DA:70,0
DA:71,0
DA:72,0
DA:73,0
DA:75,0
DA:84,0
DA:91,0
DA:92,0
DA:95,0
DA:96,0
DA:97,0
DA:99,0
DA:100,0
DA:102,0
DA:107,0
DA:108,0
DA:109,0
DA:116,0
DA:117,0
DA:120,0
DA:121,0
DA:123,0
DA:128,0
DA:129,0
DA:135,0
DA:139,0
DA:140,0
DA:141,0
DA:142,0
DA:143,0
DA:144,0
DA:146,0
DA:147,0
DA:148,0
DA:149,0
DA:150,0
DA:151,0
DA:152,0
DA:154,0
DA:163,0
DA:164,0
DA:170,0
DA:174,0
DA:175,0
DA:176,0
DA:180,0
DA:181,0
DA:187,0
DA:190,0
DA:191,0
DA:194,0
DA:195,0
DA:198,0
DA:199,0
DA:205,0
DA:213,0
DA:222,0
DA:254,0
DA:268,0
DA:283,0
DA:298,0
DA:312,0
DA:348,0
DA:408,0
DA:415,0
DA:438,0
LF:79
LH:0
BRDA:50,0,0,0
BRDA:78,1,0,0
BRDA:78,1,1,0
BRDA:79,2,0,0
BRDA:79,2,1,0
BRDA:91,3,0,0
BRDA:96,4,0,0
BRDA:96,4,1,0
BRDA:97,5,0,0
BRDA:97,5,1,0
BRDA:100,6,0,0
BRDA:100,6,1,0
BRDA:116,7,0,0
BRDA:135,8,0,0
BRDA:135,8,1,0
BRDA:146,9,0,0
BRDA:146,9,1,0
BRDA:149,10,0,0
BRDA:149,10,1,0
BRDA:151,11,0,0
BRDA:151,11,1,0
BRDA:170,12,0,0
BRDA:170,12,1,0
BRDA:198,13,0,0
BRDA:198,14,0,0
BRDA:198,14,1,0
BRDA:216,15,0,0
BRDA:216,15,1,0
BRDA:273,16,0,0
BRDA:273,16,1,0
BRDA:277,17,0,0
BRDA:277,17,1,0
BRDA:334,18,0,0
BRDA:334,18,1,0
BRDA:340,19,0,0
BRDA:340,19,1,0
BRDA:340,20,0,0
BRDA:340,20,1,0
BRDA:372,21,0,0
BRDA:372,21,1,0
BRDA:378,22,0,0
BRDA:378,22,1,0
BRDA:389,23,0,0
BRDA:389,23,1,0
BRDA:400,24,0,0
BRDA:400,24,1,0
BRDA:426,25,0,0
BRDA:426,25,1,0
BRDA:426,25,2,0
BRF:49
BRH:0
end_of_record
TN:
SF:src/components/LBS/RewardNotification.tsx
FN:31,(anonymous_0)
FN:38,(anonymous_1)
FN:42,(anonymous_2)
FN:45,(anonymous_3)
FN:51,(anonymous_4)
FN:194,(anonymous_5)
FN:200,(anonymous_6)
FN:209,(anonymous_7)
FN:222,(anonymous_8)
FN:223,(anonymous_9)
FN:231,(anonymous_10)
FN:232,(anonymous_11)
FN:239,(anonymous_12)
FN:240,(anonymous_13)
FN:240,(anonymous_14)
FN:245,(anonymous_15)
FN:247,(anonymous_16)
FN:272,(anonymous_17)
FN:276,(anonymous_18)
FNF:19
FNH:0
FNDA:0,(anonymous_0)
FNDA:0,(anonymous_1)
FNDA:0,(anonymous_2)
FNDA:0,(anonymous_3)
FNDA:0,(anonymous_4)
FNDA:0,(anonymous_5)
FNDA:0,(anonymous_6)
FNDA:0,(anonymous_7)
FNDA:0,(anonymous_8)
FNDA:0,(anonymous_9)
FNDA:0,(anonymous_10)
FNDA:0,(anonymous_11)
FNDA:0,(anonymous_12)
FNDA:0,(anonymous_13)
FNDA:0,(anonymous_14)
FNDA:0,(anonymous_15)
FNDA:0,(anonymous_16)
FNDA:0,(anonymous_17)
FNDA:0,(anonymous_18)
DA:7,0
DA:8,0
DA:9,0
DA:31,0
DA:36,0
DA:38,0
DA:39,0
DA:40,0
DA:42,0
DA:43,0
DA:45,0
DA:48,0
DA:51,0
DA:52,0
DA:54,0
DA:62,0
DA:70,0
DA:78,0
DA:86,0
DA:96,0
DA:97,0
DA:99,0
DA:194,0
DA:195,0
DA:196,0
DA:197,0
DA:200,0
DA:201,0
DA:202,0
DA:203,0
DA:205,0
DA:208,0
DA:209,0
DA:212,0
DA:213,0
DA:222,0
DA:223,0
DA:227,0
DA:231,0
DA:232,0
DA:233,0
DA:234,0
DA:235,0
DA:239,0
DA:240,0
DA:245,0
DA:246,0
DA:247,0
DA:248,0
DA:252,0
DA:253,0
DA:256,0
DA:273,0
DA:276,0
DA:285,0
LF:55
LH:0
BRDA:39,0,0,0
BRDA:52,1,0,0
BRDA:52,1,1,0
BRDA:52,1,2,0
BRDA:52,1,3,0
BRDA:52,1,4,0
BRDA:103,2,0,0
BRDA:103,2,1,0
BRDA:103,3,0,0
BRDA:103,3,1,0
BRDA:148,4,0,0
BRDA:148,4,1,0
BRDA:155,5,0,0
BRDA:155,5,1,0
BRDA:162,6,0,0
BRDA:162,6,1,0
BRDA:169,7,0,0
BRDA:169,7,1,0
BRDA:185,8,0,0
BRDA:185,8,1,0
BRDA:186,9,0,0
BRDA:186,9,1,0
BRDA:201,10,0,0
BRDA:203,11,0,0
BRDA:212,12,0,0
BRDA:216,13,0,0
BRDA:216,13,1,0
BRDA:217,14,0,0
BRDA:217,14,1,0
BRDA:218,15,0,0
BRDA:218,15,1,0
BRDA:252,16,0,0
BRDA:259,17,0,0
BRDA:259,17,1,0
BRF:34
BRH:0
end_of_record
TN:
SF:src/components/Notifications/NotificationButton.tsx
FN:16,(anonymous_1)
FN:26,(anonymous_2)
FN:29,(anonymous_3)
FN:30,(anonymous_4)
FN:35,(anonymous_5)
FN:39,(anonymous_6)
FNF:6
FNH:0
FNDA:0,(anonymous_1)
FNDA:0,(anonymous_2)
FNDA:0,(anonymous_3)
FNDA:0,(anonymous_4)
FNDA:0,(anonymous_5)
FNDA:0,(anonymous_6)
DA:6,0
DA:7,0
DA:8,0
DA:9,0
DA:16,0
DA:20,0
DA:22,0
DA:23,0
DA:26,0
DA:27,0
DA:28,0
DA:29,0
DA:30,0
DA:32,0
DA:35,0
DA:36,0
DA:39,0
DA:40,0
DA:43,0
DA:94,0
LF:20
LH:0
BRDA:17,0,0,0
BRDA:18,1,0,0
BRDA:27,2,0,0
BRDA:48,3,0,0
BRDA:48,3,1,0
BRDA:54,4,0,0
BRDA:54,4,1,0
BRDA:56,5,0,0
BRDA:56,5,1,0
BRDA:63,6,0,0
BRDA:63,6,1,0
BRDA:65,7,0,0
BRDA:65,7,1,0
BRDA:67,8,0,0
BRDA:67,8,1,0
BRDA:73,9,0,0
BRDA:73,9,1,0
BRDA:78,10,0,0
BRDA:78,10,1,0
BRDA:81,11,0,0
BRDA:81,11,1,0
BRF:21
BRH:0
end_of_record
TN:
SF:src/components/Notifications/NotificationCenter.tsx
FN:17,(anonymous_1)
FN:34,(anonymous_2)
FN:41,(anonymous_3)
FN:53,(anonymous_4)
FN:69,(anonymous_5)
FN:114,(anonymous_6)
FN:132,(anonymous_7)
FN:145,(anonymous_8)
FN:148,(anonymous_9)
FN:199,(anonymous_10)
FN:226,(anonymous_11)
FN:233,(anonymous_12)
FN:295,(anonymous_13)
FN:307,(anonymous_14)
FN:327,(anonymous_15)
FN:330,(anonymous_16)
FN:348,(anonymous_17)
FN:352,(anonymous_18)
FNF:18
FNH:0
FNDA:0,(anonymous_1)
FNDA:0,(anonymous_2)
FNDA:0,(anonymous_3)
FNDA:0,(anonymous_4)
FNDA:0,(anonymous_5)
FNDA:0,(anonymous_6)
FNDA:0,(anonymous_7)
FNDA:0,(anonymous_8)
FNDA:0,(anonymous_9)
FNDA:0,(anonymous_10)
FNDA:0,(anonymous_11)
FNDA:0,(anonymous_12)
FNDA:0,(anonymous_13)
FNDA:0,(anonymous_14)
FNDA:0,(anonymous_15)
FNDA:0,(anonymous_16)
FNDA:0,(anonymous_17)
FNDA:0,(anonymous_18)
DA:6,0
DA:7,0
DA:8,0
DA:9,0
DA:10,0
DA:17,0
DA:28,0
DA:30,0
DA:31,0
DA:34,0
DA:35,0
DA:36,0
DA:37,0
DA:41,0
DA:42,0
DA:43,0
DA:45,0
DA:49,0
DA:50,0
DA:53,0
DA:54,0
DA:56,0
DA:58,0
DA:60,0
DA:62,0
DA:64,0
DA:69,0
DA:70,0
DA:72,0
DA:74,0
DA:76,0
DA:78,0
DA:80,0
DA:84,0
DA:86,0
DA:114,0
DA:132,0
DA:146,0
DA:148,0
DA:200,0
DA:226,0
DA:233,0
DA:234,0
DA:235,0
DA:239,0
DA:296,0
DA:297,0
DA:308,0
DA:309,0
DA:327,0
DA:328,0
DA:330,0
DA:331,0
DA:334,0
DA:349,0
DA:352,0
DA:374,0
LF:57
LH:0
BRDA:35,0,0,0
BRDA:36,1,0,0
BRDA:42,2,0,0
BRDA:42,2,1,0
BRDA:54,3,0,0
BRDA:54,3,1,0
BRDA:54,3,2,0
BRDA:54,3,3,0
BRDA:54,3,4,0
BRDA:70,4,0,0
BRDA:70,4,1,0
BRDA:70,4,2,0
BRDA:70,4,3,0
BRDA:70,4,4,0
BRDA:84,5,0,0
BRDA:98,6,0,0
BRDA:98,6,1,0
BRDA:131,7,0,0
BRDA:131,7,1,0
BRDA:150,8,0,0
BRDA:150,8,1,0
BRDA:156,9,0,0
BRDA:156,9,1,0
BRDA:156,9,2,0
BRDA:165,10,0,0
BRDA:165,10,1,0
BRDA:190,11,0,0
BRDA:190,11,1,0
BRDA:194,12,0,0
BRDA:194,12,1,0
BRDA:234,13,0,0
BRDA:244,14,0,0
BRDA:244,14,1,0
BRDA:255,15,0,0
BRDA:255,15,1,0
BRDA:259,16,0,0
BRDA:259,16,1,0
BRDA:265,17,0,0
BRDA:265,17,1,0
BRDA:278,18,0,0
BRDA:278,18,1,0
BRDA:278,18,2,0
BRDA:281,19,0,0
BRDA:281,19,1,0
BRDA:282,20,0,0
BRDA:282,20,1,0
BRDA:283,21,0,0
BRDA:283,21,1,0
BRDA:293,22,0,0
BRDA:293,22,1,0
BRDA:354,23,0,0
BRDA:354,23,1,0
BRDA:361,24,0,0
BRDA:361,24,1,0
BRF:54
BRH:0
end_of_record
TN:
SF:src/components/ui/badge.tsx
FN:35,Badge
FNF:1
FNH:0
FNDA:0,Badge
DA:2,0
DA:3,0
DA:5,0
DA:36,0
DA:41,0
LF:5
LH:0
BRF:0
BRH:0
end_of_record
TN:
SF:src/components/ui/button.tsx
FN:42,(anonymous_9)
FNF:1
FNH:0
FNDA:0,(anonymous_9)
DA:1,0
DA:2,0
DA:3,0
DA:4,0
DA:6,0
DA:41,0
DA:43,0
DA:44,0
DA:53,0
DA:55,0
LF:10
LH:0
BRDA:42,0,0,0
BRDA:43,1,0,0
BRDA:43,1,1,0
BRF:3
BRH:0
end_of_record
TN:
SF:src/components/ui/card.tsx
FN:7,(anonymous_9)
FN:22,(anonymous_10)
FN:34,(anonymous_11)
FN:49,(anonymous_12)
FN:61,(anonymous_13)
FN:69,(anonymous_14)
FNF:6
FNH:0
FNDA:0,(anonymous_9)
FNDA:0,(anonymous_10)
FNDA:0,(anonymous_11)
FNDA:0,(anonymous_12)
FNDA:0,(anonymous_13)
FNDA:0,(anonymous_14)
DA:1,0
DA:2,0
DA:4,0
DA:8,0
DA:17,0
DA:19,0
DA:23,0
DA:29,0
DA:31,0
DA:35,0
DA:44,0
DA:46,0
DA:50,0
DA:56,0
DA:58,0
DA:62,0
DA:64,0
DA:66,0
DA:70,0
DA:76,0
DA:78,0
LF:21
LH:0
BRF:0
BRH:0
end_of_record
TN:
SF:src/components/ui/input.tsx
FN:8,(anonymous_9)
FNF:1
FNH:0
FNDA:0,(anonymous_9)
DA:1,0
DA:2,0
DA:7,0
DA:9,0
DA:22,0
DA:24,0
LF:6
LH:0
BRF:0
BRH:0
end_of_record
TN:
SF:src/components/ui/progress.tsx
FN:8,(anonymous_9)
FNF:1
FNH:0
FNDA:0,(anonymous_9)
DA:1,0
DA:2,0
DA:3,0
DA:5,0
DA:9,0
DA:23,0
DA:25,0
LF:7
LH:0
BRDA:19,0,0,0
BRDA:19,0,1,0
BRF:2
BRH:0
end_of_record
TN:
SF:src/components/ui/select.tsx
FN:15,(anonymous_9)
FN:35,(anonymous_10)
FN:52,(anonymous_11)
FN:70,(anonymous_12)
FN:102,(anonymous_13)
FN:114,(anonymous_14)
FN:137,(anonymous_15)
FNF:7
FNH:0
FNDA:0,(anonymous_9)
FNDA:0,(anonymous_10)
FNDA:0,(anonymous_11)
FNDA:0,(anonymous_12)
FNDA:0,(anonymous_13)
FNDA:0,(anonymous_14)
FNDA:0,(anonymous_15)
DA:1,0
DA:2,0
DA:3,0
DA:4,0
DA:6,0
DA:8,0
DA:10,0
DA:12,0
DA:16,0
DA:30,0
DA:32,0
DA:36,0
DA:47,0
DA:49,0
DA:53,0
DA:64,0
DA:67,0
DA:71,0
DA:97,0
DA:99,0
DA:103,0
DA:109,0
DA:111,0
DA:115,0
DA:132,0
DA:134,0
DA:138,0
DA:144,0
DA:147,0
DA:148,0
DA:149,0
DA:150,0
DA:151,0
DA:152,0
DA:153,0
DA:154,0
DA:155,0
DA:156,0
LF:38
LH:0
BRDA:70,0,0,0
BRDA:76,1,0,0
BRDA:76,1,1,0
BRDA:87,2,0,0
BRDA:87,2,1,0
BRF:5
BRH:0
end_of_record
TN:
SF:src/components/ui/skeleton.tsx
FN:3,Skeleton
FNF:1
FNH:0
FNDA:0,Skeleton
DA:1,0
DA:7,0
DA:15,0
LF:3
LH:0
BRF:0
BRH:0
end_of_record
TN:
SF:src/components/ui/tabs.tsx
FN:10,(anonymous_9)
FN:25,(anonymous_10)
FN:40,(anonymous_11)
FNF:3
FNH:0
FNDA:0,(anonymous_9)
FNDA:0,(anonymous_10)
FNDA:0,(anonymous_11)
DA:1,0
DA:2,0
DA:3,0
DA:5,0
DA:7,0
DA:11,0
DA:20,0
DA:22,0
DA:26,0
DA:35,0
DA:37,0
DA:41,0
DA:50,0
DA:52,0
LF:14
LH:0
BRF:0
BRH:0
end_of_record
TN:
SF:src/utils/cryptoUtils.ts
FN:9,hashPassword
FN:17,verifyPassword
FN:29,generateSalt
FN:36,encryptData
FN:55,decryptData
FN:78,generateApiKey
FN:85,generateSecureToken
FN:95,validateApiKey
FN:105,createHMAC
FN:115,verifyHMAC
FN:129,generateKeyPair
FN:148,encryptWithPublicKey
FN:156,decryptWithPrivateKey
FNF:13
FNH:13
FNDA:18,hashPassword
FNDA:5,verifyPassword
FNDA:15,generateSalt
FNDA:11,encryptData
FNDA:11,decryptData
FNDA:14,generateApiKey
FNDA:14,generateSecureToken
FNDA:8,validateApiKey
FNDA:16,createHMAC
FNDA:8,verifyHMAC
FNDA:12,generateKeyPair
FNDA:7,encryptWithPublicKey
FNDA:6,decryptWithPrivateKey
DA:1,1
DA:2,1
DA:4,1
DA:9,1
DA:10,18
DA:11,18
DA:17,1
DA:22,5
DA:23,5
DA:29,1
DA:30,15
DA:36,1
DA:37,11
DA:38,1
DA:41,10
DA:42,10
DA:44,10
DA:46,10
DA:47,10
DA:49,10
DA:55,1
DA:56,11
DA:57,1
DA:60,10
DA:61,10
DA:63,10
DA:64,0
DA:67,10
DA:69,10
DA:70,10
DA:72,8
DA:78,1
DA:79,14
DA:85,1
DA:86,14
DA:95,1
DA:96,8
DA:97,3
DA:99,5
DA:105,1
DA:106,16
DA:107,2
DA:109,14
DA:115,1
DA:116,8
DA:117,1
DA:119,7
DA:120,7
DA:129,1
DA:130,12
DA:142,12
DA:148,1
DA:149,7
DA:150,6
DA:156,1
DA:157,6
DA:158,4
LF:57
LH:56
BRDA:29,0,0,14
BRDA:37,1,0,1
BRDA:56,2,0,1
BRDA:63,3,0,0
BRDA:63,4,0,10
BRDA:63,4,1,10
BRDA:78,5,0,13
BRDA:85,6,0,12
BRDA:96,7,0,3
BRDA:96,8,0,8
BRDA:96,8,1,5
BRDA:99,9,0,5
BRDA:99,9,1,3
BRDA:105,10,0,7
BRDA:106,11,0,2
BRDA:106,12,0,16
BRDA:106,12,1,14
BRDA:115,13,0,6
BRDA:116,14,0,1
BRDA:116,15,0,8
BRDA:116,15,1,8
BRDA:116,15,2,8
BRDA:129,16,0,11
BRF:23
BRH:22
end_of_record
TN:
SF:src/utils/geoUtils.ts
FN:40,calculateDistance
FN:71,isPointInPolygon
FN:109,generateGeofence
FN:159,validateCoordinates
FN:181,formatCoordinates
FN:191,getLocationAccuracy
FN:228,calculateBearing
FN:254,getLocationFromAddress
FN:297,isValidGPSAccuracy
FN:308,toRadians
FN:312,toDegrees
FN:323,getPointAtDistance
FNF:12
FNH:12
FNDA:24,calculateDistance
FNDA:7,isPointInPolygon
FNDA:7,generateGeofence
FNDA:70,validateCoordinates
FNDA:5,formatCoordinates
FNDA:5,getLocationAccuracy
FNDA:5,calculateBearing
FNDA:5,getLocationFromAddress
FNDA:15,isValidGPSAccuracy
FNDA:276,toRadians
FNDA:180,toDegrees
FNDA:60,getPointAtDistance
DA:1,1
DA:31,1
DA:32,1
DA:40,1
DA:42,24
DA:43,2
DA:47,22
DA:48,1
DA:51,21
DA:52,21
DA:53,21
DA:54,21
DA:56,21
DA:60,21
DA:62,21
DA:71,1
DA:72,7
DA:73,1
DA:76,6
DA:77,6
DA:78,6
DA:80,6
DA:81,40
DA:82,40
DA:84,40
DA:85,0
DA:88,40
DA:89,40
DA:90,40
DA:91,40
DA:93,40
DA:94,4
DA:98,6
DA:109,1
DA:115,7
DA:116,2
DA:119,5
DA:120,0
DA:123,5
DA:125,5
DA:127,4
DA:128,56
DA:129,56
DA:130,56
DA:132,1
DA:134,1
DA:135,1
DA:137,1
DA:145,5
DA:159,1
DA:160,70
DA:181,1
DA:182,5
DA:191,1
DA:196,5
DA:197,3
DA:198,2
DA:199,2
DA:200,1
DA:201,1
DA:202,1
DA:204,0
DA:205,0
DA:207,2
DA:208,1
DA:209,1
DA:211,1
DA:212,1
DA:215,5
DA:228,1
DA:229,5
DA:230,1
DA:233,4
DA:234,4
DA:235,4
DA:237,4
DA:238,4
DA:241,4
DA:244,4
DA:246,4
DA:254,1
DA:255,5
DA:256,2
DA:259,3
DA:263,3
DA:264,3
DA:266,0
DA:267,0
DA:270,0
DA:272,0
DA:273,0
DA:276,0
DA:284,3
DA:285,3
DA:287,0
DA:297,1
DA:298,15
DA:309,276
DA:313,180
DA:324,60
DA:325,60
DA:326,60
DA:328,60
DA:333,60
DA:338,60
LF:105
LH:94
BRDA:42,0,0,2
BRDA:42,1,0,24
BRDA:42,1,1,23
BRDA:47,2,0,1
BRDA:47,3,0,22
BRDA:47,3,1,2
BRDA:72,4,0,1
BRDA:84,5,0,0
BRDA:84,6,0,40
BRDA:84,6,1,40
BRDA:93,7,0,4
BRDA:93,8,0,40
BRDA:93,8,1,10
BRDA:113,9,0,6
BRDA:115,10,0,2
BRDA:119,11,0,0
BRDA:125,12,0,4
BRDA:125,12,1,1
BRDA:132,13,0,1
BRDA:161,14,0,70
BRDA:161,14,1,70
BRDA:161,14,2,70
BRDA:161,14,3,69
BRDA:161,14,4,68
BRDA:161,14,5,67
BRDA:161,14,6,66
BRDA:161,14,7,65
BRDA:161,14,8,61
BRDA:161,14,9,60
BRDA:181,15,0,4
BRDA:196,16,0,3
BRDA:196,16,1,2
BRDA:197,17,0,2
BRDA:197,17,1,1
BRDA:200,18,0,1
BRDA:200,18,1,0
BRDA:207,19,0,1
BRDA:207,19,1,1
BRDA:229,20,0,1
BRDA:229,21,0,5
BRDA:229,21,1,3
BRDA:255,22,0,2
BRDA:255,23,0,5
BRDA:255,23,1,4
BRDA:266,24,0,0
BRDA:266,25,0,0
BRDA:266,25,1,0
BRDA:272,26,0,0
BRDA:272,27,0,0
BRDA:272,27,1,0
BRDA:272,27,2,0
BRDA:279,28,0,0
BRDA:279,28,1,0
BRDA:284,29,0,3
BRDA:297,30,0,13
BRDA:299,31,0,15
BRDA:299,31,1,15
BRDA:299,31,2,14
BRDA:299,31,3,12
BRDA:299,31,4,11
BRF:60
BRH:48
end_of_record
TN:
SF:src/utils/gracefulShutdown.ts
FN:15,(anonymous_0)
FN:23,(anonymous_1)
FN:30,(anonymous_2)
FN:32,(anonymous_3)
FN:38,(anonymous_4)
FN:44,(anonymous_5)
FN:50,(anonymous_6)
FN:59,(anonymous_7)
FN:69,(anonymous_8)
FN:77,(anonymous_9)
FN:78,(anonymous_10)
FN:131,(anonymous_11)
FN:132,(anonymous_12)
FN:134,(anonymous_13)
FN:144,(anonymous_14)
FN:152,gracefulShutdown
FNF:16
FNH:0
FNDA:0,(anonymous_0)
FNDA:0,(anonymous_1)
FNDA:0,(anonymous_2)
FNDA:0,(anonymous_3)
FNDA:0,(anonymous_4)
FNDA:0,(anonymous_5)
FNDA:0,(anonymous_6)
FNDA:0,(anonymous_7)
FNDA:0,(anonymous_8)
FNDA:0,(anonymous_9)
FNDA:0,(anonymous_10)
FNDA:0,(anonymous_11)
FNDA:0,(anonymous_12)
FNDA:0,(anonymous_13)
FNDA:0,(anonymous_14)
FNDA:0,gracefulShutdown
DA:1,0
DA:2,0
DA:3,0
DA:9,0
DA:10,0
DA:12,0
DA:13,0
DA:16,0
DA:17,0
DA:24,0
DA:32,0
DA:33,0
DA:34,0
DA:38,0
DA:39,0
DA:40,0
DA:44,0
DA:45,0
DA:46,0
DA:50,0
DA:51,0
DA:52,0
DA:60,0
DA:61,0
DA:62,0
DA:65,0
DA:66,0
DA:69,0
DA:70,0
DA:71,0
DA:74,0
DA:76,0
DA:77,0
DA:78,0
DA:79,0
DA:80,0
DA:81,0
DA:83,0
DA:84,0
DA:91,0
DA:92,0
DA:93,0
DA:95,0
DA:99,0
DA:100,0
DA:101,0
DA:103,0
DA:107,0
DA:108,0
DA:109,0
DA:111,0
DA:116,0
DA:118,0
DA:119,0
DA:120,0
DA:122,0
DA:123,0
DA:124,0
DA:132,0
DA:134,0
DA:135,0
DA:136,0
DA:145,0
DA:152,0
DA:153,0
DA:154,0
DA:155,0
DA:157,0
DA:163,0
LF:69
LH:0
BRDA:60,0,0,0
BRDA:76,1,0,0
BRDA:79,2,0,0
BRDA:79,2,1,0
BRDA:154,3,0,0
BRF:5
BRH:0
end_of_record
TN:
SF:src/utils/logger.ts
FN:9,(anonymous_0)
FN:19,(anonymous_1)
FN:23,(anonymous_2)
FN:38,(anonymous_3)
FN:44,(anonymous_4)
FN:65,(anonymous_5)
FN:69,(anonymous_6)
FN:73,(anonymous_7)
FN:77,(anonymous_8)
FNF:9
FNH:3
FNDA:1,(anonymous_0)
FNDA:1,(anonymous_1)
FNDA:1,(anonymous_2)
FNDA:0,(anonymous_3)
FNDA:0,(anonymous_4)
FNDA:0,(anonymous_5)
FNDA:0,(anonymous_6)
FNDA:0,(anonymous_7)
FNDA:0,(anonymous_8)
DA:6,1
DA:9,1
DA:10,1
DA:11,1
DA:12,1
DA:13,1
DA:20,1
DA:24,1
DA:26,0
DA:28,0
DA:30,1
DA:32,0
DA:34,0
DA:39,0
DA:40,0
DA:41,0
DA:45,0
DA:46,0
DA:48,0
DA:50,0
DA:51,0
DA:53,0
DA:54,0
DA:56,0
DA:57,0
DA:59,0
DA:60,0
DA:66,0
DA:70,0
DA:74,0
DA:78,0
DA:82,1
DA:83,1
LF:33
LH:11
BRDA:9,0,0,1
BRDA:9,0,1,1
BRDA:24,1,0,0
BRDA:24,1,1,0
BRDA:24,1,2,1
BRDA:24,1,3,0
BRDA:24,1,4,0
BRDA:40,2,0,0
BRDA:40,2,1,0
BRDA:45,3,0,0
BRDA:48,4,0,0
BRDA:48,4,1,0
BRDA:48,4,2,0
BRDA:48,4,3,0
BRF:14
BRH:3
end_of_record
TN:
SF:src/utils/redis-mock.ts
FN:21,(anonymous_0)
FN:25,(anonymous_1)
FN:39,(anonymous_2)
FN:47,(anonymous_3)
FN:53,(anonymous_4)
FN:67,(anonymous_5)
FN:74,(anonymous_6)
FN:89,(anonymous_7)
FN:95,(anonymous_8)
FN:100,(anonymous_9)
FN:105,(anonymous_10)
FN:114,(anonymous_11)
FN:122,(anonymous_12)
FN:130,(anonymous_13)
FN:140,(anonymous_14)
FN:153,(anonymous_15)
FN:166,(anonymous_16)
FNF:17
FNH:0
FNDA:0,(anonymous_0)
FNDA:0,(anonymous_1)
FNDA:0,(anonymous_2)
FNDA:0,(anonymous_3)
FNDA:0,(anonymous_4)
FNDA:0,(anonymous_5)
FNDA:0,(anonymous_6)
FNDA:0,(anonymous_7)
FNDA:0,(anonymous_8)
FNDA:0,(anonymous_9)
FNDA:0,(anonymous_10)
FNDA:0,(anonymous_11)
FNDA:0,(anonymous_12)
FNDA:0,(anonymous_13)
FNDA:0,(anonymous_14)
FNDA:0,(anonymous_15)
FNDA:0,(anonymous_16)
DA:22,0
DA:23,0
DA:26,0
DA:27,0
DA:28,0
DA:31,0
DA:32,0
DA:33,0
DA:36,0
DA:40,0
DA:41,0
DA:42,0
DA:44,0
DA:48,0
DA:49,0
DA:50,0
DA:54,0
DA:55,0
DA:56,0
DA:59,0
DA:60,0
DA:61,0
DA:64,0
DA:68,0
DA:69,0
DA:71,0
DA:75,0
DA:82,0
DA:83,0
DA:86,0
DA:90,0
DA:91,0
DA:96,0
DA:101,0
DA:106,0
DA:107,0
DA:108,0
DA:109,0
DA:115,0
DA:116,0
DA:117,0
DA:118,0
DA:119,0
DA:123,0
DA:124,0
DA:125,0
DA:126,0
DA:127,0
DA:131,0
DA:132,0
DA:133,0
DA:135,0
DA:136,0
DA:137,0
DA:141,0
DA:142,0
DA:143,0
DA:145,0
DA:146,0
DA:149,0
DA:150,0
DA:154,0
DA:155,0
DA:156,0
DA:161,0
DA:164,0
DA:165,0
DA:166,0
DA:167,0
DA:169,0
DA:170,0
DA:171,0
DA:175,0
DA:176,0
LF:74
LH:0
BRDA:27,0,0,0
BRDA:31,1,0,0
BRDA:31,2,0,0
BRDA:31,2,1,0
BRDA:41,3,0,0
BRDA:50,4,0,0
BRDA:50,4,1,0
BRDA:55,5,0,0
BRDA:59,6,0,0
BRDA:59,7,0,0
BRDA:59,7,1,0
BRDA:68,8,0,0
BRDA:82,9,0,0
BRDA:82,10,0,0
BRDA:82,10,1,0
BRDA:108,11,0,0
BRDA:108,12,0,0
BRDA:108,12,1,0
BRDA:116,13,0,0
BRDA:116,13,1,0
BRDA:124,14,0,0
BRDA:124,14,1,0
BRDA:132,15,0,0
BRDA:142,16,0,0
BRDA:145,17,0,0
BRDA:150,18,0,0
BRDA:150,18,1,0
BRDA:164,19,0,0
BRDA:164,19,1,0
BRDA:165,20,0,0
BRDA:170,21,0,0
BRF:31
BRH:0
end_of_record
