TN:
SF:src/components/LBS/AdvancedLBSComponents.tsx
FN:68,(anonymous_1)
FN:89,(anonymous_2)
FN:90,(anonymous_3)
FN:103,(anonymous_4)
FN:107,(anonymous_5)
FN:123,(anonymous_6)
FN:137,(anonymous_7)
FN:148,(anonymous_8)
FN:156,(anonymous_9)
FN:179,(anonymous_10)
FN:184,(anonymous_11)
FN:192,(anonymous_12)
FN:197,(anonymous_13)
FN:203,(anonymous_14)
FN:204,(anonymous_15)
FN:205,(anonymous_16)
FN:211,(anonymous_17)
FN:252,(anonymous_18)
FN:357,(anonymous_19)
FN:371,(anonymous_20)
FNF:20
FNH:0
FNDA:0,(anonymous_1)
FNDA:0,(anonymous_2)
FNDA:0,(anonymous_3)
FNDA:0,(anonymous_4)
FNDA:0,(anonymous_5)
FNDA:0,(anonymous_6)
FNDA:0,(anonymous_7)
FNDA:0,(anonymous_8)
FNDA:0,(anonymous_9)
FNDA:0,(anonymous_10)
FNDA:0,(anonymous_11)
FNDA:0,(anonymous_12)
FNDA:0,(anonymous_13)
FNDA:0,(anonymous_14)
FNDA:0,(anonymous_15)
FNDA:0,(anonymous_16)
FNDA:0,(anonymous_17)
FNDA:0,(anonymous_18)
FNDA:0,(anonymous_19)
FNDA:0,(anonymous_20)
DA:7,0
DA:8,0
DA:9,0
DA:10,0
DA:11,0
DA:12,0
DA:14,0
DA:15,0
DA:16,0
DA:68,0
DA:75,0
DA:76,0
DA:77,0
DA:78,0
DA:79,0
DA:80,0
DA:81,0
DA:82,0
DA:89,0
DA:90,0
DA:91,0
DA:92,0
DA:94,0
DA:103,0
DA:107,0
DA:108,0
DA:109,0
DA:110,0
DA:111,0
DA:112,0
DA:114,0
DA:117,0
DA:119,0
DA:123,0
DA:124,0
DA:125,0
DA:126,0
DA:128,0
DA:129,0
DA:132,0
DA:133,0
DA:137,0
DA:138,0
DA:139,0
DA:142,0
DA:143,0
DA:148,0
DA:149,0
DA:152,0
DA:156,0
DA:157,0
DA:160,0
DA:163,0
DA:168,0
DA:171,0
DA:179,0
DA:181,0
DA:184,0
DA:192,0
DA:193,0
DA:197,0
DA:198,0
DA:199,0
DA:203,0
DA:204,0
DA:205,0
DA:211,0
DA:214,0
DA:252,0
DA:357,0
DA:371,0
DA:444,0
LF:72
LH:0
BRDA:73,0,0,0
BRDA:142,1,0,0
BRDA:142,2,0,0
BRDA:142,2,1,0
BRDA:187,3,0,0
BRDA:187,3,1,0
BRDA:207,4,0,0
BRDA:207,4,1,0
BRDA:232,5,0,0
BRDA:232,5,1,0
BRDA:236,6,0,0
BRDA:236,6,1,0
BRDA:275,7,0,0
BRDA:275,7,1,0
BRDA:288,8,0,0
BRDA:288,8,1,0
BRDA:292,9,0,0
BRDA:292,9,1,0
BRDA:295,10,0,0
BRDA:295,10,1,0
BRDA:396,11,0,0
BRDA:396,11,1,0
BRF:22
BRH:0
end_of_record
TN:
SF:src/components/LBS/DistanceIndicator.tsx
FN:45,(anonymous_0)
FN:61,(anonymous_1)
FN:77,(anonymous_2)
FN:91,(anonymous_3)
FN:103,(anonymous_4)
FN:109,(anonymous_5)
FN:115,(anonymous_6)
FN:124,(anonymous_7)
FN:135,(anonymous_8)
FN:139,(anonymous_9)
FN:148,(anonymous_10)
FN:153,(anonymous_11)
FN:160,(anonymous_12)
FN:170,(anonymous_13)
FN:173,(anonymous_14)
FN:193,(anonymous_15)
FN:195,(anonymous_16)
FN:203,(anonymous_17)
FN:209,(anonymous_18)
FN:228,(anonymous_19)
FN:234,(anonymous_20)
FN:318,(anonymous_21)
FN:327,(anonymous_22)
FNF:23
FNH:0
FNDA:0,(anonymous_0)
FNDA:0,(anonymous_1)
FNDA:0,(anonymous_2)
FNDA:0,(anonymous_3)
FNDA:0,(anonymous_4)
FNDA:0,(anonymous_5)
FNDA:0,(anonymous_6)
FNDA:0,(anonymous_7)
FNDA:0,(anonymous_8)
FNDA:0,(anonymous_9)
FNDA:0,(anonymous_10)
FNDA:0,(anonymous_11)
FNDA:0,(anonymous_12)
FNDA:0,(anonymous_13)
FNDA:0,(anonymous_14)
FNDA:0,(anonymous_15)
FNDA:0,(anonymous_16)
FNDA:0,(anonymous_17)
FNDA:0,(anonymous_18)
FNDA:0,(anonymous_19)
FNDA:0,(anonymous_20)
FNDA:0,(anonymous_21)
FNDA:0,(anonymous_22)
DA:7,0
DA:8,0
DA:45,0
DA:55,0
DA:56,0
DA:57,0
DA:58,0
DA:61,0
DA:62,0
DA:63,0
DA:64,0
DA:65,0
DA:66,0
DA:68,0
DA:71,0
DA:73,0
DA:77,0
DA:78,0
DA:79,0
DA:80,0
DA:82,0
DA:83,0
DA:86,0
DA:87,0
DA:91,0
DA:92,0
DA:98,0
DA:99,0
DA:103,0
DA:104,0
DA:105,0
DA:109,0
DA:110,0
DA:111,0
DA:115,0
DA:116,0
DA:117,0
DA:119,0
DA:124,0
DA:125,0
DA:126,0
DA:128,0
DA:129,0
DA:130,0
DA:135,0
DA:136,0
DA:137,0
DA:139,0
DA:140,0
DA:141,0
DA:146,0
DA:147,0
DA:149,0
DA:150,0
DA:154,0
DA:157,0
DA:160,0
DA:161,0
DA:164,0
DA:165,0
DA:170,0
DA:171,0
DA:173,0
DA:174,0
DA:175,0
DA:176,0
DA:177,0
DA:178,0
DA:180,0
DA:189,0
DA:193,0
DA:194,0
DA:195,0
DA:196,0
DA:198,0
DA:203,0
DA:204,0
DA:205,0
DA:209,0
DA:210,0
DA:211,0
DA:213,0
DA:215,0
DA:217,0
DA:219,0
DA:221,0
DA:223,0
DA:228,0
DA:229,0
DA:230,0
DA:234,0
DA:235,0
DA:238,0
DA:319,0
DA:320,0
DA:322,0
DA:324,0
DA:327,0
DA:401,0
LF:99
LH:0
BRDA:49,0,0,0
BRDA:51,1,0,0
BRDA:52,2,0,0
BRDA:53,3,0,0
BRDA:99,4,0,0
BRDA:99,4,1,0
BRDA:116,5,0,0
BRDA:116,5,1,0
BRDA:125,6,0,0
BRDA:125,6,1,0
BRDA:130,7,0,0
BRDA:130,7,1,0
BRDA:136,8,0,0
BRDA:136,8,1,0
BRDA:140,9,0,0
BRDA:146,10,0,0
BRDA:146,10,1,0
BRDA:149,11,0,0
BRDA:194,12,0,0
BRDA:194,12,1,0
BRDA:196,13,0,0
BRDA:196,13,1,0
BRDA:213,14,0,0
BRDA:213,15,0,0
BRDA:213,15,1,0
BRDA:215,16,0,0
BRDA:215,16,1,0
BRDA:215,16,2,0
BRDA:215,16,3,0
BRDA:219,17,0,0
BRDA:219,17,1,0
BRDA:219,18,0,0
BRDA:219,18,1,0
BRDA:235,19,0,0
BRDA:235,19,1,0
BRDA:247,20,0,0
BRDA:247,20,1,0
BRDA:256,21,0,0
BRDA:256,21,1,0
BRDA:261,22,0,0
BRDA:261,22,1,0
BRDA:265,23,0,0
BRDA:265,23,1,0
BRDA:296,24,0,0
BRDA:296,24,1,0
BRDA:320,25,0,0
BRDA:329,26,0,0
BRDA:329,26,1,0
BRDA:338,27,0,0
BRDA:338,27,1,0
BRDA:339,28,0,0
BRDA:339,28,1,0
BRDA:342,29,0,0
BRDA:342,29,1,0
BRDA:359,30,0,0
BRDA:359,30,1,0
BRDA:372,31,0,0
BRDA:372,31,1,0
BRDA:390,32,0,0
BRDA:390,32,1,0
BRF:60
BRH:0
end_of_record
TN:
SF:src/components/LBS/GeofenceMap.tsx
FN:41,(anonymous_0)
FN:64,(anonymous_1)
FN:73,(anonymous_2)
FN:78,(anonymous_3)
FN:105,(anonymous_4)
FN:214,(anonymous_5)
FN:242,(anonymous_6)
FN:248,(anonymous_7)
FN:254,(anonymous_8)
FN:262,(anonymous_9)
FN:267,(anonymous_10)
FN:277,(anonymous_11)
FN:284,(anonymous_12)
FN:289,(anonymous_13)
FN:290,(anonymous_14)
FN:295,(anonymous_15)
FN:318,(anonymous_16)
FN:318,(anonymous_17)
FN:325,(anonymous_18)
FN:325,(anonymous_19)
FN:394,(anonymous_20)
FNF:21
FNH:0
FNDA:0,(anonymous_0)
FNDA:0,(anonymous_1)
FNDA:0,(anonymous_2)
FNDA:0,(anonymous_3)
FNDA:0,(anonymous_4)
FNDA:0,(anonymous_5)
FNDA:0,(anonymous_6)
FNDA:0,(anonymous_7)
FNDA:0,(anonymous_8)
FNDA:0,(anonymous_9)
FNDA:0,(anonymous_10)
FNDA:0,(anonymous_11)
FNDA:0,(anonymous_12)
FNDA:0,(anonymous_13)
FNDA:0,(anonymous_14)
FNDA:0,(anonymous_15)
FNDA:0,(anonymous_16)
FNDA:0,(anonymous_17)
FNDA:0,(anonymous_18)
FNDA:0,(anonymous_19)
FNDA:0,(anonymous_20)
DA:7,0
DA:8,0
DA:41,0
DA:50,0
DA:51,0
DA:52,0
DA:53,0
DA:54,0
DA:55,0
DA:58,0
DA:59,0
DA:60,0
DA:61,0
DA:64,0
DA:65,0
DA:66,0
DA:67,0
DA:73,0
DA:74,0
DA:78,0
DA:79,0
DA:80,0
DA:82,0
DA:83,0
DA:86,0
DA:89,0
DA:90,0
DA:91,0
DA:92,0
DA:93,0
DA:94,0
DA:95,0
DA:96,0
DA:98,0
DA:99,0
DA:100,0
DA:101,0
DA:105,0
DA:106,0
DA:107,0
DA:110,0
DA:111,0
DA:115,0
DA:117,0
DA:118,0
DA:119,0
DA:121,0
DA:122,0
DA:123,0
DA:125,0
DA:126,0
DA:127,0
DA:129,0
DA:130,0
DA:131,0
DA:133,0
DA:134,0
DA:137,0
DA:138,0
DA:139,0
DA:140,0
DA:141,0
DA:144,0
DA:145,0
DA:146,0
DA:147,0
DA:150,0
DA:151,0
DA:152,0
DA:153,0
DA:156,0
DA:157,0
DA:158,0
DA:162,0
DA:163,0
DA:166,0
DA:167,0
DA:168,0
DA:169,0
DA:170,0
DA:171,0
DA:172,0
DA:173,0
DA:174,0
DA:175,0
DA:176,0
DA:180,0
DA:181,0
DA:182,0
DA:183,0
DA:184,0
DA:185,0
DA:186,0
DA:189,0
DA:190,0
DA:191,0
DA:192,0
DA:193,0
DA:194,0
DA:198,0
DA:199,0
DA:200,0
DA:201,0
DA:202,0
DA:203,0
DA:205,0
DA:206,0
DA:207,0
DA:208,0
DA:209,0
DA:210,0
DA:214,0
DA:215,0
DA:217,0
DA:218,0
DA:220,0
DA:221,0
DA:222,0
DA:225,0
DA:226,0
DA:227,0
DA:228,0
DA:230,0
DA:231,0
DA:232,0
DA:233,0
DA:238,0
DA:242,0
DA:243,0
DA:244,0
DA:245,0
DA:248,0
DA:249,0
DA:251,0
DA:252,0
DA:254,0
DA:259,0
DA:262,0
DA:263,0
DA:267,0
DA:268,0
DA:270,0
DA:271,0
DA:272,0
DA:273,0
DA:277,0
DA:278,0
DA:279,0
DA:280,0
DA:284,0
DA:285,0
DA:289,0
DA:290,0
DA:291,0
DA:292,0
DA:294,0
DA:295,0
DA:298,0
DA:318,0
DA:325,0
DA:394,0
DA:419,0
LF:162
LH:0
BRDA:45,0,0,0
BRDA:47,1,0,0
BRDA:48,2,0,0
BRDA:80,3,0,0
BRDA:83,4,0,0
BRDA:115,5,0,0
BRDA:115,5,1,0
BRDA:115,5,2,0
BRDA:115,5,3,0
BRDA:115,5,4,0
BRDA:140,6,0,0
BRDA:140,6,1,0
BRDA:162,7,0,0
BRDA:166,8,0,0
BRDA:166,9,0,0
BRDA:166,9,1,0
BRDA:215,10,0,0
BRDA:218,11,0,0
BRDA:230,12,0,0
BRDA:243,13,0,0
BRDA:249,14,0,0
BRDA:249,15,0,0
BRDA:249,15,1,0
BRDA:268,16,0,0
BRDA:271,17,0,0
BRDA:271,17,1,0
BRDA:315,18,0,0
BRDA:315,18,1,0
BRDA:362,19,0,0
BRDA:362,19,1,0
BRDA:367,20,0,0
BRDA:367,20,1,0
BRDA:384,21,0,0
BRDA:384,21,1,0
BRDA:409,22,0,0
BRDA:409,22,1,0
BRF:36
BRH:0
end_of_record
TN:
SF:src/components/LBS/LBSSettings.tsx
FN:62,(anonymous_0)
FN:111,(anonymous_1)
FN:119,(anonymous_2)
FN:130,(anonymous_3)
FN:151,(anonymous_4)
FN:195,(anonymous_5)
FN:196,(anonymous_6)
FN:207,(anonymous_7)
FN:217,(anonymous_8)
FN:223,(anonymous_9)
FN:233,(anonymous_10)
FN:296,(anonymous_11)
FN:301,(anonymous_12)
FN:330,(anonymous_13)
FN:342,(anonymous_14)
FN:363,(anonymous_15)
FN:375,(anonymous_16)
FN:386,(anonymous_17)
FN:409,(anonymous_18)
FN:427,(anonymous_19)
FN:443,(anonymous_20)
FN:459,(anonymous_21)
FN:469,(anonymous_22)
FN:491,(anonymous_23)
FN:503,(anonymous_24)
FN:514,(anonymous_25)
FN:525,(anonymous_26)
FN:536,(anonymous_27)
FN:547,(anonymous_28)
FN:558,(anonymous_29)
FN:581,(anonymous_30)
FN:591,(anonymous_31)
FN:601,(anonymous_32)
FN:617,(anonymous_33)
FN:645,(anonymous_34)
FN:654,(anonymous_35)
FN:664,(anonymous_36)
FN:674,(anonymous_37)
FNF:38
FNH:0
FNDA:0,(anonymous_0)
FNDA:0,(anonymous_1)
FNDA:0,(anonymous_2)
FNDA:0,(anonymous_3)
FNDA:0,(anonymous_4)
FNDA:0,(anonymous_5)
FNDA:0,(anonymous_6)
FNDA:0,(anonymous_7)
FNDA:0,(anonymous_8)
FNDA:0,(anonymous_9)
FNDA:0,(anonymous_10)
FNDA:0,(anonymous_11)
FNDA:0,(anonymous_12)
FNDA:0,(anonymous_13)
FNDA:0,(anonymous_14)
FNDA:0,(anonymous_15)
FNDA:0,(anonymous_16)
FNDA:0,(anonymous_17)
FNDA:0,(anonymous_18)
FNDA:0,(anonymous_19)
FNDA:0,(anonymous_20)
FNDA:0,(anonymous_21)
FNDA:0,(anonymous_22)
FNDA:0,(anonymous_23)
FNDA:0,(anonymous_24)
FNDA:0,(anonymous_25)
FNDA:0,(anonymous_26)
FNDA:0,(anonymous_27)
FNDA:0,(anonymous_28)
FNDA:0,(anonymous_29)
FNDA:0,(anonymous_30)
FNDA:0,(anonymous_31)
FNDA:0,(anonymous_32)
FNDA:0,(anonymous_33)
FNDA:0,(anonymous_34)
FNDA:0,(anonymous_35)
FNDA:0,(anonymous_36)
FNDA:0,(anonymous_37)
DA:7,0
DA:8,0
DA:62,0
DA:66,0
DA:104,0
DA:105,0
DA:106,0
DA:107,0
DA:108,0
DA:111,0
DA:112,0
DA:113,0
DA:114,0
DA:116,0
DA:117,0
DA:118,0
DA:119,0
DA:122,0
DA:123,0
DA:125,0
DA:130,0
DA:131,0
DA:132,0
DA:133,0
DA:136,0
DA:139,0
DA:141,0
DA:143,0
DA:144,0
DA:146,0
DA:151,0
DA:152,0
DA:190,0
DA:191,0
DA:195,0
DA:196,0
DA:203,0
DA:207,0
DA:208,0
DA:213,0
DA:217,0
DA:218,0
DA:219,0
DA:220,0
DA:223,0
DA:224,0
DA:227,0
DA:228,0
DA:234,0
DA:242,0
DA:250,0
DA:297,0
DA:298,0
DA:301,0
DA:330,0
DA:342,0
DA:363,0
DA:375,0
DA:386,0
DA:409,0
DA:427,0
DA:443,0
DA:459,0
DA:469,0
DA:491,0
DA:503,0
DA:514,0
DA:525,0
DA:536,0
DA:547,0
DA:558,0
DA:581,0
DA:591,0
DA:601,0
DA:617,0
DA:645,0
DA:654,0
DA:664,0
DA:674,0
DA:687,0
LF:80
LH:0
BRDA:63,0,0,0
BRDA:117,1,0,0
BRDA:213,2,0,0
BRDA:213,2,1,0
BRDA:218,3,0,0
BRDA:219,4,0,0
BRDA:227,5,0,0
BRDA:271,6,0,0
BRDA:271,6,1,0
BRDA:275,7,0,0
BRDA:275,7,1,0
BRDA:280,8,0,0
BRDA:280,8,1,0
BRDA:286,9,0,0
BRDA:286,9,1,0
BRDA:303,10,0,0
BRDA:303,10,1,0
BRDA:319,11,0,0
BRDA:319,11,1,0
BRDA:398,12,0,0
BRDA:398,12,1,0
BRDA:480,13,0,0
BRDA:480,13,1,0
BRDA:569,14,0,0
BRDA:569,14,1,0
BRDA:627,15,0,0
BRDA:627,15,1,0
BRF:27
BRH:0
end_of_record
TN:
SF:src/components/Notifications/NotificationButton.tsx
FN:16,(anonymous_1)
FN:26,(anonymous_2)
FN:29,(anonymous_3)
FN:30,(anonymous_4)
FN:35,(anonymous_5)
FN:39,(anonymous_6)
FNF:6
FNH:0
FNDA:0,(anonymous_1)
FNDA:0,(anonymous_2)
FNDA:0,(anonymous_3)
FNDA:0,(anonymous_4)
FNDA:0,(anonymous_5)
FNDA:0,(anonymous_6)
DA:6,0
DA:7,0
DA:8,0
DA:9,0
DA:16,0
DA:20,0
DA:22,0
DA:23,0
DA:26,0
DA:27,0
DA:28,0
DA:29,0
DA:30,0
DA:32,0
DA:35,0
DA:36,0
DA:39,0
DA:40,0
DA:43,0
DA:94,0
LF:20
LH:0
BRDA:17,0,0,0
BRDA:18,1,0,0
BRDA:27,2,0,0
BRDA:48,3,0,0
BRDA:48,3,1,0
BRDA:54,4,0,0
BRDA:54,4,1,0
BRDA:56,5,0,0
BRDA:56,5,1,0
BRDA:63,6,0,0
BRDA:63,6,1,0
BRDA:65,7,0,0
BRDA:65,7,1,0
BRDA:67,8,0,0
BRDA:67,8,1,0
BRDA:73,9,0,0
BRDA:73,9,1,0
BRDA:78,10,0,0
BRDA:78,10,1,0
BRDA:81,11,0,0
BRDA:81,11,1,0
BRF:21
BRH:0
end_of_record
TN:
SF:src/components/Notifications/NotificationCenter.tsx
FN:17,(anonymous_1)
FN:34,(anonymous_2)
FN:41,(anonymous_3)
FN:53,(anonymous_4)
FN:69,(anonymous_5)
FN:114,(anonymous_6)
FN:132,(anonymous_7)
FN:145,(anonymous_8)
FN:148,(anonymous_9)
FN:199,(anonymous_10)
FN:226,(anonymous_11)
FN:233,(anonymous_12)
FN:295,(anonymous_13)
FN:307,(anonymous_14)
FN:327,(anonymous_15)
FN:330,(anonymous_16)
FN:348,(anonymous_17)
FN:352,(anonymous_18)
FNF:18
FNH:0
FNDA:0,(anonymous_1)
FNDA:0,(anonymous_2)
FNDA:0,(anonymous_3)
FNDA:0,(anonymous_4)
FNDA:0,(anonymous_5)
FNDA:0,(anonymous_6)
FNDA:0,(anonymous_7)
FNDA:0,(anonymous_8)
FNDA:0,(anonymous_9)
FNDA:0,(anonymous_10)
FNDA:0,(anonymous_11)
FNDA:0,(anonymous_12)
FNDA:0,(anonymous_13)
FNDA:0,(anonymous_14)
FNDA:0,(anonymous_15)
FNDA:0,(anonymous_16)
FNDA:0,(anonymous_17)
FNDA:0,(anonymous_18)
DA:6,0
DA:7,0
DA:8,0
DA:9,0
DA:10,0
DA:17,0
DA:28,0
DA:30,0
DA:31,0
DA:34,0
DA:35,0
DA:36,0
DA:37,0
DA:41,0
DA:42,0
DA:43,0
DA:45,0
DA:49,0
DA:50,0
DA:53,0
DA:54,0
DA:56,0
DA:58,0
DA:60,0
DA:62,0
DA:64,0
DA:69,0
DA:70,0
DA:72,0
DA:74,0
DA:76,0
DA:78,0
DA:80,0
DA:84,0
DA:86,0
DA:114,0
DA:132,0
DA:146,0
DA:148,0
DA:200,0
DA:226,0
DA:233,0
DA:234,0
DA:235,0
DA:239,0
DA:296,0
DA:297,0
DA:308,0
DA:309,0
DA:327,0
DA:328,0
DA:330,0
DA:331,0
DA:334,0
DA:349,0
DA:352,0
DA:374,0
LF:57
LH:0
BRDA:35,0,0,0
BRDA:36,1,0,0
BRDA:42,2,0,0
BRDA:42,2,1,0
BRDA:54,3,0,0
BRDA:54,3,1,0
BRDA:54,3,2,0
BRDA:54,3,3,0
BRDA:54,3,4,0
BRDA:70,4,0,0
BRDA:70,4,1,0
BRDA:70,4,2,0
BRDA:70,4,3,0
BRDA:70,4,4,0
BRDA:84,5,0,0
BRDA:98,6,0,0
BRDA:98,6,1,0
BRDA:131,7,0,0
BRDA:131,7,1,0
BRDA:150,8,0,0
BRDA:150,8,1,0
BRDA:156,9,0,0
BRDA:156,9,1,0
BRDA:156,9,2,0
BRDA:165,10,0,0
BRDA:165,10,1,0
BRDA:190,11,0,0
BRDA:190,11,1,0
BRDA:194,12,0,0
BRDA:194,12,1,0
BRDA:234,13,0,0
BRDA:244,14,0,0
BRDA:244,14,1,0
BRDA:255,15,0,0
BRDA:255,15,1,0
BRDA:259,16,0,0
BRDA:259,16,1,0
BRDA:265,17,0,0
BRDA:265,17,1,0
BRDA:278,18,0,0
BRDA:278,18,1,0
BRDA:278,18,2,0
BRDA:281,19,0,0
BRDA:281,19,1,0
BRDA:282,20,0,0
BRDA:282,20,1,0
BRDA:283,21,0,0
BRDA:283,21,1,0
BRDA:293,22,0,0
BRDA:293,22,1,0
BRDA:354,23,0,0
BRDA:354,23,1,0
BRDA:361,24,0,0
BRDA:361,24,1,0
BRF:54
BRH:0
end_of_record
TN:
SF:src/components/ui/badge.tsx
FN:35,Badge
FNF:1
FNH:0
FNDA:0,Badge
DA:2,0
DA:3,0
DA:5,0
DA:36,0
DA:41,0
LF:5
LH:0
BRF:0
BRH:0
end_of_record
TN:
SF:src/components/ui/button.tsx
FN:42,(anonymous_9)
FNF:1
FNH:0
FNDA:0,(anonymous_9)
DA:1,0
DA:2,0
DA:3,0
DA:4,0
DA:6,0
DA:41,0
DA:43,0
DA:44,0
DA:53,0
DA:55,0
LF:10
LH:0
BRDA:42,0,0,0
BRDA:43,1,0,0
BRDA:43,1,1,0
BRF:3
BRH:0
end_of_record
TN:
SF:src/components/ui/card.tsx
FN:7,(anonymous_9)
FN:22,(anonymous_10)
FN:34,(anonymous_11)
FN:49,(anonymous_12)
FN:61,(anonymous_13)
FN:69,(anonymous_14)
FNF:6
FNH:0
FNDA:0,(anonymous_9)
FNDA:0,(anonymous_10)
FNDA:0,(anonymous_11)
FNDA:0,(anonymous_12)
FNDA:0,(anonymous_13)
FNDA:0,(anonymous_14)
DA:1,0
DA:2,0
DA:4,0
DA:8,0
DA:17,0
DA:19,0
DA:23,0
DA:29,0
DA:31,0
DA:35,0
DA:44,0
DA:46,0
DA:50,0
DA:56,0
DA:58,0
DA:62,0
DA:64,0
DA:66,0
DA:70,0
DA:76,0
DA:78,0
LF:21
LH:0
BRF:0
BRH:0
end_of_record
TN:
SF:src/components/ui/input.tsx
FN:8,(anonymous_9)
FNF:1
FNH:0
FNDA:0,(anonymous_9)
DA:1,0
DA:2,0
DA:7,0
DA:9,0
DA:22,0
DA:24,0
LF:6
LH:0
BRF:0
BRH:0
end_of_record
TN:
SF:src/components/ui/progress.tsx
FN:8,(anonymous_9)
FNF:1
FNH:0
FNDA:0,(anonymous_9)
DA:1,0
DA:2,0
DA:3,0
DA:5,0
DA:9,0
DA:23,0
DA:25,0
LF:7
LH:0
BRDA:19,0,0,0
BRDA:19,0,1,0
BRF:2
BRH:0
end_of_record
TN:
SF:src/components/ui/select.tsx
FN:15,(anonymous_9)
FN:35,(anonymous_10)
FN:52,(anonymous_11)
FN:70,(anonymous_12)
FN:102,(anonymous_13)
FN:114,(anonymous_14)
FN:137,(anonymous_15)
FNF:7
FNH:0
FNDA:0,(anonymous_9)
FNDA:0,(anonymous_10)
FNDA:0,(anonymous_11)
FNDA:0,(anonymous_12)
FNDA:0,(anonymous_13)
FNDA:0,(anonymous_14)
FNDA:0,(anonymous_15)
DA:1,0
DA:2,0
DA:3,0
DA:4,0
DA:6,0
DA:8,0
DA:10,0
DA:12,0
DA:16,0
DA:30,0
DA:32,0
DA:36,0
DA:47,0
DA:49,0
DA:53,0
DA:64,0
DA:67,0
DA:71,0
DA:97,0
DA:99,0
DA:103,0
DA:109,0
DA:111,0
DA:115,0
DA:132,0
DA:134,0
DA:138,0
DA:144,0
DA:147,0
DA:148,0
DA:149,0
DA:150,0
DA:151,0
DA:152,0
DA:153,0
DA:154,0
DA:155,0
DA:156,0
LF:38
LH:0
BRDA:70,0,0,0
BRDA:76,1,0,0
BRDA:76,1,1,0
BRDA:87,2,0,0
BRDA:87,2,1,0
BRF:5
BRH:0
end_of_record
TN:
SF:src/components/ui/skeleton.tsx
FN:3,Skeleton
FNF:1
FNH:0
FNDA:0,Skeleton
DA:1,0
DA:7,0
DA:15,0
LF:3
LH:0
BRF:0
BRH:0
end_of_record
TN:
SF:src/components/ui/tabs.tsx
FN:10,(anonymous_9)
FN:25,(anonymous_10)
FN:40,(anonymous_11)
FNF:3
FNH:0
FNDA:0,(anonymous_9)
FNDA:0,(anonymous_10)
FNDA:0,(anonymous_11)
DA:1,0
DA:2,0
DA:3,0
DA:5,0
DA:7,0
DA:11,0
DA:20,0
DA:22,0
DA:26,0
DA:35,0
DA:37,0
DA:41,0
DA:50,0
DA:52,0
LF:14
LH:0
BRF:0
BRH:0
end_of_record
TN:
SF:src/config/alerts.ts
FN:6,(anonymous_1)
FN:14,(anonymous_2)
FN:161,(anonymous_3)
FN:181,(anonymous_4)
FN:194,(anonymous_5)
FN:221,(anonymous_6)
FN:227,(anonymous_7)
FN:244,(anonymous_8)
FN:282,(anonymous_9)
FN:297,(anonymous_10)
FN:304,(anonymous_11)
FN:327,(anonymous_12)
FN:348,(anonymous_13)
FN:364,(anonymous_14)
FN:386,(anonymous_15)
FN:396,(anonymous_16)
FN:406,(anonymous_17)
FN:416,(anonymous_18)
FN:427,(anonymous_19)
FN:438,(anonymous_20)
FN:449,(anonymous_21)
FNF:21
FNH:0
FNDA:0,(anonymous_1)
FNDA:0,(anonymous_2)
FNDA:0,(anonymous_3)
FNDA:0,(anonymous_4)
FNDA:0,(anonymous_5)
FNDA:0,(anonymous_6)
FNDA:0,(anonymous_7)
FNDA:0,(anonymous_8)
FNDA:0,(anonymous_9)
FNDA:0,(anonymous_10)
FNDA:0,(anonymous_11)
FNDA:0,(anonymous_12)
FNDA:0,(anonymous_13)
FNDA:0,(anonymous_14)
FNDA:0,(anonymous_15)
FNDA:0,(anonymous_16)
FNDA:0,(anonymous_17)
FNDA:0,(anonymous_18)
FNDA:0,(anonymous_19)
FNDA:0,(anonymous_20)
FNDA:0,(anonymous_21)
DA:1,0
DA:2,0
DA:3,0
DA:6,0
DA:7,0
DA:8,0
DA:9,0
DA:10,0
DA:14,0
DA:15,0
DA:16,0
DA:17,0
DA:18,0
DA:19,0
DA:41,0
DA:145,0
DA:148,0
DA:162,0
DA:164,0
DA:165,0
DA:169,0
DA:170,0
DA:172,0
DA:173,0
DA:174,0
DA:178,0
DA:181,0
DA:182,0
DA:185,0
DA:186,0
DA:187,0
DA:189,0
DA:199,0
DA:201,0
DA:202,0
DA:204,0
DA:205,0
DA:207,0
DA:208,0
DA:210,0
DA:211,0
DA:213,0
DA:214,0
DA:216,0
DA:222,0
DA:223,0
DA:224,0
DA:227,0
DA:229,0
DA:230,0
DA:233,0
DA:240,0
DA:245,0
DA:247,0
DA:248,0
DA:249,0
DA:252,0
DA:254,0
DA:278,0
DA:283,0
DA:285,0
DA:286,0
DA:287,0
DA:290,0
DA:300,0
DA:305,0
DA:307,0
DA:308,0
DA:309,0
DA:312,0
DA:323,0
DA:328,0
DA:349,0
DA:351,0
DA:353,0
DA:355,0
DA:357,0
DA:359,0
DA:365,0
DA:367,0
DA:369,0
DA:371,0
DA:373,0
DA:375,0
DA:381,0
DA:384,0
DA:387,0
DA:397,0
DA:407,0
DA:417,0
DA:428,0
DA:439,0
DA:450,0
DA:460,0
LF:94
LH:0
BRDA:6,0,0,0
BRDA:6,0,1,0
BRDA:14,1,0,0
BRDA:14,1,1,0
BRDA:149,2,0,0
BRDA:149,2,1,0
BRDA:150,3,0,0
BRDA:150,3,1,0
BRDA:164,4,0,0
BRDA:164,5,0,0
BRDA:164,5,1,0
BRDA:170,6,0,0
BRDA:170,6,1,0
BRDA:172,7,0,0
BRDA:199,8,0,0
BRDA:199,8,1,0
BRDA:199,8,2,0
BRDA:199,8,3,0
BRDA:199,8,4,0
BRDA:199,8,5,0
BRDA:222,9,0,0
BRDA:222,10,0,0
BRDA:222,10,1,0
BRDA:229,11,0,0
BRDA:234,12,0,0
BRDA:234,12,1,0
BRDA:247,13,0,0
BRDA:285,14,0,0
BRDA:307,15,0,0
BRDA:336,16,0,0
BRDA:336,16,1,0
BRDA:349,17,0,0
BRDA:349,17,1,0
BRDA:349,17,2,0
BRDA:349,17,3,0
BRDA:349,17,4,0
BRDA:365,18,0,0
BRDA:365,18,1,0
BRDA:365,18,2,0
BRDA:365,18,3,0
BRDA:365,18,4,0
BRF:41
BRH:0
end_of_record
TN:
SF:src/config/cache.ts
FN:27,(anonymous_1)
FN:31,(anonymous_2)
FN:35,(anonymous_3)
FN:68,(anonymous_4)
FN:73,(anonymous_5)
FN:86,(anonymous_6)
FN:102,(anonymous_7)
FN:114,(anonymous_8)
FN:130,(anonymous_9)
FN:141,(anonymous_10)
FN:152,(anonymous_11)
FN:162,(anonymous_12)
FN:176,(anonymous_13)
FN:186,(anonymous_14)
FN:188,(anonymous_15)
FN:196,(anonymous_16)
FN:199,(anonymous_17)
FN:207,(anonymous_18)
FN:216,(anonymous_19)
FN:226,(anonymous_20)
FN:235,(anonymous_21)
FN:248,(anonymous_22)
FN:258,(anonymous_23)
FN:271,(anonymous_24)
FN:286,(anonymous_25)
FN:306,Cacheable
FN:307,(anonymous_27)
FN:310,(anonymous_28)
FN:331,CacheEvict
FN:332,(anonymous_30)
FN:335,(anonymous_31)
FN:347,(anonymous_32)
FN:363,(anonymous_33)
FNF:33
FNH:0
FNDA:0,(anonymous_1)
FNDA:0,(anonymous_2)
FNDA:0,(anonymous_3)
FNDA:0,(anonymous_4)
FNDA:0,(anonymous_5)
FNDA:0,(anonymous_6)
FNDA:0,(anonymous_7)
FNDA:0,(anonymous_8)
FNDA:0,(anonymous_9)
FNDA:0,(anonymous_10)
FNDA:0,(anonymous_11)
FNDA:0,(anonymous_12)
FNDA:0,(anonymous_13)
FNDA:0,(anonymous_14)
FNDA:0,(anonymous_15)
FNDA:0,(anonymous_16)
FNDA:0,(anonymous_17)
FNDA:0,(anonymous_18)
FNDA:0,(anonymous_19)
FNDA:0,(anonymous_20)
FNDA:0,(anonymous_21)
FNDA:0,(anonymous_22)
FNDA:0,(anonymous_23)
FNDA:0,(anonymous_24)
FNDA:0,(anonymous_25)
FNDA:0,Cacheable
FNDA:0,(anonymous_27)
FNDA:0,(anonymous_28)
FNDA:0,CacheEvict
FNDA:0,(anonymous_30)
FNDA:0,(anonymous_31)
FNDA:0,(anonymous_32)
FNDA:0,(anonymous_33)
DA:1,0
DA:2,0
DA:3,0
DA:6,0
DA:19,0
DA:20,0
DA:24,0
DA:27,0
DA:28,0
DA:31,0
DA:32,0
DA:35,0
DA:36,0
DA:40,0
DA:55,0
DA:65,0
DA:69,0
DA:74,0
DA:75,0
DA:76,0
DA:77,0
DA:78,0
DA:80,0
DA:81,0
DA:87,0
DA:88,0
DA:89,0
DA:90,0
DA:92,0
DA:93,0
DA:94,0
DA:96,0
DA:97,0
DA:103,0
DA:104,0
DA:105,0
DA:106,0
DA:108,0
DA:109,0
DA:115,0
DA:116,0
DA:117,0
DA:118,0
DA:120,0
DA:121,0
DA:122,0
DA:124,0
DA:125,0
DA:131,0
DA:132,0
DA:133,0
DA:135,0
DA:136,0
DA:142,0
DA:143,0
DA:144,0
DA:146,0
DA:147,0
DA:153,0
DA:154,0
DA:156,0
DA:157,0
DA:163,0
DA:164,0
DA:165,0
DA:166,0
DA:168,0
DA:170,0
DA:171,0
DA:177,0
DA:178,0
DA:180,0
DA:181,0
DA:187,0
DA:188,0
DA:189,0
DA:191,0
DA:192,0
DA:197,0
DA:198,0
DA:199,0
DA:201,0
DA:202,0
DA:208,0
DA:209,0
DA:211,0
DA:212,0
DA:217,0
DA:218,0
DA:220,0
DA:221,0
DA:227,0
DA:228,0
DA:230,0
DA:231,0
DA:236,0
DA:237,0
DA:238,0
DA:240,0
DA:242,0
DA:243,0
DA:249,0
DA:250,0
DA:251,0
DA:253,0
DA:254,0
DA:259,0
DA:260,0
DA:261,0
DA:262,0
DA:264,0
DA:266,0
DA:267,0
DA:272,0
DA:273,0
DA:274,0
DA:275,0
DA:276,0
DA:278,0
DA:280,0
DA:281,0
DA:287,0
DA:288,0
DA:289,0
DA:290,0
DA:296,0
DA:297,0
DA:303,0
DA:306,0
DA:307,0
DA:308,0
DA:310,0
DA:311,0
DA:314,0
DA:315,0
DA:316,0
DA:320,0
DA:323,0
DA:325,0
DA:331,0
DA:332,0
DA:333,0
DA:335,0
DA:336,0
DA:339,0
DA:341,0
DA:347,0
DA:348,0
DA:349,0
DA:356,0
DA:358,0
DA:363,0
DA:364,0
DA:366,0
DA:367,0
DA:369,0
DA:374,0
DA:376,0
LF:158
LH:0
BRDA:7,0,0,0
BRDA:7,0,1,0
BRDA:8,1,0,0
BRDA:8,1,1,0
BRDA:9,2,0,0
BRDA:9,2,1,0
BRDA:19,3,0,0
BRDA:73,4,0,0
BRDA:89,5,0,0
BRDA:117,6,0,0
BRDA:165,7,0,0
BRDA:165,8,0,0
BRDA:165,8,1,0
BRDA:235,9,0,0
BRDA:237,10,0,0
BRDA:261,11,0,0
BRDA:306,12,0,0
BRDA:315,13,0,0
BRF:18
BRH:0
end_of_record
TN:
SF:src/config/cdn.ts
FN:78,(anonymous_0)
FN:83,(anonymous_1)
FN:131,(anonymous_2)
FN:147,(anonymous_3)
FN:160,(anonymous_4)
FN:170,(anonymous_5)
FN:175,(anonymous_6)
FN:180,(anonymous_7)
FN:197,(anonymous_8)
FN:202,(anonymous_9)
FN:210,(anonymous_10)
FN:220,(anonymous_11)
FN:226,(anonymous_12)
FN:249,(anonymous_13)
FN:263,(anonymous_14)
FN:281,(anonymous_15)
FN:303,(anonymous_16)
FN:346,(anonymous_17)
FN:349,(anonymous_18)
FN:360,transformUrlsInObject
FNF:20
FNH:0
FNDA:0,(anonymous_0)
FNDA:0,(anonymous_1)
FNDA:0,(anonymous_2)
FNDA:0,(anonymous_3)
FNDA:0,(anonymous_4)
FNDA:0,(anonymous_5)
FNDA:0,(anonymous_6)
FNDA:0,(anonymous_7)
FNDA:0,(anonymous_8)
FNDA:0,(anonymous_9)
FNDA:0,(anonymous_10)
FNDA:0,(anonymous_11)
FNDA:0,(anonymous_12)
FNDA:0,(anonymous_13)
FNDA:0,(anonymous_14)
FNDA:0,(anonymous_15)
FNDA:0,(anonymous_16)
FNDA:0,(anonymous_17)
FNDA:0,(anonymous_18)
FNDA:0,transformUrlsInObject
DA:1,0
DA:2,0
DA:34,0
DA:67,0
DA:75,0
DA:79,0
DA:91,0
DA:92,0
DA:95,0
DA:96,0
DA:99,0
DA:101,0
DA:102,0
DA:104,0
DA:105,0
DA:107,0
DA:108,0
DA:110,0
DA:111,0
DA:113,0
DA:114,0
DA:118,0
DA:119,0
DA:120,0
DA:123,0
DA:124,0
DA:126,0
DA:127,0
DA:138,0
DA:139,0
DA:151,0
DA:152,0
DA:161,0
DA:175,0
DA:176,0
DA:177,0
DA:180,0
DA:181,0
DA:182,0
DA:184,0
DA:187,0
DA:189,0
DA:202,0
DA:203,0
DA:204,0
DA:205,0
DA:213,0
DA:214,0
DA:215,0
DA:216,0
DA:221,0
DA:222,0
DA:227,0
DA:228,0
DA:229,0
DA:232,0
DA:233,0
DA:235,0
DA:236,0
DA:238,0
DA:239,0
DA:241,0
DA:242,0
DA:245,0
DA:250,0
DA:252,0
DA:254,0
DA:256,0
DA:258,0
DA:264,0
DA:265,0
DA:267,0
DA:273,0
DA:274,0
DA:277,0
DA:286,0
DA:287,0
DA:294,0
DA:295,0
DA:296,0
DA:298,0
DA:299,0
DA:300,0
DA:303,0
DA:304,0
DA:306,0
DA:311,0
DA:312,0
DA:314,0
DA:318,0
DA:322,0
DA:323,0
DA:326,0
DA:327,0
DA:328,0
DA:329,0
DA:331,0
DA:334,0
DA:343,0
DA:346,0
DA:348,0
DA:349,0
DA:350,0
DA:351,0
DA:353,0
DA:356,0
DA:361,0
DA:363,0
DA:364,0
DA:366,0
DA:369,0
DA:370,0
DA:373,0
DA:374,0
DA:375,0
DA:377,0
DA:378,0
DA:380,0
DA:383,0
DA:386,0
DA:389,0
LF:121
LH:0
BRDA:35,0,0,0
BRDA:35,0,1,0
BRDA:36,1,0,0
BRDA:36,1,1,0
BRDA:37,2,0,0
BRDA:37,2,1,0
BRDA:83,3,0,0
BRDA:91,4,0,0
BRDA:91,5,0,0
BRDA:91,5,1,0
BRDA:101,6,0,0
BRDA:104,7,0,0
BRDA:107,8,0,0
BRDA:110,9,0,0
BRDA:113,10,0,0
BRDA:118,11,0,0
BRDA:118,12,0,0
BRDA:118,12,1,0
BRDA:124,13,0,0
BRDA:124,13,1,0
BRDA:131,14,0,0
BRDA:147,15,0,0
BRDA:160,16,0,0
BRDA:170,17,0,0
BRDA:181,18,0,0
BRDA:187,19,0,0
BRDA:187,19,1,0
BRDA:204,20,0,0
BRDA:204,20,1,0
BRDA:214,21,0,0
BRDA:214,21,1,0
BRDA:222,22,0,0
BRDA:222,22,1,0
BRDA:228,23,0,0
BRDA:232,24,0,0
BRDA:235,25,0,0
BRDA:238,26,0,0
BRDA:241,27,0,0
BRDA:252,28,0,0
BRDA:252,28,1,0
BRDA:252,28,2,0
BRDA:273,29,0,0
BRDA:273,30,0,0
BRDA:273,30,1,0
BRDA:286,31,0,0
BRDA:322,32,0,0
BRDA:322,32,1,0
BRDA:326,33,0,0
BRDA:326,33,1,0
BRDA:328,34,0,0
BRDA:328,34,1,0
BRDA:350,35,0,0
BRDA:350,36,0,0
BRDA:350,36,1,0
BRDA:361,37,0,0
BRDA:363,38,0,0
BRDA:369,39,0,0
BRDA:373,40,0,0
BRDA:373,41,0,0
BRDA:373,41,1,0
BRDA:377,42,0,0
BRDA:377,42,1,0
BRDA:378,43,0,0
BRDA:378,43,1,0
BRF:64
BRH:0
end_of_record
TN:
SF:src/config/config.ts
FNF:0
FNH:0
DA:6,0
DA:103,0
LF:2
LH:0
BRDA:8,0,0,0
BRDA:8,0,1,0
BRDA:9,1,0,0
BRDA:9,1,1,0
BRDA:12,2,0,0
BRDA:12,2,1,0
BRDA:15,3,0,0
BRDA:15,3,1,0
BRDA:19,4,0,0
BRDA:19,4,1,0
BRDA:20,5,0,0
BRDA:20,5,1,0
BRDA:24,6,0,0
BRDA:24,6,1,0
BRDA:25,7,0,0
BRDA:25,7,1,0
BRDA:26,8,0,0
BRDA:26,8,1,0
BRDA:27,9,0,0
BRDA:27,9,1,0
BRDA:30,10,0,0
BRDA:30,10,1,0
BRDA:33,11,0,0
BRDA:33,11,1,0
BRDA:36,12,0,0
BRDA:36,12,1,0
BRDA:39,13,0,0
BRDA:39,13,1,0
BRDA:40,14,0,0
BRDA:40,14,1,0
BRDA:43,15,0,0
BRDA:43,15,1,0
BRDA:44,16,0,0
BRDA:44,16,1,0
BRDA:45,17,0,0
BRDA:45,17,1,0
BRDA:49,18,0,0
BRDA:49,18,1,0
BRDA:50,19,0,0
BRDA:50,19,1,0
BRDA:51,20,0,0
BRDA:51,20,1,0
BRDA:52,21,0,0
BRDA:52,21,1,0
BRDA:58,22,0,0
BRDA:58,22,1,0
BRDA:63,23,0,0
BRDA:63,23,1,0
BRDA:64,24,0,0
BRDA:64,24,1,0
BRDA:69,25,0,0
BRDA:69,25,1,0
BRDA:70,26,0,0
BRDA:70,26,1,0
BRDA:71,27,0,0
BRDA:71,27,1,0
BRDA:72,28,0,0
BRDA:72,28,1,0
BRDA:73,29,0,0
BRDA:73,29,1,0
BRDA:84,30,0,0
BRDA:84,30,1,0
BRDA:85,31,0,0
BRDA:85,31,1,0
BRDA:87,32,0,0
BRDA:87,32,1,0
BRDA:93,33,0,0
BRDA:93,33,1,0
BRDA:94,34,0,0
BRDA:94,34,1,0
BRDA:95,35,0,0
BRDA:95,35,1,0
BRDA:100,36,0,0
BRDA:100,36,1,0
BRF:74
BRH:0
end_of_record
TN:
SF:src/config/database.ts
FN:62,(anonymous_1)
FN:80,(anonymous_2)
FN:91,(anonymous_3)
FN:102,(anonymous_4)
FN:117,(anonymous_5)
FN:126,(anonymous_6)
FN:135,(anonymous_7)
FN:136,(anonymous_8)
FN:143,(anonymous_9)
FN:152,(anonymous_10)
FN:164,(anonymous_11)
FN:182,(anonymous_12)
FN:189,(anonymous_13)
FN:196,(anonymous_14)
FNF:14
FNH:0
FNDA:0,(anonymous_1)
FNDA:0,(anonymous_2)
FNDA:0,(anonymous_3)
FNDA:0,(anonymous_4)
FNDA:0,(anonymous_5)
FNDA:0,(anonymous_6)
FNDA:0,(anonymous_7)
FNDA:0,(anonymous_8)
FNDA:0,(anonymous_9)
FNDA:0,(anonymous_10)
FNDA:0,(anonymous_11)
FNDA:0,(anonymous_12)
FNDA:0,(anonymous_13)
FNDA:0,(anonymous_14)
DA:2,0
DA:3,0
DA:4,0
DA:7,0
DA:59,0
DA:62,0
DA:63,0
DA:65,0
DA:66,0
DA:69,0
DA:70,0
DA:71,0
DA:74,0
DA:75,0
DA:80,0
DA:81,0
DA:82,0
DA:83,0
DA:85,0
DA:86,0
DA:91,0
DA:92,0
DA:93,0
DA:94,0
DA:96,0
DA:97,0
DA:102,0
DA:105,0
DA:106,0
DA:107,0
DA:108,0
DA:109,0
DA:111,0
DA:112,0
DA:117,0
DA:122,0
DA:123,0
DA:126,0
DA:131,0
DA:132,0
DA:135,0
DA:136,0
DA:137,0
DA:138,0
DA:143,0
DA:148,0
DA:152,0
DA:158,0
DA:164,0
DA:173,0
DA:182,0
DA:186,0
DA:188,0
DA:190,0
DA:191,0
DA:192,0
DA:194,0
DA:197,0
DA:198,0
DA:199,0
DA:203,0
LF:61
LH:0
BRDA:7,0,0,0
BRDA:7,0,1,0
BRDA:7,1,0,0
BRDA:7,1,1,0
BRDA:36,2,0,0
BRDA:36,2,1,0
BRDA:69,3,0,0
BRDA:119,4,0,0
BRDA:120,5,0,0
BRDA:131,6,0,0
BRDA:131,7,0,0
BRDA:131,7,1,0
BRDA:137,8,0,0
BRDA:137,8,1,0
BRDA:145,9,0,0
BRDA:146,10,0,0
BRDA:156,11,0,0
BRDA:191,12,0,0
BRF:18
BRH:0
end_of_record
TN:
SF:src/config/redis.ts
FN:26,(anonymous_1)
FN:41,(anonymous_2)
FN:45,(anonymous_3)
FN:49,(anonymous_4)
FN:53,(anonymous_5)
FN:57,(anonymous_6)
FN:61,(anonymous_7)
FN:69,(anonymous_8)
FN:88,(anonymous_9)
FN:101,(anonymous_10)
FN:109,(anonymous_11)
FN:125,(anonymous_12)
FN:131,(anonymous_13)
FN:146,(anonymous_14)
FN:166,(anonymous_15)
FN:176,(anonymous_16)
FN:187,(anonymous_17)
FN:197,(anonymous_18)
FN:200,(anonymous_19)
FN:212,(anonymous_20)
FN:217,(anonymous_21)
FN:221,(anonymous_22)
FN:234,(anonymous_23)
FN:244,(anonymous_24)
FN:254,(anonymous_25)
FN:264,(anonymous_26)
FN:274,(anonymous_27)
FN:284,(anonymous_28)
FN:295,(anonymous_29)
FN:306,(anonymous_30)
FN:311,(anonymous_31)
FN:333,(anonymous_32)
FN:337,(anonymous_33)
FNF:33
FNH:0
FNDA:0,(anonymous_1)
FNDA:0,(anonymous_2)
FNDA:0,(anonymous_3)
FNDA:0,(anonymous_4)
FNDA:0,(anonymous_5)
FNDA:0,(anonymous_6)
FNDA:0,(anonymous_7)
FNDA:0,(anonymous_8)
FNDA:0,(anonymous_9)
FNDA:0,(anonymous_10)
FNDA:0,(anonymous_11)
FNDA:0,(anonymous_12)
FNDA:0,(anonymous_13)
FNDA:0,(anonymous_14)
FNDA:0,(anonymous_15)
FNDA:0,(anonymous_16)
FNDA:0,(anonymous_17)
FNDA:0,(anonymous_18)
FNDA:0,(anonymous_19)
FNDA:0,(anonymous_20)
FNDA:0,(anonymous_21)
FNDA:0,(anonymous_22)
FNDA:0,(anonymous_23)
FNDA:0,(anonymous_24)
FNDA:0,(anonymous_25)
FNDA:0,(anonymous_26)
FNDA:0,(anonymous_27)
FNDA:0,(anonymous_28)
FNDA:0,(anonymous_29)
FNDA:0,(anonymous_30)
FNDA:0,(anonymous_31)
FNDA:0,(anonymous_32)
FNDA:0,(anonymous_33)
DA:1,0
DA:2,0
DA:3,0
DA:4,0
DA:7,0
DA:10,0
DA:26,0
DA:27,0
DA:28,0
DA:32,0
DA:33,0
DA:34,0
DA:35,0
DA:38,0
DA:41,0
DA:42,0
DA:45,0
DA:46,0
DA:49,0
DA:50,0
DA:53,0
DA:54,0
DA:57,0
DA:58,0
DA:61,0
DA:62,0
DA:65,0
DA:69,0
DA:70,0
DA:71,0
DA:74,0
DA:75,0
DA:79,0
DA:80,0
DA:82,0
DA:83,0
DA:88,0
DA:89,0
DA:90,0
DA:91,0
DA:92,0
DA:95,0
DA:96,0
DA:101,0
DA:102,0
DA:103,0
DA:105,0
DA:109,0
DA:110,0
DA:111,0
DA:112,0
DA:113,0
DA:115,0
DA:116,0
DA:121,0
DA:126,0
DA:127,0
DA:136,0
DA:137,0
DA:138,0
DA:140,0
DA:141,0
DA:147,0
DA:148,0
DA:149,0
DA:150,0
DA:154,0
DA:155,0
DA:157,0
DA:160,0
DA:161,0
DA:167,0
DA:168,0
DA:170,0
DA:171,0
DA:177,0
DA:178,0
DA:179,0
DA:181,0
DA:182,0
DA:188,0
DA:189,0
DA:191,0
DA:192,0
DA:198,0
DA:199,0
DA:200,0
DA:201,0
DA:202,0
DA:204,0
DA:205,0
DA:207,0
DA:211,0
DA:212,0
DA:218,0
DA:219,0
DA:221,0
DA:222,0
DA:223,0
DA:226,0
DA:228,0
DA:229,0
DA:235,0
DA:236,0
DA:238,0
DA:239,0
DA:245,0
DA:246,0
DA:248,0
DA:249,0
DA:255,0
DA:256,0
DA:258,0
DA:259,0
DA:265,0
DA:266,0
DA:268,0
DA:269,0
DA:275,0
DA:276,0
DA:278,0
DA:279,0
DA:285,0
DA:286,0
DA:287,0
DA:289,0
DA:290,0
DA:296,0
DA:297,0
DA:298,0
DA:300,0
DA:301,0
DA:307,0
DA:308,0
DA:309,0
DA:311,0
DA:312,0
DA:313,0
DA:314,0
DA:318,0
DA:320,0
DA:321,0
DA:327,0
DA:330,0
DA:334,0
DA:342,0
DA:343,0
DA:344,0
DA:345,0
DA:347,0
DA:349,0
DA:350,0
DA:353,0
DA:354,0
DA:356,0
DA:362,0
DA:364,0
DA:373,0
DA:375,0
LF:159
LH:0
BRDA:13,0,0,0
BRDA:13,0,1,0
BRDA:27,1,0,0
BRDA:32,2,0,0
BRDA:74,3,0,0
BRDA:90,4,0,0
BRDA:102,5,0,0
BRDA:125,6,0,0
BRDA:134,7,0,0
BRDA:137,8,0,0
BRDA:137,8,1,0
BRDA:149,9,0,0
BRDA:201,10,0,0
BRDA:222,11,0,0
BRDA:222,11,1,0
BRDA:313,12,0,0
BRDA:313,13,0,0
BRDA:313,13,1,0
BRDA:349,14,0,0
BRF:19
BRH:0
end_of_record
TN:
SF:src/config/winston.ts
FN:31,(anonymous_1)
FN:48,filterSensitiveData
FN:145,(anonymous_3)
FN:156,(anonymous_4)
FN:168,(anonymous_5)
FN:180,(anonymous_6)
FN:192,(anonymous_7)
FN:203,(anonymous_8)
FN:217,(anonymous_9)
FN:232,(anonymous_10)
FN:244,(anonymous_11)
FN:256,(anonymous_12)
FN:270,(anonymous_13)
FNF:13
FNH:0
FNDA:0,(anonymous_1)
FNDA:0,filterSensitiveData
FNDA:0,(anonymous_3)
FNDA:0,(anonymous_4)
FNDA:0,(anonymous_5)
FNDA:0,(anonymous_6)
FNDA:0,(anonymous_7)
FNDA:0,(anonymous_8)
FNDA:0,(anonymous_9)
FNDA:0,(anonymous_10)
FNDA:0,(anonymous_11)
FNDA:0,(anonymous_12)
FNDA:0,(anonymous_13)
DA:1,0
DA:2,0
DA:3,0
DA:6,0
DA:15,0
DA:24,0
DA:27,0
DA:32,0
DA:35,0
DA:37,0
DA:49,0
DA:51,0
DA:52,0
DA:55,0
DA:57,0
DA:58,0
DA:59,0
DA:64,0
DA:65,0
DA:66,0
DA:70,0
DA:74,0
DA:77,0
DA:78,0
DA:89,0
DA:92,0
DA:103,0
DA:113,0
DA:124,0
DA:134,0
DA:143,0
DA:146,0
DA:157,0
DA:169,0
DA:181,0
DA:193,0
DA:204,0
DA:215,0
DA:218,0
DA:233,0
DA:245,0
DA:257,0
DA:269,0
DA:271,0
DA:286,0
DA:287,0
LF:46
LH:0
BRDA:41,0,0,0
BRDA:41,0,1,0
BRDA:51,1,0,0
BRDA:51,2,0,0
BRDA:51,2,1,0
BRDA:58,3,0,0
BRDA:65,4,0,0
BRDA:65,5,0,0
BRDA:65,5,1,0
BRDA:77,6,0,0
BRDA:135,7,0,0
BRDA:135,7,1,0
BRF:12
BRH:0
end_of_record
TN:
SF:src/controllers/adminController.ts
FN:83,(anonymous_0)
FN:170,(anonymous_1)
FN:200,(anonymous_2)
FN:214,(anonymous_3)
FN:235,(anonymous_4)
FN:270,(anonymous_5)
FN:362,(anonymous_6)
FN:439,(anonymous_7)
FN:484,(anonymous_8)
FN:542,(anonymous_9)
FN:576,(anonymous_10)
FN:616,(anonymous_11)
FN:622,(anonymous_12)
FN:652,(anonymous_13)
FNF:14
FNH:0
FNDA:0,(anonymous_0)
FNDA:0,(anonymous_1)
FNDA:0,(anonymous_2)
FNDA:0,(anonymous_3)
FNDA:0,(anonymous_4)
FNDA:0,(anonymous_5)
FNDA:0,(anonymous_6)
FNDA:0,(anonymous_7)
FNDA:0,(anonymous_8)
FNDA:0,(anonymous_9)
FNDA:0,(anonymous_10)
FNDA:0,(anonymous_11)
FNDA:0,(anonymous_12)
FNDA:0,(anonymous_13)
DA:2,0
DA:3,0
DA:4,0
DA:17,0
DA:26,0
DA:83,0
DA:84,0
DA:86,0
DA:87,0
DA:91,0
DA:95,0
DA:105,0
DA:115,0
DA:124,0
DA:131,0
DA:136,0
DA:151,0
DA:153,0
DA:159,0
DA:160,0
DA:170,0
DA:171,0
DA:173,0
DA:174,0
DA:178,0
DA:181,0
DA:182,0
DA:184,0
DA:201,0
DA:208,0
DA:209,0
DA:213,0
DA:214,0
DA:215,0
DA:221,0
DA:222,0
DA:223,0
DA:227,0
DA:230,0
DA:231,0
DA:232,0
DA:234,0
DA:235,0
DA:236,0
DA:240,0
DA:241,0
DA:243,0
DA:245,0
DA:259,0
DA:260,0
DA:270,0
DA:271,0
DA:272,0
DA:273,0
DA:274,0
DA:279,0
DA:283,0
DA:284,0
DA:288,0
DA:291,0
DA:292,0
DA:295,0
DA:296,0
DA:300,0
DA:304,0
DA:305,0
DA:306,0
DA:310,0
DA:314,0
DA:315,0
DA:319,0
DA:323,0
DA:331,0
DA:344,0
DA:346,0
DA:351,0
DA:352,0
DA:362,0
DA:363,0
DA:365,0
DA:366,0
DA:370,0
DA:373,0
DA:374,0
DA:376,0
DA:386,0
DA:387,0
DA:391,0
DA:392,0
DA:396,0
DA:402,0
DA:403,0
DA:404,0
DA:406,0
DA:407,0
DA:409,0
DA:410,0
DA:412,0
DA:414,0
DA:428,0
DA:429,0
DA:439,0
DA:440,0
DA:441,0
DA:442,0
DA:443,0
DA:448,0
DA:452,0
DA:453,0
DA:457,0
DA:460,0
DA:461,0
DA:464,0
DA:465,0
DA:466,0
DA:470,0
DA:473,0
DA:474,0
DA:478,0
DA:481,0
DA:484,0
DA:486,0
DA:496,0
DA:497,0
DA:498,0
DA:501,0
DA:502,0
DA:509,0
DA:524,0
DA:526,0
DA:531,0
DA:532,0
DA:542,0
DA:543,0
DA:544,0
DA:545,0
DA:546,0
DA:551,0
DA:555,0
DA:556,0
DA:560,0
DA:563,0
DA:566,0
DA:567,0
DA:571,0
DA:575,0
DA:576,0
DA:578,0
DA:579,0
DA:583,0
DA:586,0
DA:587,0
DA:589,0
DA:591,0
DA:592,0
DA:593,0
DA:595,0
DA:596,0
DA:597,0
DA:599,0
DA:600,0
DA:601,0
DA:604,0
DA:605,0
DA:606,0
DA:608,0
DA:612,0
DA:616,0
DA:617,0
DA:622,0
DA:631,0
DA:634,0
DA:636,0
DA:641,0
DA:642,0
DA:652,0
DA:653,0
DA:655,0
DA:656,0
DA:660,0
DA:663,0
DA:664,0
DA:666,0
DA:674,0
DA:675,0
DA:677,0
DA:678,0
DA:680,0
DA:681,0
DA:683,0
DA:684,0
DA:688,0
DA:694,0
DA:695,0
DA:696,0
DA:698,0
DA:699,0
DA:701,0
DA:702,0
DA:704,0
DA:705,0
DA:708,0
DA:709,0
DA:711,0
DA:725,0
DA:726,0
LF:206
LH:0
BRDA:86,0,0,0
BRDA:86,1,0,0
BRDA:86,1,1,0
BRDA:137,2,0,0
BRDA:137,2,1,0
BRDA:138,3,0,0
BRDA:138,3,1,0
BRDA:139,4,0,0
BRDA:139,4,1,0
BRDA:140,5,0,0
BRDA:140,5,1,0
BRDA:141,6,0,0
BRDA:141,6,1,0
BRDA:142,7,0,0
BRDA:142,7,1,0
BRDA:143,8,0,0
BRDA:143,8,1,0
BRDA:144,9,0,0
BRDA:144,9,1,0
BRDA:145,10,0,0
BRDA:145,10,1,0
BRDA:146,11,0,0
BRDA:146,11,1,0
BRDA:147,12,0,0
BRDA:147,12,1,0
BRDA:148,13,0,0
BRDA:148,13,1,0
BRDA:173,14,0,0
BRDA:173,15,0,0
BRDA:173,15,1,0
BRDA:181,16,0,0
BRDA:181,17,0,0
BRDA:181,18,0,0
BRDA:181,19,0,0
BRDA:208,20,0,0
BRDA:213,21,0,0
BRDA:222,22,0,0
BRDA:231,23,0,0
BRDA:234,24,0,0
BRDA:241,25,0,0
BRDA:241,25,1,0
BRDA:273,26,0,0
BRDA:283,27,0,0
BRDA:283,28,0,0
BRDA:283,28,1,0
BRDA:295,29,0,0
BRDA:305,30,0,0
BRDA:314,31,0,0
BRDA:314,32,0,0
BRDA:314,32,1,0
BRDA:365,33,0,0
BRDA:365,34,0,0
BRDA:365,34,1,0
BRDA:373,35,0,0
BRDA:373,36,0,0
BRDA:373,37,0,0
BRDA:386,38,0,0
BRDA:391,39,0,0
BRDA:403,40,0,0
BRDA:406,41,0,0
BRDA:410,42,0,0
BRDA:410,42,1,0
BRDA:442,43,0,0
BRDA:452,44,0,0
BRDA:452,45,0,0
BRDA:452,45,1,0
BRDA:465,46,0,0
BRDA:473,47,0,0
BRDA:481,48,0,0
BRDA:481,48,1,0
BRDA:496,49,0,0
BRDA:497,50,0,0
BRDA:497,50,1,0
BRDA:501,51,0,0
BRDA:528,52,0,0
BRDA:528,52,1,0
BRDA:545,53,0,0
BRDA:555,54,0,0
BRDA:555,55,0,0
BRDA:555,55,1,0
BRDA:566,56,0,0
BRDA:566,57,0,0
BRDA:566,57,1,0
BRDA:578,58,0,0
BRDA:578,59,0,0
BRDA:578,59,1,0
BRDA:589,60,0,0
BRDA:589,60,1,0
BRDA:589,60,2,0
BRDA:589,60,3,0
BRDA:589,60,4,0
BRDA:655,61,0,0
BRDA:655,62,0,0
BRDA:655,62,1,0
BRDA:663,63,0,0
BRDA:663,64,0,0
BRDA:674,65,0,0
BRDA:677,66,0,0
BRDA:680,67,0,0
BRDA:683,68,0,0
BRDA:695,69,0,0
BRDA:698,70,0,0
BRDA:701,71,0,0
BRDA:704,72,0,0
BRDA:709,73,0,0
BRDA:709,73,1,0
BRF:106
BRH:0
end_of_record
TN:
SF:src/controllers/annotationController.ts
FN:23,(anonymous_1)
FN:102,(anonymous_2)
FN:133,(anonymous_3)
FN:171,(anonymous_4)
FN:221,(anonymous_5)
FN:284,(anonymous_6)
FN:331,(anonymous_7)
FN:335,(anonymous_8)
FN:339,(anonymous_9)
FN:354,(anonymous_10)
FN:439,(anonymous_11)
FN:555,(anonymous_12)
FN:611,(anonymous_13)
FN:628,(anonymous_14)
FN:652,(anonymous_15)
FN:682,(anonymous_16)
FN:750,(anonymous_17)
FN:819,(anonymous_18)
FN:850,(anonymous_19)
FN:911,(anonymous_20)
FN:924,(anonymous_21)
FN:950,(anonymous_22)
FN:964,(anonymous_23)
FN:1012,(anonymous_24)
FN:1060,(anonymous_25)
FN:1090,(anonymous_26)
FN:1115,(anonymous_27)
FN:1165,(anonymous_28)
FN:1209,(anonymous_29)
FNF:29
FNH:0
FNDA:0,(anonymous_1)
FNDA:0,(anonymous_2)
FNDA:0,(anonymous_3)
FNDA:0,(anonymous_4)
FNDA:0,(anonymous_5)
FNDA:0,(anonymous_6)
FNDA:0,(anonymous_7)
FNDA:0,(anonymous_8)
FNDA:0,(anonymous_9)
FNDA:0,(anonymous_10)
FNDA:0,(anonymous_11)
FNDA:0,(anonymous_12)
FNDA:0,(anonymous_13)
FNDA:0,(anonymous_14)
FNDA:0,(anonymous_15)
FNDA:0,(anonymous_16)
FNDA:0,(anonymous_17)
FNDA:0,(anonymous_18)
FNDA:0,(anonymous_19)
FNDA:0,(anonymous_20)
FNDA:0,(anonymous_21)
FNDA:0,(anonymous_22)
FNDA:0,(anonymous_23)
FNDA:0,(anonymous_24)
FNDA:0,(anonymous_25)
FNDA:0,(anonymous_26)
FNDA:0,(anonymous_27)
FNDA:0,(anonymous_28)
FNDA:0,(anonymous_29)
DA:2,0
DA:3,0
DA:10,0
DA:11,0
DA:12,0
DA:13,0
DA:14,0
DA:15,0
DA:18,0
DA:23,0
DA:28,0
DA:29,0
DA:31,0
DA:32,0
DA:36,0
DA:37,0
DA:38,0
DA:39,0
DA:40,0
DA:44,0
DA:48,0
DA:52,0
DA:53,0
DA:57,0
DA:63,0
DA:64,0
DA:68,0
DA:69,0
DA:82,0
DA:87,0
DA:88,0
DA:89,0
DA:93,0
DA:97,0
DA:102,0
DA:105,0
DA:111,0
DA:112,0
DA:113,0
DA:118,0
DA:125,0
DA:133,0
DA:155,0
DA:157,0
DA:164,0
DA:171,0
DA:181,0
DA:184,0
DA:193,0
DA:198,0
DA:200,0
DA:206,0
DA:221,0
DA:226,0
DA:227,0
DA:229,0
DA:230,0
DA:233,0
DA:234,0
DA:237,0
DA:238,0
DA:241,0
DA:244,0
DA:251,0
DA:252,0
DA:255,0
DA:261,0
DA:262,0
DA:265,0
DA:272,0
DA:284,0
DA:289,0
DA:291,0
DA:292,0
DA:294,0
DA:295,0
DA:297,0
DA:298,0
DA:300,0
DA:301,0
DA:303,0
DA:307,0
DA:314,0
DA:322,0
DA:329,0
DA:332,0
DA:333,0
DA:336,0
DA:337,0
DA:339,0
DA:345,0
DA:347,0
DA:354,0
DA:359,0
DA:361,0
DA:362,0
DA:366,0
DA:368,0
DA:369,0
DA:373,0
DA:374,0
DA:375,0
DA:378,0
DA:388,0
DA:391,0
DA:401,0
DA:407,0
DA:414,0
DA:439,0
DA:444,0
DA:446,0
DA:447,0
DA:459,0
DA:462,0
DA:463,0
DA:467,0
DA:495,0
DA:497,0
DA:498,0
DA:521,0
DA:535,0
DA:542,0
DA:555,0
DA:560,0
DA:562,0
DA:563,0
DA:566,0
DA:568,0
DA:577,0
DA:580,0
DA:586,0
DA:592,0
DA:611,0
DA:616,0
DA:618,0
DA:619,0
DA:623,0
DA:624,0
DA:625,0
DA:628,0
DA:629,0
DA:632,0
DA:636,0
DA:639,0
DA:640,0
DA:641,0
DA:645,0
DA:652,0
DA:653,0
DA:656,0
DA:682,0
DA:687,0
DA:688,0
DA:689,0
DA:691,0
DA:692,0
DA:695,0
DA:696,0
DA:699,0
DA:700,0
DA:701,0
DA:705,0
DA:706,0
DA:709,0
DA:711,0
DA:713,0
DA:714,0
DA:717,0
DA:718,0
DA:721,0
DA:722,0
DA:723,0
DA:727,0
DA:729,0
DA:731,0
DA:750,0
DA:770,0
DA:772,0
DA:774,0
DA:775,0
DA:776,0
DA:777,0
DA:780,0
DA:781,0
DA:784,0
DA:785,0
DA:788,0
DA:789,0
DA:792,0
DA:793,0
DA:796,0
DA:797,0
DA:800,0
DA:801,0
DA:804,0
DA:805,0
DA:808,0
DA:816,0
DA:819,0
DA:850,0
DA:863,0
DA:865,0
DA:866,0
DA:869,0
DA:876,0
DA:880,0
DA:881,0
DA:884,0
DA:885,0
DA:889,0
DA:892,0
DA:893,0
DA:894,0
DA:900,0
DA:903,0
DA:906,0
DA:908,0
DA:911,0
DA:924,0
DA:934,0
DA:936,0
DA:937,0
DA:940,0
DA:947,0
DA:950,0
DA:964,0
DA:969,0
DA:970,0
DA:972,0
DA:973,0
DA:976,0
DA:977,0
DA:981,0
DA:982,0
DA:983,0
DA:987,0
DA:988,0
DA:990,0
DA:991,0
DA:995,0
DA:998,0
DA:1001,0
DA:1003,0
DA:1005,0
DA:1012,0
DA:1017,0
DA:1018,0
DA:1020,0
DA:1021,0
DA:1024,0
DA:1025,0
DA:1029,0
DA:1030,0
DA:1031,0
DA:1035,0
DA:1036,0
DA:1038,0
DA:1039,0
DA:1043,0
DA:1046,0
DA:1049,0
DA:1051,0
DA:1053,0
DA:1060,0
DA:1065,0
DA:1070,0
DA:1072,0
DA:1073,0
DA:1076,0
DA:1081,0
DA:1082,0
DA:1085,0
DA:1087,0
DA:1090,0
DA:1115,0
DA:1124,0
DA:1126,0
DA:1128,0
DA:1129,0
DA:1132,0
DA:1133,0
DA:1136,0
DA:1137,0
DA:1141,0
DA:1144,0
DA:1145,0
DA:1146,0
DA:1150,0
DA:1153,0
DA:1156,0
DA:1158,0
DA:1165,0
DA:1170,0
DA:1171,0
DA:1172,0
DA:1174,0
DA:1175,0
DA:1178,0
DA:1179,0
DA:1182,0
DA:1183,0
DA:1184,0
DA:1188,0
DA:1189,0
DA:1192,0
DA:1193,0
DA:1194,0
DA:1198,0
DA:1200,0
DA:1202,0
DA:1209,0
DA:1214,0
DA:1215,0
DA:1216,0
DA:1218,0
DA:1219,0
DA:1222,0
DA:1223,0
DA:1226,0
DA:1227,0
DA:1228,0
DA:1232,0
DA:1234,0
DA:1241,0
DA:1256,0
LF:325
LH:0
BRDA:31,0,0,0
BRDA:38,1,0,0
BRDA:52,2,0,0
BRDA:68,3,0,0
BRDA:88,4,0,0
BRDA:112,5,0,0
BRDA:127,6,0,0
BRDA:127,6,1,0
BRDA:136,7,0,0
BRDA:136,7,1,0
BRDA:148,8,0,0
BRDA:148,8,1,0
BRDA:150,9,0,0
BRDA:150,9,1,0
BRDA:177,10,0,0
BRDA:178,11,0,0
BRDA:179,12,0,0
BRDA:180,13,0,0
BRDA:198,14,0,0
BRDA:198,14,1,0
BRDA:229,15,0,0
BRDA:233,16,0,0
BRDA:233,17,0,0
BRDA:233,17,1,0
BRDA:233,17,2,0
BRDA:237,18,0,0
BRDA:241,19,0,0
BRDA:241,19,1,0
BRDA:241,20,0,0
BRDA:241,20,1,0
BRDA:251,21,0,0
BRDA:274,22,0,0
BRDA:274,22,1,0
BRDA:274,23,0,0
BRDA:274,23,1,0
BRDA:289,24,0,0
BRDA:292,25,0,0
BRDA:292,25,1,0
BRDA:292,25,2,0
BRDA:292,25,3,0
BRDA:361,26,0,0
BRDA:368,27,0,0
BRDA:374,28,0,0
BRDA:374,29,0,0
BRDA:374,29,1,0
BRDA:379,30,0,0
BRDA:379,30,1,0
BRDA:380,31,0,0
BRDA:380,31,1,0
BRDA:381,32,0,0
BRDA:381,32,1,0
BRDA:382,33,0,0
BRDA:382,33,1,0
BRDA:383,34,0,0
BRDA:383,34,1,0
BRDA:384,35,0,0
BRDA:384,35,1,0
BRDA:411,36,0,0
BRDA:411,36,1,0
BRDA:431,37,0,0
BRDA:431,37,1,0
BRDA:446,38,0,0
BRDA:457,39,0,0
BRDA:462,40,0,0
BRDA:462,41,0,0
BRDA:462,41,1,0
BRDA:462,41,2,0
BRDA:474,42,0,0
BRDA:474,42,1,0
BRDA:481,43,0,0
BRDA:481,43,1,0
BRDA:482,44,0,0
BRDA:482,44,1,0
BRDA:488,45,0,0
BRDA:488,45,1,0
BRDA:489,46,0,0
BRDA:489,46,1,0
BRDA:495,47,0,0
BRDA:495,47,1,0
BRDA:497,48,0,0
BRDA:497,48,1,0
BRDA:505,49,0,0
BRDA:505,49,1,0
BRDA:529,50,0,0
BRDA:529,50,1,0
BRDA:562,51,0,0
BRDA:618,52,0,0
BRDA:624,53,0,0
BRDA:640,54,0,0
BRDA:691,55,0,0
BRDA:695,56,0,0
BRDA:700,57,0,0
BRDA:705,58,0,0
BRDA:705,59,0,0
BRDA:705,59,1,0
BRDA:705,59,2,0
BRDA:713,60,0,0
BRDA:717,61,0,0
BRDA:722,62,0,0
BRDA:756,63,0,0
BRDA:757,64,0,0
BRDA:758,65,0,0
BRDA:759,66,0,0
BRDA:762,67,0,0
BRDA:774,68,0,0
BRDA:774,69,0,0
BRDA:774,69,1,0
BRDA:780,70,0,0
BRDA:784,71,0,0
BRDA:788,72,0,0
BRDA:792,73,0,0
BRDA:796,74,0,0
BRDA:800,75,0,0
BRDA:804,76,0,0
BRDA:860,77,0,0
BRDA:865,78,0,0
BRDA:865,79,0,0
BRDA:865,79,1,0
BRDA:865,79,2,0
BRDA:865,79,3,0
BRDA:880,80,0,0
BRDA:884,81,0,0
BRDA:893,82,0,0
BRDA:932,83,0,0
BRDA:933,84,0,0
BRDA:936,85,0,0
BRDA:936,86,0,0
BRDA:936,86,1,0
BRDA:972,87,0,0
BRDA:976,88,0,0
BRDA:982,89,0,0
BRDA:990,90,0,0
BRDA:1020,91,0,0
BRDA:1024,92,0,0
BRDA:1030,93,0,0
BRDA:1038,94,0,0
BRDA:1067,95,0,0
BRDA:1068,96,0,0
BRDA:1072,97,0,0
BRDA:1081,98,0,0
BRDA:1128,99,0,0
BRDA:1132,100,0,0
BRDA:1136,101,0,0
BRDA:1145,102,0,0
BRDA:1174,103,0,0
BRDA:1178,104,0,0
BRDA:1183,105,0,0
BRDA:1188,106,0,0
BRDA:1188,107,0,0
BRDA:1188,107,1,0
BRDA:1188,107,2,0
BRDA:1193,108,0,0
BRDA:1218,109,0,0
BRDA:1222,110,0,0
BRDA:1227,111,0,0
BRF:155
BRH:0
end_of_record
TN:
SF:src/controllers/commentController.ts
FN:21,(anonymous_1)
FN:134,(anonymous_2)
FN:170,(anonymous_3)
FN:198,(anonymous_4)
FN:237,(anonymous_5)
FN:267,(anonymous_6)
FN:292,(anonymous_7)
FN:361,(anonymous_8)
FN:381,(anonymous_9)
FN:396,(anonymous_10)
FN:456,(anonymous_11)
FN:486,(anonymous_12)
FNF:12
FNH:0
FNDA:0,(anonymous_1)
FNDA:0,(anonymous_2)
FNDA:0,(anonymous_3)
FNDA:0,(anonymous_4)
FNDA:0,(anonymous_5)
FNDA:0,(anonymous_6)
FNDA:0,(anonymous_7)
FNDA:0,(anonymous_8)
FNDA:0,(anonymous_9)
FNDA:0,(anonymous_10)
FNDA:0,(anonymous_11)
FNDA:0,(anonymous_12)
DA:2,0
DA:3,0
DA:21,0
DA:22,0
DA:23,0
DA:24,0
DA:25,0
DA:27,0
DA:28,0
DA:31,0
DA:32,0
DA:35,0
DA:36,0
DA:40,0
DA:41,0
DA:42,0
DA:46,0
DA:47,0
DA:48,0
DA:49,0
DA:51,0
DA:52,0
DA:57,0
DA:58,0
DA:70,0
DA:81,0
DA:82,0
DA:83,0
DA:95,0
DA:96,0
DA:97,0
DA:98,0
DA:99,0
DA:111,0
DA:128,0
DA:129,0
DA:134,0
DA:135,0
DA:136,0
DA:137,0
DA:138,0
DA:141,0
DA:142,0
DA:143,0
DA:147,0
DA:148,0
DA:149,0
DA:150,0
DA:151,0
DA:155,0
DA:169,0
DA:171,0
DA:182,0
DA:187,0
DA:198,0
DA:215,0
DA:221,0
DA:231,0
DA:232,0
DA:237,0
DA:238,0
DA:239,0
DA:240,0
DA:241,0
DA:244,0
DA:245,0
DA:246,0
DA:249,0
DA:261,0
DA:266,0
DA:267,0
DA:286,0
DA:287,0
DA:292,0
DA:293,0
DA:294,0
DA:295,0
DA:296,0
DA:298,0
DA:299,0
DA:302,0
DA:303,0
DA:306,0
DA:307,0
DA:311,0
DA:312,0
DA:313,0
DA:316,0
DA:317,0
DA:321,0
DA:329,0
DA:339,0
DA:355,0
DA:356,0
DA:361,0
DA:362,0
DA:363,0
DA:364,0
DA:366,0
DA:367,0
DA:371,0
DA:372,0
DA:373,0
DA:376,0
DA:377,0
DA:381,0
DA:383,0
DA:385,0
DA:388,0
DA:390,0
DA:391,0
DA:396,0
DA:397,0
DA:398,0
DA:399,0
DA:401,0
DA:402,0
DA:406,0
DA:407,0
DA:408,0
DA:412,0
DA:416,0
DA:417,0
DA:421,0
DA:422,0
DA:430,0
DA:435,0
DA:436,0
DA:437,0
DA:448,0
DA:450,0
DA:451,0
DA:456,0
DA:457,0
DA:458,0
DA:459,0
DA:461,0
DA:462,0
DA:465,0
DA:469,0
DA:470,0
DA:474,0
DA:478,0
DA:480,0
DA:481,0
DA:486,0
DA:495,0
DA:496,0
DA:497,0
DA:503,0
DA:505,0
DA:506,0
LF:152
LH:0
BRDA:27,0,0,0
BRDA:31,1,0,0
BRDA:31,2,0,0
BRDA:31,2,1,0
BRDA:35,3,0,0
BRDA:41,4,0,0
BRDA:46,5,0,0
BRDA:48,6,0,0
BRDA:51,7,0,0
BRDA:62,8,0,0
BRDA:62,8,1,0
BRDA:81,9,0,0
BRDA:81,10,0,0
BRDA:81,10,1,0
BRDA:95,11,0,0
BRDA:95,12,0,0
BRDA:95,12,1,0
BRDA:97,13,0,0
BRDA:97,14,0,0
BRDA:97,14,1,0
BRDA:137,15,0,0
BRDA:137,16,0,0
BRDA:137,17,0,0
BRDA:142,18,0,0
BRDA:148,19,0,0
BRDA:148,19,1,0
BRDA:150,20,0,0
BRDA:209,21,0,0
BRDA:209,21,1,0
BRDA:226,22,0,0
BRDA:226,22,1,0
BRDA:227,23,0,0
BRDA:227,23,1,0
BRDA:240,24,0,0
BRDA:240,25,0,0
BRDA:245,26,0,0
BRDA:281,27,0,0
BRDA:281,27,1,0
BRDA:282,28,0,0
BRDA:282,28,1,0
BRDA:298,29,0,0
BRDA:302,30,0,0
BRDA:302,31,0,0
BRDA:302,31,1,0
BRDA:306,32,0,0
BRDA:312,33,0,0
BRDA:316,34,0,0
BRDA:316,35,0,0
BRDA:316,35,1,0
BRDA:366,36,0,0
BRDA:372,37,0,0
BRDA:376,38,0,0
BRDA:376,39,0,0
BRDA:376,39,1,0
BRDA:401,40,0,0
BRDA:407,41,0,0
BRDA:416,42,0,0
BRDA:435,43,0,0
BRDA:435,44,0,0
BRDA:435,44,1,0
BRDA:461,45,0,0
BRDA:469,46,0,0
BRF:62
BRH:0
end_of_record
TN:
SF:src/controllers/followController.ts
FN:20,(anonymous_1)
FN:59,(anonymous_2)
FN:99,(anonymous_3)
FN:129,(anonymous_4)
FN:151,(anonymous_5)
FN:203,(anonymous_6)
FN:255,(anonymous_7)
FN:292,(anonymous_8)
FN:305,(anonymous_9)
FN:325,(anonymous_10)
FN:349,(anonymous_11)
FNF:11
FNH:0
FNDA:0,(anonymous_1)
FNDA:0,(anonymous_2)
FNDA:0,(anonymous_3)
FNDA:0,(anonymous_4)
FNDA:0,(anonymous_5)
FNDA:0,(anonymous_6)
FNDA:0,(anonymous_7)
FNDA:0,(anonymous_8)
FNDA:0,(anonymous_9)
FNDA:0,(anonymous_10)
FNDA:0,(anonymous_11)
DA:2,0
DA:20,0
DA:21,0
DA:22,0
DA:23,0
DA:25,0
DA:26,0
DA:29,0
DA:30,0
DA:34,0
DA:35,0
DA:36,0
DA:40,0
DA:47,0
DA:48,0
DA:52,0
DA:59,0
DA:61,0
DA:66,0
DA:72,0
DA:73,0
DA:74,0
DA:85,0
DA:93,0
DA:94,0
DA:99,0
DA:100,0
DA:101,0
DA:102,0
DA:104,0
DA:105,0
DA:109,0
DA:116,0
DA:117,0
DA:121,0
DA:129,0
DA:131,0
DA:136,0
DA:141,0
DA:145,0
DA:146,0
DA:151,0
DA:152,0
DA:153,0
DA:154,0
DA:155,0
DA:158,0
DA:159,0
DA:160,0
DA:164,0
DA:182,0
DA:187,0
DA:197,0
DA:198,0
DA:203,0
DA:204,0
DA:205,0
DA:206,0
DA:207,0
DA:210,0
DA:211,0
DA:212,0
DA:216,0
DA:234,0
DA:239,0
DA:249,0
DA:250,0
DA:255,0
DA:256,0
DA:257,0
DA:258,0
DA:260,0
DA:261,0
DA:265,0
DA:273,0
DA:280,0
DA:286,0
DA:287,0
DA:292,0
DA:293,0
DA:294,0
DA:295,0
DA:296,0
DA:297,0
DA:299,0
DA:300,0
DA:304,0
DA:306,0
DA:324,0
DA:326,0
DA:333,0
DA:343,0
DA:344,0
DA:349,0
DA:358,0
DA:359,0
DA:360,0
DA:362,0
DA:363,0
DA:370,0
DA:372,0
DA:373,0
LF:102
LH:0
BRDA:25,0,0,0
BRDA:29,1,0,0
BRDA:35,2,0,0
BRDA:47,3,0,0
BRDA:73,4,0,0
BRDA:73,5,0,0
BRDA:73,5,1,0
BRDA:104,6,0,0
BRDA:116,7,0,0
BRDA:154,8,0,0
BRDA:154,9,0,0
BRDA:159,10,0,0
BRDA:192,11,0,0
BRDA:192,11,1,0
BRDA:193,12,0,0
BRDA:193,12,1,0
BRDA:206,13,0,0
BRDA:206,14,0,0
BRDA:211,15,0,0
BRDA:244,16,0,0
BRDA:244,16,1,0
BRDA:245,17,0,0
BRDA:245,17,1,0
BRDA:260,18,0,0
BRDA:283,19,0,0
BRDA:283,19,1,0
BRDA:296,20,0,0
BRDA:296,21,0,0
BRDA:299,22,0,0
BRDA:338,23,0,0
BRDA:338,23,1,0
BRDA:339,24,0,0
BRDA:339,24,1,0
BRDA:358,25,0,0
BRF:34
BRH:0
end_of_record
TN:
SF:src/controllers/interactionController.ts
FN:14,(anonymous_0)
FN:21,(anonymous_1)
FN:78,(anonymous_2)
FN:83,(anonymous_3)
FN:102,(anonymous_4)
FN:138,(anonymous_5)
FN:149,(anonymous_6)
FN:169,(anonymous_7)
FN:188,(anonymous_8)
FN:241,(anonymous_9)
FN:252,(anonymous_10)
FN:272,(anonymous_11)
FN:283,(anonymous_12)
FN:288,(anonymous_13)
FN:293,(anonymous_14)
FN:300,(anonymous_15)
FN:322,(anonymous_16)
FN:332,(anonymous_17)
FN:336,(anonymous_18)
FN:340,(anonymous_19)
FN:365,(anonymous_20)
FN:375,(anonymous_21)
FN:379,(anonymous_22)
FN:383,(anonymous_23)
FN:408,(anonymous_24)
FN:437,(anonymous_25)
FN:441,(anonymous_26)
FN:445,(anonymous_27)
FN:451,(anonymous_28)
FN:466,(anonymous_29)
FN:470,(anonymous_30)
FN:500,(anonymous_31)
FN:523,(anonymous_32)
FN:527,(anonymous_33)
FN:531,(anonymous_34)
FN:548,(anonymous_35)
FN:550,(anonymous_36)
FNF:37
FNH:0
FNDA:0,(anonymous_0)
FNDA:0,(anonymous_1)
FNDA:0,(anonymous_2)
FNDA:0,(anonymous_3)
FNDA:0,(anonymous_4)
FNDA:0,(anonymous_5)
FNDA:0,(anonymous_6)
FNDA:0,(anonymous_7)
FNDA:0,(anonymous_8)
FNDA:0,(anonymous_9)
FNDA:0,(anonymous_10)
FNDA:0,(anonymous_11)
FNDA:0,(anonymous_12)
FNDA:0,(anonymous_13)
FNDA:0,(anonymous_14)
FNDA:0,(anonymous_15)
FNDA:0,(anonymous_16)
FNDA:0,(anonymous_17)
FNDA:0,(anonymous_18)
FNDA:0,(anonymous_19)
FNDA:0,(anonymous_20)
FNDA:0,(anonymous_21)
FNDA:0,(anonymous_22)
FNDA:0,(anonymous_23)
FNDA:0,(anonymous_24)
FNDA:0,(anonymous_25)
FNDA:0,(anonymous_26)
FNDA:0,(anonymous_27)
FNDA:0,(anonymous_28)
FNDA:0,(anonymous_29)
FNDA:0,(anonymous_30)
FNDA:0,(anonymous_31)
FNDA:0,(anonymous_32)
FNDA:0,(anonymous_33)
FNDA:0,(anonymous_34)
FNDA:0,(anonymous_35)
FNDA:0,(anonymous_36)
DA:14,0
DA:15,0
DA:16,0
DA:17,0
DA:21,0
DA:22,0
DA:23,0
DA:74,0
DA:75,0
DA:78,0
DA:79,0
DA:83,0
DA:84,0
DA:85,0
DA:86,0
DA:88,0
DA:89,0
DA:92,0
DA:93,0
DA:96,0
DA:97,0
DA:101,0
DA:102,0
DA:107,0
DA:108,0
DA:112,0
DA:125,0
DA:127,0
DA:132,0
DA:133,0
DA:138,0
DA:139,0
DA:140,0
DA:141,0
DA:143,0
DA:144,0
DA:148,0
DA:149,0
DA:154,0
DA:155,0
DA:159,0
DA:161,0
DA:163,0
DA:164,0
DA:169,0
DA:170,0
DA:171,0
DA:172,0
DA:174,0
DA:175,0
DA:178,0
DA:179,0
DA:182,0
DA:183,0
DA:187,0
DA:188,0
DA:193,0
DA:194,0
DA:198,0
DA:207,0
DA:208,0
DA:220,0
DA:221,0
DA:228,0
DA:230,0
DA:235,0
DA:236,0
DA:241,0
DA:242,0
DA:243,0
DA:244,0
DA:246,0
DA:247,0
DA:251,0
DA:252,0
DA:257,0
DA:258,0
DA:262,0
DA:264,0
DA:266,0
DA:267,0
DA:272,0
DA:273,0
DA:274,0
DA:275,0
DA:277,0
DA:278,0
DA:282,0
DA:283,0
DA:287,0
DA:288,0
DA:292,0
DA:293,0
DA:299,0
DA:300,0
DA:305,0
DA:314,0
DA:316,0
DA:317,0
DA:322,0
DA:323,0
DA:324,0
DA:325,0
DA:327,0
DA:328,0
DA:332,0
DA:335,0
DA:336,0
DA:340,0
DA:343,0
DA:344,0
DA:345,0
DA:346,0
DA:347,0
DA:349,0
DA:359,0
DA:360,0
DA:365,0
DA:366,0
DA:367,0
DA:368,0
DA:370,0
DA:371,0
DA:375,0
DA:378,0
DA:379,0
DA:383,0
DA:386,0
DA:387,0
DA:388,0
DA:389,0
DA:390,0
DA:392,0
DA:402,0
DA:403,0
DA:408,0
DA:409,0
DA:410,0
DA:411,0
DA:413,0
DA:414,0
DA:418,0
DA:421,0
DA:423,0
DA:424,0
DA:426,0
DA:427,0
DA:429,0
DA:430,0
DA:432,0
DA:436,0
DA:437,0
DA:440,0
DA:441,0
DA:445,0
DA:446,0
DA:447,0
DA:451,0
DA:452,0
DA:453,0
DA:457,0
DA:458,0
DA:460,0
DA:461,0
DA:462,0
DA:463,0
DA:465,0
DA:466,0
DA:469,0
DA:470,0
DA:473,0
DA:481,0
DA:492,0
DA:494,0
DA:495,0
DA:500,0
DA:501,0
DA:502,0
DA:505,0
DA:508,0
DA:510,0
DA:511,0
DA:513,0
DA:514,0
DA:516,0
DA:517,0
DA:519,0
DA:523,0
DA:526,0
DA:527,0
DA:531,0
DA:532,0
DA:533,0
DA:534,0
DA:541,0
DA:542,0
DA:543,0
DA:547,0
DA:548,0
DA:550,0
DA:555,0
DA:561,0
DA:562,0
LF:203
LH:0
BRDA:14,0,0,0
BRDA:14,0,1,0
BRDA:21,1,0,0
BRDA:21,1,1,0
BRDA:88,2,0,0
BRDA:92,3,0,0
BRDA:92,4,0,0
BRDA:92,4,1,0
BRDA:96,5,0,0
BRDA:102,6,0,0
BRDA:102,6,1,0
BRDA:102,6,2,0
BRDA:107,7,0,0
BRDA:143,8,0,0
BRDA:149,9,0,0
BRDA:149,9,1,0
BRDA:149,9,2,0
BRDA:154,10,0,0
BRDA:174,11,0,0
BRDA:178,12,0,0
BRDA:178,13,0,0
BRDA:178,13,1,0
BRDA:182,14,0,0
BRDA:188,15,0,0
BRDA:188,15,1,0
BRDA:188,15,2,0
BRDA:193,16,0,0
BRDA:207,17,0,0
BRDA:220,18,0,0
BRDA:246,19,0,0
BRDA:252,20,0,0
BRDA:252,20,1,0
BRDA:252,20,2,0
BRDA:257,21,0,0
BRDA:277,22,0,0
BRDA:277,23,0,0
BRDA:277,23,1,0
BRDA:283,24,0,0
BRDA:283,24,1,0
BRDA:288,25,0,0
BRDA:288,25,1,0
BRDA:292,26,0,0
BRDA:292,26,1,0
BRDA:293,27,0,0
BRDA:293,27,1,0
BRDA:293,27,2,0
BRDA:299,28,0,0
BRDA:299,28,1,0
BRDA:300,29,0,0
BRDA:300,29,1,0
BRDA:300,29,2,0
BRDA:325,30,0,0
BRDA:325,31,0,0
BRDA:327,32,0,0
BRDA:335,33,0,0
BRDA:368,34,0,0
BRDA:368,35,0,0
BRDA:370,36,0,0
BRDA:378,37,0,0
BRDA:411,38,0,0
BRDA:413,39,0,0
BRDA:421,40,0,0
BRDA:421,40,1,0
BRDA:421,40,2,0
BRDA:421,40,3,0
BRDA:437,41,0,0
BRDA:437,41,1,0
BRDA:441,42,0,0
BRDA:441,42,1,0
BRDA:446,43,0,0
BRDA:446,43,1,0
BRDA:452,44,0,0
BRDA:452,44,1,0
BRDA:458,45,0,0
BRDA:458,45,1,0
BRDA:458,46,0,0
BRDA:458,46,1,0
BRDA:466,47,0,0
BRDA:466,47,1,0
BRDA:470,48,0,0
BRDA:470,48,1,0
BRDA:502,49,0,0
BRDA:502,50,0,0
BRDA:508,51,0,0
BRDA:508,51,1,0
BRDA:508,51,2,0
BRDA:508,51,3,0
BRDA:526,52,0,0
BRDA:533,53,0,0
BRF:89
BRH:0
end_of_record
TN:
SF:src/controllers/lbsController.ts
FN:47,(anonymous_0)
FN:128,(anonymous_1)
FN:288,(anonymous_2)
FN:388,(anonymous_3)
FN:443,(anonymous_4)
FN:506,(anonymous_5)
FN:567,(anonymous_6)
FN:608,createRewardRecord
FNF:8
FNH:0
FNDA:0,(anonymous_0)
FNDA:0,(anonymous_1)
FNDA:0,(anonymous_2)
FNDA:0,(anonymous_3)
FNDA:0,(anonymous_4)
FNDA:0,(anonymous_5)
FNDA:0,(anonymous_6)
FNDA:0,createRewardRecord
DA:2,0
DA:3,0
DA:8,0
DA:9,0
DA:10,0
DA:11,0
DA:47,0
DA:52,0
DA:53,0
DA:55,0
DA:56,0
DA:59,0
DA:60,0
DA:64,0
DA:65,0
DA:68,0
DA:70,0
DA:75,0
DA:93,0
DA:106,0
DA:112,0
DA:114,0
DA:122,0
DA:123,0
DA:128,0
DA:133,0
DA:134,0
DA:136,0
DA:137,0
DA:140,0
DA:141,0
DA:144,0
DA:146,0
DA:147,0
DA:150,0
DA:156,0
DA:157,0
DA:161,0
DA:165,0
DA:166,0
DA:168,0
DA:169,0
DA:170,0
DA:171,0
DA:173,0
DA:174,0
DA:176,0
DA:181,0
DA:186,0
DA:187,0
DA:191,0
DA:196,0
DA:197,0
DA:201,0
DA:202,0
DA:205,0
DA:223,0
DA:237,0
DA:260,0
DA:261,0
DA:267,0
DA:269,0
DA:282,0
DA:283,0
DA:288,0
DA:293,0
DA:294,0
DA:296,0
DA:297,0
DA:300,0
DA:301,0
DA:304,0
DA:306,0
DA:307,0
DA:330,0
DA:331,0
DA:337,0
DA:341,0
DA:342,0
DA:353,0
DA:368,0
DA:371,0
DA:373,0
DA:382,0
DA:383,0
DA:388,0
DA:393,0
DA:394,0
DA:396,0
DA:397,0
DA:400,0
DA:401,0
DA:403,0
DA:406,0
DA:407,0
DA:410,0
DA:411,0
DA:414,0
DA:423,0
DA:437,0
DA:438,0
DA:443,0
DA:448,0
DA:449,0
DA:451,0
DA:452,0
DA:455,0
DA:457,0
DA:461,0
DA:462,0
DA:466,0
DA:467,0
DA:471,0
DA:475,0
DA:483,0
DA:488,0
DA:490,0
DA:500,0
DA:501,0
DA:506,0
DA:511,0
DA:513,0
DA:514,0
DA:517,0
DA:518,0
DA:522,0
DA:524,0
DA:531,0
DA:536,0
DA:540,0
DA:546,0
DA:551,0
DA:561,0
DA:562,0
DA:567,0
DA:572,0
DA:574,0
DA:575,0
DA:578,0
DA:579,0
DA:580,0
DA:587,0
DA:588,0
DA:591,0
DA:593,0
DA:602,0
DA:603,0
DA:609,0
DA:629,0
LF:149
LH:0
BRDA:55,0,0,0
BRDA:59,1,0,0
BRDA:59,2,0,0
BRDA:59,2,1,0
BRDA:64,3,0,0
BRDA:64,4,0,0
BRDA:64,4,1,0
BRDA:64,4,2,0
BRDA:64,4,3,0
BRDA:134,5,0,0
BRDA:136,6,0,0
BRDA:140,7,0,0
BRDA:140,8,0,0
BRDA:140,8,1,0
BRDA:156,9,0,0
BRDA:168,10,0,0
BRDA:173,11,0,0
BRDA:174,12,0,0
BRDA:174,12,1,0
BRDA:186,13,0,0
BRDA:196,14,0,0
BRDA:228,15,0,0
BRDA:228,15,1,0
BRDA:228,16,0,0
BRDA:228,16,1,0
BRDA:260,17,0,0
BRDA:278,18,0,0
BRDA:278,18,1,0
BRDA:294,19,0,0
BRDA:296,20,0,0
BRDA:300,21,0,0
BRDA:300,22,0,0
BRDA:300,22,1,0
BRDA:341,23,0,0
BRDA:341,23,1,0
BRDA:394,24,0,0
BRDA:394,25,0,0
BRDA:396,26,0,0
BRDA:406,27,0,0
BRDA:410,28,0,0
BRDA:431,29,0,0
BRDA:431,29,1,0
BRDA:432,30,0,0
BRDA:432,30,1,0
BRDA:451,31,0,0
BRDA:461,32,0,0
BRDA:466,33,0,0
BRDA:466,34,0,0
BRDA:466,34,1,0
BRDA:486,35,0,0
BRDA:486,35,1,0
BRDA:496,36,0,0
BRDA:496,36,1,0
BRDA:513,37,0,0
BRDA:522,38,0,0
BRDA:557,39,0,0
BRDA:557,39,1,0
BRDA:572,40,0,0
BRDA:578,41,0,0
BRDA:578,42,0,0
BRDA:578,42,1,0
BRDA:587,43,0,0
BRDA:616,44,0,0
BRDA:616,44,1,0
BRDA:617,45,0,0
BRDA:617,45,1,0
BRDA:624,46,0,0
BRDA:624,46,1,0
BRF:68
BRH:0
end_of_record
TN:
SF:src/controllers/mediaController.ts
FN:33,(anonymous_1)
FN:47,(anonymous_2)
FN:53,(anonymous_3)
FN:125,(anonymous_4)
FN:143,(anonymous_5)
FN:236,(anonymous_6)
FN:269,(anonymous_7)
FNF:7
FNH:0
FNDA:0,(anonymous_1)
FNDA:0,(anonymous_2)
FNDA:0,(anonymous_3)
FNDA:0,(anonymous_4)
FNDA:0,(anonymous_5)
FNDA:0,(anonymous_6)
FNDA:0,(anonymous_7)
DA:2,0
DA:3,0
DA:4,0
DA:5,0
DA:6,0
DA:7,0
DA:33,0
DA:34,0
DA:35,0
DA:37,0
DA:38,0
DA:40,0
DA:41,0
DA:43,0
DA:47,0
DA:48,0
DA:49,0
DA:53,0
DA:58,0
DA:59,0
DA:60,0
DA:62,0
DA:63,0
DA:66,0
DA:67,0
DA:70,0
DA:72,0
DA:73,0
DA:74,0
DA:75,0
DA:78,0
DA:95,0
DA:97,0
DA:98,0
DA:101,0
DA:116,0
DA:119,0
DA:121,0
DA:125,0
DA:138,0
DA:143,0
DA:148,0
DA:149,0
DA:156,0
DA:158,0
DA:159,0
DA:162,0
DA:167,0
DA:168,0
DA:169,0
DA:174,0
DA:175,0
DA:180,0
DA:181,0
DA:197,0
DA:212,0
DA:218,0
DA:231,0
DA:236,0
DA:241,0
DA:242,0
DA:243,0
DA:245,0
DA:246,0
DA:249,0
DA:255,0
DA:256,0
DA:259,0
DA:264,0
DA:269,0
DA:274,0
DA:275,0
DA:276,0
DA:278,0
DA:279,0
DA:282,0
DA:288,0
DA:289,0
DA:293,0
DA:301,0
DA:302,0
DA:303,0
DA:306,0
DA:309,0
DA:311,0
DA:316,0
LF:86
LH:0
BRDA:34,0,0,0
BRDA:37,1,0,0
BRDA:40,2,0,0
BRDA:48,3,0,0
BRDA:48,3,1,0
BRDA:62,4,0,0
BRDA:62,5,0,0
BRDA:62,5,1,0
BRDA:66,6,0,0
BRDA:95,7,0,0
BRDA:95,7,1,0
BRDA:97,8,0,0
BRDA:97,8,1,0
BRDA:151,9,0,0
BRDA:152,10,0,0
BRDA:154,11,0,0
BRDA:155,12,0,0
BRDA:158,13,0,0
BRDA:167,14,0,0
BRDA:167,14,1,0
BRDA:168,15,0,0
BRDA:168,16,0,0
BRDA:168,16,1,0
BRDA:175,17,0,0
BRDA:175,17,1,0
BRDA:180,18,0,0
BRDA:180,18,1,0
BRDA:245,19,0,0
BRDA:255,20,0,0
BRDA:278,21,0,0
BRDA:288,22,0,0
BRDA:302,23,0,0
BRF:32
BRH:0
end_of_record
TN:
SF:src/controllers/monitorController.ts
FN:12,(anonymous_1)
FN:43,(anonymous_2)
FN:76,(anonymous_3)
FN:120,(anonymous_4)
FN:162,(anonymous_5)
FN:207,(anonymous_6)
FN:253,(anonymous_7)
FN:283,(anonymous_8)
FN:299,(anonymous_9)
FN:343,(anonymous_10)
FN:387,(anonymous_11)
FN:424,(anonymous_12)
FN:457,(anonymous_13)
FN:462,(anonymous_14)
FN:477,(anonymous_15)
FN:489,(anonymous_16)
FN:502,(anonymous_17)
FN:514,(anonymous_18)
FN:523,(anonymous_19)
FN:531,(anonymous_20)
FN:539,(anonymous_21)
FN:547,(anonymous_22)
FN:555,(anonymous_23)
FN:560,(anonymous_24)
FN:565,(anonymous_25)
FNF:25
FNH:0
FNDA:0,(anonymous_1)
FNDA:0,(anonymous_2)
FNDA:0,(anonymous_3)
FNDA:0,(anonymous_4)
FNDA:0,(anonymous_5)
FNDA:0,(anonymous_6)
FNDA:0,(anonymous_7)
FNDA:0,(anonymous_8)
FNDA:0,(anonymous_9)
FNDA:0,(anonymous_10)
FNDA:0,(anonymous_11)
FNDA:0,(anonymous_12)
FNDA:0,(anonymous_13)
FNDA:0,(anonymous_14)
FNDA:0,(anonymous_15)
FNDA:0,(anonymous_16)
FNDA:0,(anonymous_17)
FNDA:0,(anonymous_18)
FNDA:0,(anonymous_19)
FNDA:0,(anonymous_20)
FNDA:0,(anonymous_21)
FNDA:0,(anonymous_22)
FNDA:0,(anonymous_23)
FNDA:0,(anonymous_24)
FNDA:0,(anonymous_25)
DA:2,0
DA:3,0
DA:4,0
DA:5,0
DA:6,0
DA:7,0
DA:13,0
DA:14,0
DA:15,0
DA:16,0
DA:22,0
DA:29,0
DA:34,0
DA:35,0
DA:44,0
DA:47,0
DA:62,0
DA:67,0
DA:68,0
DA:77,0
DA:78,0
DA:106,0
DA:111,0
DA:112,0
DA:121,0
DA:124,0
DA:148,0
DA:153,0
DA:154,0
DA:163,0
DA:166,0
DA:193,0
DA:198,0
DA:199,0
DA:208,0
DA:209,0
DA:239,0
DA:244,0
DA:245,0
DA:254,0
DA:255,0
DA:257,0
DA:267,0
DA:273,0
DA:274,0
DA:284,0
DA:285,0
DA:286,0
DA:287,0
DA:289,0
DA:290,0
DA:300,0
DA:301,0
DA:303,0
DA:327,0
DA:333,0
DA:334,0
DA:344,0
DA:346,0
DA:371,0
DA:377,0
DA:378,0
DA:388,0
DA:390,0
DA:408,0
DA:414,0
DA:415,0
DA:425,0
DA:426,0
DA:434,0
DA:443,0
DA:448,0
DA:449,0
DA:458,0
DA:459,0
DA:460,0
DA:462,0
DA:463,0
DA:464,0
DA:466,0
DA:469,0
DA:470,0
DA:471,0
DA:473,0
DA:478,0
DA:479,0
DA:480,0
DA:485,0
DA:490,0
DA:491,0
DA:492,0
DA:498,0
DA:503,0
DA:504,0
DA:505,0
DA:510,0
DA:516,0
DA:524,0
DA:532,0
DA:540,0
DA:548,0
DA:556,0
DA:561,0
DA:566,0
DA:570,0
LF:105
LH:0
BRDA:15,0,0,0
BRDA:82,1,0,0
BRDA:82,1,1,0
BRF:3
BRH:0
end_of_record
TN:
SF:src/controllers/notificationController.ts
FN:30,(anonymous_1)
FN:78,(anonymous_2)
FN:153,(anonymous_3)
FN:190,(anonymous_4)
FN:235,(anonymous_5)
FN:248,(anonymous_6)
FNF:6
FNH:0
FNDA:0,(anonymous_1)
FNDA:0,(anonymous_2)
FNDA:0,(anonymous_3)
FNDA:0,(anonymous_4)
FNDA:0,(anonymous_5)
FNDA:0,(anonymous_6)
DA:2,0
DA:3,0
DA:30,0
DA:31,0
DA:32,0
DA:34,0
DA:35,0
DA:39,0
DA:52,0
DA:53,0
DA:57,0
DA:67,0
DA:72,0
DA:73,0
DA:78,0
DA:79,0
DA:80,0
DA:81,0
DA:83,0
DA:84,0
DA:88,0
DA:98,0
DA:99,0
DA:100,0
DA:101,0
DA:105,0
DA:106,0
DA:110,0
DA:118,0
DA:131,0
DA:141,0
DA:147,0
DA:148,0
DA:153,0
DA:154,0
DA:155,0
DA:156,0
DA:158,0
DA:159,0
DA:163,0
DA:164,0
DA:176,0
DA:184,0
DA:185,0
DA:190,0
DA:191,0
DA:192,0
DA:194,0
DA:195,0
DA:199,0
DA:213,0
DA:223,0
DA:235,0
DA:242,0
DA:243,0
DA:248,0
DA:249,0
DA:250,0
DA:251,0
DA:253,0
DA:254,0
DA:257,0
DA:259,0
DA:261,0
DA:264,0
DA:266,0
DA:271,0
DA:274,0
DA:282,0
DA:283,0
LF:70
LH:0
BRDA:34,0,0,0
BRDA:52,1,0,0
BRDA:58,2,0,0
BRDA:58,2,1,0
BRDA:59,3,0,0
BRDA:59,3,1,0
BRDA:60,4,0,0
BRDA:60,4,1,0
BRDA:61,5,0,0
BRDA:61,5,1,0
BRDA:62,6,0,0
BRDA:62,6,1,0
BRDA:63,7,0,0
BRDA:63,7,1,0
BRDA:64,8,0,0
BRDA:64,8,1,0
BRDA:83,9,0,0
BRDA:100,10,0,0
BRDA:100,11,0,0
BRDA:100,11,1,0
BRDA:105,12,0,0
BRDA:132,13,0,0
BRDA:132,13,1,0
BRDA:133,14,0,0
BRDA:133,14,1,0
BRDA:134,15,0,0
BRDA:134,15,1,0
BRDA:135,16,0,0
BRDA:135,16,1,0
BRDA:136,17,0,0
BRDA:136,17,1,0
BRDA:137,18,0,0
BRDA:137,18,1,0
BRDA:138,19,0,0
BRDA:138,19,1,0
BRDA:156,20,0,0
BRDA:158,21,0,0
BRDA:194,22,0,0
BRDA:226,23,0,0
BRDA:226,23,1,0
BRDA:227,24,0,0
BRDA:227,24,1,0
BRDA:229,25,0,0
BRDA:229,25,1,0
BRDA:230,26,0,0
BRDA:230,26,1,0
BRDA:231,27,0,0
BRDA:231,27,1,0
BRDA:232,28,0,0
BRDA:232,28,1,0
BRDA:233,29,0,0
BRDA:233,29,1,0
BRDA:237,30,0,0
BRDA:237,30,1,0
BRDA:251,31,0,0
BRDA:253,32,0,0
BRDA:259,33,0,0
BRDA:259,33,1,0
BRDA:264,34,0,0
BRDA:264,34,1,0
BRDA:264,35,0,0
BRDA:264,35,1,0
BRF:62
BRH:0
end_of_record
TN:
SF:src/controllers/paymentController.ts
FN:34,(anonymous_1)
FN:115,(anonymous_2)
FN:153,(anonymous_3)
FN:196,(anonymous_4)
FN:219,(anonymous_5)
FN:227,(anonymous_6)
FN:235,(anonymous_7)
FN:283,(anonymous_8)
FN:330,(anonymous_9)
FN:454,(anonymous_10)
FN:459,(anonymous_11)
FN:464,(anonymous_12)
FN:471,(anonymous_13)
FN:493,(anonymous_14)
FN:607,(anonymous_15)
FN:630,(anonymous_16)
FN:721,(anonymous_17)
FN:746,(anonymous_18)
FN:747,(anonymous_19)
FN:804,(anonymous_20)
FN:810,(anonymous_21)
FN:838,(anonymous_22)
FN:947,(anonymous_23)
FN:948,(anonymous_24)
FN:963,(anonymous_25)
FN:1091,(anonymous_26)
FN:1098,(anonymous_27)
FN:1183,(anonymous_28)
FN:1191,(anonymous_29)
FNF:29
FNH:0
FNDA:0,(anonymous_1)
FNDA:0,(anonymous_2)
FNDA:0,(anonymous_3)
FNDA:0,(anonymous_4)
FNDA:0,(anonymous_5)
FNDA:0,(anonymous_6)
FNDA:0,(anonymous_7)
FNDA:0,(anonymous_8)
FNDA:0,(anonymous_9)
FNDA:0,(anonymous_10)
FNDA:0,(anonymous_11)
FNDA:0,(anonymous_12)
FNDA:0,(anonymous_13)
FNDA:0,(anonymous_14)
FNDA:0,(anonymous_15)
FNDA:0,(anonymous_16)
FNDA:0,(anonymous_17)
FNDA:0,(anonymous_18)
FNDA:0,(anonymous_19)
FNDA:0,(anonymous_20)
FNDA:0,(anonymous_21)
FNDA:0,(anonymous_22)
FNDA:0,(anonymous_23)
FNDA:0,(anonymous_24)
FNDA:0,(anonymous_25)
FNDA:0,(anonymous_26)
FNDA:0,(anonymous_27)
FNDA:0,(anonymous_28)
FNDA:0,(anonymous_29)
DA:2,0
DA:7,0
DA:8,0
DA:9,0
DA:10,0
DA:11,0
DA:14,0
DA:34,0
DA:39,0
DA:41,0
DA:42,0
DA:45,0
DA:47,0
DA:48,0
DA:51,0
DA:53,0
DA:80,0
DA:87,0
DA:93,0
DA:100,0
DA:109,0
DA:110,0
DA:115,0
DA:120,0
DA:122,0
DA:123,0
DA:126,0
DA:127,0
DA:130,0
DA:131,0
DA:133,0
DA:147,0
DA:148,0
DA:153,0
DA:158,0
DA:160,0
DA:161,0
DA:166,0
DA:167,0
DA:173,0
DA:174,0
DA:178,0
DA:180,0
DA:181,0
DA:183,0
DA:184,0
DA:186,0
DA:187,0
DA:189,0
DA:192,0
DA:196,0
DA:197,0
DA:199,0
DA:203,0
DA:211,0
DA:214,0
DA:219,0
DA:220,0
DA:223,0
DA:227,0
DA:228,0
DA:235,0
DA:240,0
DA:242,0
DA:243,0
DA:246,0
DA:248,0
DA:251,0
DA:263,0
DA:277,0
DA:278,0
DA:283,0
DA:288,0
DA:290,0
DA:291,0
DA:294,0
DA:296,0
DA:297,0
DA:300,0
DA:301,0
DA:306,0
DA:313,0
DA:324,0
DA:325,0
DA:330,0
DA:335,0
DA:336,0
DA:337,0
DA:339,0
DA:340,0
DA:344,0
DA:345,0
DA:347,0
DA:348,0
DA:350,0
DA:351,0
DA:353,0
DA:354,0
DA:356,0
DA:357,0
DA:359,0
DA:362,0
DA:365,0
DA:369,0
DA:370,0
DA:374,0
DA:386,0
DA:393,0
DA:402,0
DA:404,0
DA:405,0
DA:407,0
DA:408,0
DA:410,0
DA:411,0
DA:413,0
DA:414,0
DA:416,0
DA:419,0
DA:432,0
DA:440,0
DA:454,0
DA:459,0
DA:464,0
DA:471,0
DA:478,0
DA:486,0
DA:493,0
DA:498,0
DA:499,0
DA:501,0
DA:502,0
DA:505,0
DA:507,0
DA:508,0
DA:510,0
DA:511,0
DA:513,0
DA:514,0
DA:516,0
DA:517,0
DA:519,0
DA:520,0
DA:522,0
DA:525,0
DA:528,0
DA:540,0
DA:551,0
DA:561,0
DA:574,0
DA:575,0
DA:576,0
DA:577,0
DA:578,0
DA:580,0
DA:607,0
DA:615,0
DA:623,0
DA:630,0
DA:635,0
DA:636,0
DA:638,0
DA:639,0
DA:642,0
DA:644,0
DA:645,0
DA:648,0
DA:651,0
DA:656,0
DA:658,0
DA:659,0
DA:661,0
DA:674,0
DA:683,0
DA:690,0
DA:697,0
DA:702,0
DA:710,0
DA:721,0
DA:726,0
DA:727,0
DA:729,0
DA:730,0
DA:733,0
DA:736,0
DA:737,0
DA:739,0
DA:746,0
DA:747,0
DA:748,0
DA:751,0
DA:759,0
DA:760,0
DA:762,0
DA:769,0
DA:777,0
DA:778,0
DA:779,0
DA:780,0
DA:782,0
DA:783,0
DA:786,0
DA:793,0
DA:804,0
DA:810,0
DA:824,0
DA:831,0
DA:838,0
DA:843,0
DA:844,0
DA:846,0
DA:847,0
DA:850,0
DA:852,0
DA:853,0
DA:856,0
DA:857,0
DA:859,0
DA:860,0
DA:862,0
DA:864,0
DA:869,0
DA:870,0
DA:875,0
DA:879,0
DA:880,0
DA:881,0
DA:883,0
DA:884,0
DA:889,0
DA:893,0
DA:897,0
DA:909,0
DA:918,0
DA:926,0
DA:934,0
DA:939,0
DA:947,0
DA:948,0
DA:950,0
DA:963,0
DA:968,0
DA:969,0
DA:971,0
DA:972,0
DA:975,0
DA:978,0
DA:981,0
DA:982,0
DA:984,0
DA:992,0
DA:993,0
DA:1002,0
DA:1009,0
DA:1010,0
DA:1019,0
DA:1021,0
DA:1022,0
DA:1023,0
DA:1027,0
DA:1028,0
DA:1031,0
DA:1035,0
DA:1047,0
DA:1056,0
DA:1064,0
DA:1071,0
DA:1076,0
DA:1085,0
DA:1091,0
DA:1098,0
DA:1103,0
DA:1104,0
DA:1106,0
DA:1107,0
DA:1110,0
DA:1112,0
DA:1113,0
DA:1115,0
DA:1116,0
DA:1118,0
DA:1119,0
DA:1121,0
DA:1122,0
DA:1124,0
DA:1127,0
DA:1130,0
DA:1142,0
DA:1152,0
DA:1165,0
DA:1171,0
DA:1175,0
DA:1183,0
DA:1191,0
DA:1198,0
DA:1205,0
DA:1211,0
LF:297
LH:0
BRDA:41,0,0,0
BRDA:45,1,0,0
BRDA:47,2,0,0
BRDA:47,3,0,0
BRDA:47,3,1,0
BRDA:47,3,2,0
BRDA:47,3,3,0
BRDA:61,4,0,0
BRDA:61,4,1,0
BRDA:84,5,0,0
BRDA:84,5,1,0
BRDA:122,6,0,0
BRDA:131,7,0,0
BRDA:131,7,1,0
BRDA:138,8,0,0
BRDA:138,8,1,0
BRDA:160,9,0,0
BRDA:178,10,0,0
BRDA:178,10,1,0
BRDA:178,10,2,0
BRDA:178,10,3,0
BRDA:242,11,0,0
BRDA:246,12,0,0
BRDA:246,13,0,0
BRDA:290,14,0,0
BRDA:296,15,0,0
BRDA:303,16,0,0
BRDA:303,16,1,0
BRDA:335,17,0,0
BRDA:335,18,0,0
BRDA:337,19,0,0
BRDA:337,19,1,0
BRDA:339,20,0,0
BRDA:345,21,0,0
BRDA:345,21,1,0
BRDA:345,21,2,0
BRDA:345,21,3,0
BRDA:345,21,4,0
BRDA:369,22,0,0
BRDA:402,23,0,0
BRDA:402,23,1,0
BRDA:402,23,2,0
BRDA:402,23,3,0
BRDA:402,23,4,0
BRDA:445,24,0,0
BRDA:445,24,1,0
BRDA:446,25,0,0
BRDA:446,25,1,0
BRDA:447,26,0,0
BRDA:447,26,1,0
BRDA:448,27,0,0
BRDA:448,27,1,0
BRDA:449,28,0,0
BRDA:449,28,1,0
BRDA:450,29,0,0
BRDA:450,29,1,0
BRDA:457,30,0,0
BRDA:457,30,1,0
BRDA:499,31,0,0
BRDA:499,31,1,0
BRDA:501,32,0,0
BRDA:501,33,0,0
BRDA:501,33,1,0
BRDA:505,34,0,0
BRDA:508,35,0,0
BRDA:508,35,1,0
BRDA:508,35,2,0
BRDA:508,35,3,0
BRDA:508,35,4,0
BRDA:574,36,0,0
BRDA:574,36,1,0
BRDA:575,37,0,0
BRDA:575,37,1,0
BRDA:576,38,0,0
BRDA:576,38,1,0
BRDA:578,39,0,0
BRDA:578,39,1,0
BRDA:586,40,0,0
BRDA:586,40,1,0
BRDA:587,41,0,0
BRDA:587,41,1,0
BRDA:591,42,0,0
BRDA:591,42,1,0
BRDA:592,43,0,0
BRDA:592,43,1,0
BRDA:593,44,0,0
BRDA:593,44,1,0
BRDA:599,45,0,0
BRDA:599,45,1,0
BRDA:602,46,0,0
BRDA:602,46,1,0
BRDA:603,47,0,0
BRDA:603,47,1,0
BRDA:636,48,0,0
BRDA:636,48,1,0
BRDA:638,49,0,0
BRDA:638,50,0,0
BRDA:638,50,1,0
BRDA:642,51,0,0
BRDA:644,52,0,0
BRDA:644,53,0,0
BRDA:644,53,1,0
BRDA:644,53,2,0
BRDA:667,54,0,0
BRDA:667,54,1,0
BRDA:668,55,0,0
BRDA:668,55,1,0
BRDA:670,56,0,0
BRDA:670,56,1,0
BRDA:679,57,0,0
BRDA:679,57,1,0
BRDA:693,58,0,0
BRDA:693,58,1,0
BRDA:727,59,0,0
BRDA:727,59,1,0
BRDA:729,60,0,0
BRDA:729,61,0,0
BRDA:729,61,1,0
BRDA:747,62,0,0
BRDA:747,62,1,0
BRDA:748,63,0,0
BRDA:748,63,1,0
BRDA:788,64,0,0
BRDA:788,64,1,0
BRDA:789,65,0,0
BRDA:789,65,1,0
BRDA:790,66,0,0
BRDA:790,66,1,0
BRDA:796,67,0,0
BRDA:796,67,1,0
BRDA:796,68,0,0
BRDA:796,68,1,0
BRDA:801,69,0,0
BRDA:801,69,1,0
BRDA:802,70,0,0
BRDA:802,70,1,0
BRDA:807,71,0,0
BRDA:807,71,1,0
BRDA:817,72,0,0
BRDA:817,72,1,0
BRDA:818,73,0,0
BRDA:818,73,1,0
BRDA:818,74,0,0
BRDA:818,74,1,0
BRDA:819,75,0,0
BRDA:819,75,1,0
BRDA:819,76,0,0
BRDA:819,76,1,0
BRDA:820,77,0,0
BRDA:820,77,1,0
BRDA:844,78,0,0
BRDA:844,78,1,0
BRDA:846,79,0,0
BRDA:846,80,0,0
BRDA:846,80,1,0
BRDA:852,81,0,0
BRDA:852,82,0,0
BRDA:852,82,1,0
BRDA:852,82,2,0
BRDA:860,83,0,0
BRDA:869,84,0,0
BRDA:879,85,0,0
BRDA:879,85,1,0
BRDA:880,86,0,0
BRDA:880,86,1,0
BRDA:883,87,0,0
BRDA:893,88,0,0
BRDA:893,88,1,0
BRDA:914,89,0,0
BRDA:914,89,1,0
BRDA:969,90,0,0
BRDA:969,90,1,0
BRDA:971,91,0,0
BRDA:971,92,0,0
BRDA:971,92,1,0
BRDA:1027,93,0,0
BRDA:1027,94,0,0
BRDA:1027,94,1,0
BRDA:1031,95,0,0
BRDA:1031,95,1,0
BRDA:1104,96,0,0
BRDA:1104,96,1,0
BRDA:1106,97,0,0
BRDA:1106,98,0,0
BRDA:1106,98,1,0
BRDA:1110,99,0,0
BRDA:1113,100,0,0
BRDA:1113,100,1,0
BRDA:1113,100,2,0
BRDA:1113,100,3,0
BRDA:1171,101,0,0
BRDA:1171,101,1,0
BRDA:1171,102,0,0
BRDA:1171,102,1,0
BRDA:1172,103,0,0
BRDA:1172,103,1,0
BRDA:1178,104,0,0
BRDA:1178,104,1,0
BRDA:1179,105,0,0
BRDA:1179,105,1,0
BRDA:1180,106,0,0
BRDA:1180,106,1,0
BRDA:1187,107,0,0
BRDA:1187,107,1,0
BRDA:1187,108,0,0
BRDA:1187,108,1,0
BRF:206
BRH:0
end_of_record
TN:
SF:src/controllers/searchController.ts
FN:11,(anonymous_0)
FN:75,(anonymous_1)
FN:108,(anonymous_2)
FN:166,(anonymous_3)
FN:206,(anonymous_4)
FN:251,(anonymous_5)
FN:293,(anonymous_6)
FN:349,(anonymous_7)
FN:396,(anonymous_8)
FN:466,(anonymous_9)
FNF:10
FNH:0
FNDA:0,(anonymous_0)
FNDA:0,(anonymous_1)
FNDA:0,(anonymous_2)
FNDA:0,(anonymous_3)
FNDA:0,(anonymous_4)
FNDA:0,(anonymous_5)
FNDA:0,(anonymous_6)
FNDA:0,(anonymous_7)
FNDA:0,(anonymous_8)
FNDA:0,(anonymous_9)
DA:2,0
DA:3,0
DA:6,0
DA:7,0
DA:8,0
DA:11,0
DA:26,0
DA:28,0
DA:29,0
DA:32,0
DA:33,0
DA:34,0
DA:37,0
DA:51,0
DA:52,0
DA:59,0
DA:60,0
DA:61,0
DA:63,0
DA:64,0
DA:69,0
DA:70,0
DA:74,0
DA:75,0
DA:76,0
DA:83,0
DA:86,0
DA:89,0
DA:91,0
DA:92,0
DA:94,0
DA:95,0
DA:97,0
DA:101,0
DA:104,0
DA:105,0
DA:108,0
DA:109,0
DA:114,0
DA:126,0
DA:127,0
DA:129,0
DA:136,0
DA:160,0
DA:161,0
DA:166,0
DA:178,0
DA:180,0
DA:181,0
DA:184,0
DA:185,0
DA:188,0
DA:207,0
DA:214,0
DA:215,0
DA:219,0
DA:220,0
DA:221,0
DA:223,0
DA:224,0
DA:229,0
DA:231,0
DA:232,0
DA:234,0
DA:235,0
DA:237,0
DA:238,0
DA:240,0
DA:244,0
DA:247,0
DA:248,0
DA:251,0
DA:261,0
DA:262,0
DA:264,0
DA:266,0
DA:287,0
DA:288,0
DA:293,0
DA:297,0
DA:299,0
DA:309,0
DA:319,0
DA:327,0
DA:328,0
DA:333,0
DA:335,0
DA:337,0
DA:343,0
DA:344,0
DA:349,0
DA:366,0
DA:368,0
DA:369,0
DA:372,0
DA:386,0
DA:387,0
DA:388,0
DA:395,0
DA:396,0
DA:397,0
DA:404,0
DA:405,0
DA:409,0
DA:410,0
DA:411,0
DA:413,0
DA:414,0
DA:419,0
DA:420,0
DA:421,0
DA:423,0
DA:424,0
DA:429,0
DA:430,0
DA:431,0
DA:433,0
DA:438,0
DA:440,0
DA:441,0
DA:445,0
DA:447,0
DA:449,0
DA:450,0
DA:452,0
DA:453,0
DA:455,0
DA:459,0
DA:462,0
DA:463,0
DA:466,0
DA:467,0
DA:476,0
DA:477,0
DA:481,0
DA:484,0
DA:487,0
DA:492,0
DA:507,0
DA:508,0
DA:512,0
LF:141
LH:0
BRDA:18,0,0,0
BRDA:22,1,0,0
BRDA:23,2,0,0
BRDA:24,3,0,0
BRDA:25,4,0,0
BRDA:28,5,0,0
BRDA:28,6,0,0
BRDA:28,6,1,0
BRDA:51,7,0,0
BRDA:51,8,0,0
BRDA:51,8,1,0
BRDA:59,9,0,0
BRDA:60,10,0,0
BRDA:63,11,0,0
BRDA:69,12,0,0
BRDA:74,13,0,0
BRDA:83,14,0,0
BRDA:83,14,1,0
BRDA:83,14,2,0
BRDA:83,14,3,0
BRDA:144,15,0,0
BRDA:144,15,1,0
BRDA:145,16,0,0
BRDA:145,16,1,0
BRDA:174,17,0,0
BRDA:175,18,0,0
BRDA:176,19,0,0
BRDA:177,20,0,0
BRDA:180,21,0,0
BRDA:214,22,0,0
BRDA:219,23,0,0
BRDA:220,24,0,0
BRDA:223,25,0,0
BRDA:229,26,0,0
BRDA:229,26,1,0
BRDA:229,26,2,0
BRDA:229,26,3,0
BRDA:274,27,0,0
BRDA:274,27,1,0
BRDA:275,28,0,0
BRDA:275,28,1,0
BRDA:356,29,0,0
BRDA:362,30,0,0
BRDA:363,31,0,0
BRDA:364,32,0,0
BRDA:365,33,0,0
BRDA:386,34,0,0
BRDA:386,35,0,0
BRDA:386,35,1,0
BRDA:395,36,0,0
BRDA:404,37,0,0
BRDA:409,38,0,0
BRDA:410,39,0,0
BRDA:413,40,0,0
BRDA:419,41,0,0
BRDA:420,42,0,0
BRDA:423,43,0,0
BRDA:429,44,0,0
BRDA:430,45,0,0
BRDA:430,45,1,0
BRDA:438,46,0,0
BRDA:438,46,1,0
BRDA:438,46,2,0
BRDA:438,46,3,0
BRDA:440,47,0,0
BRDA:440,47,1,0
BRDA:440,48,0,0
BRDA:440,48,1,0
BRDA:476,49,0,0
BRDA:476,50,0,0
BRDA:476,50,1,0
BRDA:500,51,0,0
BRDA:500,51,1,0
BRDA:501,52,0,0
BRDA:501,52,1,0
BRF:75
BRH:0
end_of_record
TN:
SF:src/controllers/shareController.ts
FN:21,(anonymous_1)
FN:89,(anonymous_2)
FN:125,(anonymous_3)
FN:133,(anonymous_4)
FN:150,(anonymous_5)
FN:187,(anonymous_6)
FN:215,(anonymous_7)
FN:257,(anonymous_8)
FN:283,(anonymous_9)
FN:326,(anonymous_10)
FN:341,(anonymous_11)
FN:360,(anonymous_12)
FN:378,(anonymous_13)
FNF:13
FNH:0
FNDA:0,(anonymous_1)
FNDA:0,(anonymous_2)
FNDA:0,(anonymous_3)
FNDA:0,(anonymous_4)
FNDA:0,(anonymous_5)
FNDA:0,(anonymous_6)
FNDA:0,(anonymous_7)
FNDA:0,(anonymous_8)
FNDA:0,(anonymous_9)
FNDA:0,(anonymous_10)
FNDA:0,(anonymous_11)
FNDA:0,(anonymous_12)
FNDA:0,(anonymous_13)
DA:2,0
DA:3,0
DA:21,0
DA:22,0
DA:23,0
DA:24,0
DA:25,0
DA:27,0
DA:28,0
DA:31,0
DA:32,0
DA:36,0
DA:37,0
DA:38,0
DA:42,0
DA:43,0
DA:44,0
DA:48,0
DA:49,0
DA:63,0
DA:64,0
DA:65,0
DA:76,0
DA:83,0
DA:84,0
DA:89,0
DA:90,0
DA:91,0
DA:94,0
DA:95,0
DA:96,0
DA:100,0
DA:106,0
DA:112,0
DA:125,0
DA:126,0
DA:127,0
DA:130,0
DA:133,0
DA:144,0
DA:145,0
DA:150,0
DA:151,0
DA:152,0
DA:153,0
DA:154,0
DA:156,0
DA:157,0
DA:160,0
DA:171,0
DA:172,0
DA:175,0
DA:180,0
DA:181,0
DA:182,0
DA:184,0
DA:186,0
DA:187,0
DA:209,0
DA:210,0
DA:215,0
DA:216,0
DA:217,0
DA:220,0
DA:221,0
DA:223,0
DA:224,0
DA:226,0
DA:227,0
DA:229,0
DA:230,0
DA:232,0
DA:236,0
DA:256,0
DA:257,0
DA:277,0
DA:278,0
DA:283,0
DA:284,0
DA:285,0
DA:286,0
DA:289,0
DA:298,0
DA:299,0
DA:302,0
DA:303,0
DA:305,0
DA:306,0
DA:308,0
DA:320,0
DA:321,0
DA:326,0
DA:327,0
DA:337,0
DA:341,0
DA:342,0
DA:343,0
DA:345,0
DA:347,0
DA:349,0
DA:351,0
DA:353,0
DA:355,0
DA:360,0
DA:361,0
DA:362,0
DA:364,0
DA:366,0
DA:368,0
DA:371,0
DA:373,0
DA:378,0
DA:387,0
DA:388,0
DA:389,0
DA:395,0
DA:397,0
DA:398,0
LF:118
LH:0
BRDA:27,0,0,0
BRDA:31,1,0,0
BRDA:37,2,0,0
BRDA:43,3,0,0
BRDA:54,4,0,0
BRDA:54,4,1,0
BRDA:55,5,0,0
BRDA:55,5,1,0
BRDA:64,6,0,0
BRDA:64,7,0,0
BRDA:64,7,1,0
BRDA:80,8,0,0
BRDA:80,8,1,0
BRDA:80,9,0,0
BRDA:80,9,1,0
BRDA:95,10,0,0
BRDA:131,11,0,0
BRDA:131,11,1,0
BRDA:153,12,0,0
BRDA:153,13,0,0
BRDA:156,14,0,0
BRDA:171,15,0,0
BRDA:181,16,0,0
BRDA:204,17,0,0
BRDA:204,17,1,0
BRDA:205,18,0,0
BRDA:205,18,1,0
BRDA:217,19,0,0
BRDA:217,20,0,0
BRDA:221,21,0,0
BRDA:221,21,1,0
BRDA:221,21,2,0
BRDA:221,21,3,0
BRDA:286,22,0,0
BRDA:298,23,0,0
BRDA:302,24,0,0
BRDA:337,25,0,0
BRDA:337,25,1,0
BRDA:342,26,0,0
BRDA:342,26,1,0
BRDA:345,27,0,0
BRDA:345,27,1,0
BRDA:345,27,2,0
BRDA:345,27,3,0
BRDA:345,27,4,0
BRDA:362,28,0,0
BRDA:362,28,1,0
BRDA:362,29,0,0
BRDA:362,29,1,0
BRDA:362,30,0,0
BRDA:362,30,1,0
BRDA:364,31,0,0
BRDA:364,31,1,0
BRDA:366,32,0,0
BRDA:366,32,1,0
BRDA:366,32,2,0
BRDA:366,32,3,0
BRF:57
BRH:0
end_of_record
TN:
SF:src/controllers/socialController.ts
FN:23,(anonymous_1)
FN:76,(anonymous_2)
FN:101,(anonymous_3)
FN:142,(anonymous_4)
FN:183,(anonymous_5)
FN:240,(anonymous_6)
FN:270,(anonymous_7)
FN:305,(anonymous_8)
FN:330,(anonymous_9)
FN:375,(anonymous_10)
FN:394,(anonymous_11)
FN:459,(anonymous_12)
FN:509,(anonymous_13)
FN:534,(anonymous_14)
FNF:14
FNH:0
FNDA:0,(anonymous_1)
FNDA:0,(anonymous_2)
FNDA:0,(anonymous_3)
FNDA:0,(anonymous_4)
FNDA:0,(anonymous_5)
FNDA:0,(anonymous_6)
FNDA:0,(anonymous_7)
FNDA:0,(anonymous_8)
FNDA:0,(anonymous_9)
FNDA:0,(anonymous_10)
FNDA:0,(anonymous_11)
FNDA:0,(anonymous_12)
FNDA:0,(anonymous_13)
FNDA:0,(anonymous_14)
DA:2,0
DA:3,0
DA:4,0
DA:5,0
DA:23,0
DA:24,0
DA:25,0
DA:26,0
DA:28,0
DA:29,0
DA:32,0
DA:33,0
DA:37,0
DA:41,0
DA:42,0
DA:46,0
DA:47,0
DA:55,0
DA:56,0
DA:57,0
DA:68,0
DA:70,0
DA:71,0
DA:76,0
DA:77,0
DA:78,0
DA:79,0
DA:81,0
DA:82,0
DA:85,0
DA:89,0
DA:90,0
DA:93,0
DA:95,0
DA:96,0
DA:101,0
DA:102,0
DA:103,0
DA:104,0
DA:105,0
DA:107,0
DA:121,0
DA:126,0
DA:136,0
DA:137,0
DA:142,0
DA:143,0
DA:144,0
DA:145,0
DA:146,0
DA:148,0
DA:162,0
DA:167,0
DA:177,0
DA:178,0
DA:183,0
DA:184,0
DA:185,0
DA:186,0
DA:188,0
DA:189,0
DA:193,0
DA:197,0
DA:198,0
DA:202,0
DA:203,0
DA:211,0
DA:216,0
DA:217,0
DA:218,0
DA:219,0
DA:220,0
DA:232,0
DA:234,0
DA:235,0
DA:240,0
DA:241,0
DA:242,0
DA:243,0
DA:245,0
DA:246,0
DA:249,0
DA:253,0
DA:254,0
DA:258,0
DA:262,0
DA:264,0
DA:265,0
DA:270,0
DA:271,0
DA:272,0
DA:273,0
DA:275,0
DA:276,0
DA:280,0
DA:284,0
DA:285,0
DA:289,0
DA:290,0
DA:297,0
DA:299,0
DA:300,0
DA:305,0
DA:306,0
DA:307,0
DA:308,0
DA:310,0
DA:311,0
DA:314,0
DA:318,0
DA:319,0
DA:322,0
DA:324,0
DA:325,0
DA:330,0
DA:331,0
DA:332,0
DA:333,0
DA:334,0
DA:336,0
DA:337,0
DA:340,0
DA:354,0
DA:359,0
DA:369,0
DA:370,0
DA:375,0
DA:384,0
DA:385,0
DA:386,0
DA:394,0
DA:395,0
DA:397,0
DA:403,0
DA:404,0
DA:405,0
DA:412,0
DA:413,0
DA:414,0
DA:415,0
DA:416,0
DA:417,0
DA:421,0
DA:422,0
DA:432,0
DA:447,0
DA:451,0
DA:453,0
DA:454,0
DA:459,0
DA:460,0
DA:461,0
DA:462,0
DA:463,0
DA:465,0
DA:466,0
DA:469,0
DA:478,0
DA:479,0
DA:482,0
DA:487,0
DA:488,0
DA:489,0
DA:491,0
DA:493,0
DA:503,0
DA:504,0
DA:509,0
DA:510,0
DA:511,0
DA:512,0
DA:514,0
DA:515,0
DA:518,0
DA:522,0
DA:523,0
DA:526,0
DA:528,0
DA:529,0
DA:534,0
DA:535,0
DA:536,0
DA:538,0
DA:539,0
DA:542,0
DA:546,0
DA:548,0
DA:549,0
LF:188
LH:0
BRDA:28,0,0,0
BRDA:32,1,0,0
BRDA:41,2,0,0
BRDA:55,3,0,0
BRDA:81,4,0,0
BRDA:89,5,0,0
BRDA:104,6,0,0
BRDA:104,7,0,0
BRDA:131,8,0,0
BRDA:131,8,1,0
BRDA:132,9,0,0
BRDA:132,9,1,0
BRDA:145,10,0,0
BRDA:145,11,0,0
BRDA:172,12,0,0
BRDA:172,12,1,0
BRDA:173,13,0,0
BRDA:173,13,1,0
BRDA:188,14,0,0
BRDA:197,15,0,0
BRDA:217,16,0,0
BRDA:217,17,0,0
BRDA:217,17,1,0
BRDA:219,18,0,0
BRDA:245,19,0,0
BRDA:253,20,0,0
BRDA:275,21,0,0
BRDA:284,22,0,0
BRDA:310,23,0,0
BRDA:318,24,0,0
BRDA:333,25,0,0
BRDA:333,26,0,0
BRDA:336,27,0,0
BRDA:364,28,0,0
BRDA:364,28,1,0
BRDA:365,29,0,0
BRDA:365,29,1,0
BRDA:404,30,0,0
BRDA:412,31,0,0
BRDA:412,31,1,0
BRDA:414,32,0,0
BRDA:414,32,1,0
BRDA:416,33,0,0
BRDA:416,34,0,0
BRDA:416,34,1,0
BRDA:421,35,0,0
BRDA:421,36,0,0
BRDA:421,36,1,0
BRDA:421,36,2,0
BRDA:437,37,0,0
BRDA:437,37,1,0
BRDA:462,38,0,0
BRDA:462,39,0,0
BRDA:462,40,0,0
BRDA:465,41,0,0
BRDA:478,42,0,0
BRDA:488,43,0,0
BRDA:498,44,0,0
BRDA:498,44,1,0
BRDA:499,45,0,0
BRDA:499,45,1,0
BRDA:514,46,0,0
BRDA:522,47,0,0
BRDA:538,48,0,0
BRF:64
BRH:0
end_of_record
TN:
SF:src/controllers/userController.ts
FN:22,(anonymous_1)
FN:112,(anonymous_2)
FN:198,(anonymous_3)
FN:247,(anonymous_4)
FN:277,(anonymous_5)
FN:317,(anonymous_6)
FN:376,(anonymous_7)
FN:418,(anonymous_8)
FN:458,(anonymous_9)
FN:489,(anonymous_10)
FN:525,(anonymous_11)
FN:564,(anonymous_12)
FN:586,(anonymous_13)
FN:640,(anonymous_14)
FNF:14
FNH:0
FNDA:0,(anonymous_1)
FNDA:0,(anonymous_2)
FNDA:0,(anonymous_3)
FNDA:0,(anonymous_4)
FNDA:0,(anonymous_5)
FNDA:0,(anonymous_6)
FNDA:0,(anonymous_7)
FNDA:0,(anonymous_8)
FNDA:0,(anonymous_9)
FNDA:0,(anonymous_10)
FNDA:0,(anonymous_11)
FNDA:0,(anonymous_12)
FNDA:0,(anonymous_13)
FNDA:0,(anonymous_14)
DA:2,0
DA:3,0
DA:9,0
DA:16,0
DA:17,0
DA:18,0
DA:19,0
DA:22,0
DA:27,0
DA:29,0
DA:30,0
DA:34,0
DA:35,0
DA:39,0
DA:40,0
DA:44,0
DA:53,0
DA:56,0
DA:63,0
DA:66,0
DA:79,0
DA:85,0
DA:87,0
DA:112,0
DA:117,0
DA:119,0
DA:120,0
DA:124,0
DA:125,0
DA:126,0
DA:130,0
DA:131,0
DA:135,0
DA:136,0
DA:137,0
DA:141,0
DA:148,0
DA:151,0
DA:164,0
DA:171,0
DA:173,0
DA:175,0
DA:198,0
DA:203,0
DA:205,0
DA:206,0
DA:209,0
DA:211,0
DA:214,0
DA:215,0
DA:216,0
DA:220,0
DA:221,0
DA:222,0
DA:226,0
DA:233,0
DA:242,0
DA:247,0
DA:252,0
DA:253,0
DA:255,0
DA:257,0
DA:260,0
DA:262,0
DA:265,0
DA:267,0
DA:270,0
DA:277,0
DA:282,0
DA:284,0
DA:285,0
DA:288,0
DA:289,0
DA:290,0
DA:294,0
DA:296,0
DA:317,0
DA:322,0
DA:323,0
DA:325,0
DA:326,0
DA:329,0
DA:331,0
DA:332,0
DA:335,0
DA:336,0
DA:339,0
DA:340,0
DA:341,0
DA:345,0
DA:357,0
DA:376,0
DA:381,0
DA:382,0
DA:384,0
DA:385,0
DA:388,0
DA:389,0
DA:392,0
DA:393,0
DA:394,0
DA:398,0
DA:399,0
DA:400,0
DA:404,0
DA:405,0
DA:406,0
DA:409,0
DA:411,0
DA:418,0
DA:423,0
DA:425,0
DA:426,0
DA:429,0
DA:430,0
DA:432,0
DA:436,0
DA:440,0
DA:441,0
DA:444,0
DA:449,0
DA:451,0
DA:458,0
DA:463,0
DA:465,0
DA:466,0
DA:469,0
DA:470,0
DA:471,0
DA:475,0
DA:476,0
DA:477,0
DA:480,0
DA:482,0
DA:489,0
DA:494,0
DA:496,0
DA:497,0
DA:500,0
DA:501,0
DA:502,0
DA:506,0
DA:508,0
DA:525,0
DA:538,0
DA:540,0
DA:547,0
DA:548,0
DA:551,0
DA:552,0
DA:555,0
DA:556,0
DA:559,0
DA:561,0
DA:564,0
DA:586,0
DA:591,0
DA:592,0
DA:594,0
DA:595,0
DA:598,0
DA:600,0
DA:601,0
DA:604,0
DA:605,0
DA:608,0
DA:609,0
DA:610,0
DA:614,0
DA:616,0
DA:622,0
DA:640,0
DA:645,0
DA:647,0
DA:648,0
DA:651,0
DA:652,0
DA:653,0
DA:657,0
DA:658,0
DA:660,0
DA:665,0
DA:671,0
LF:183
LH:0
BRDA:29,0,0,0
BRDA:29,1,0,0
BRDA:29,1,1,0
BRDA:29,1,2,0
BRDA:34,2,0,0
BRDA:39,3,0,0
BRDA:48,4,0,0
BRDA:48,4,1,0
BRDA:119,5,0,0
BRDA:119,6,0,0
BRDA:119,6,1,0
BRDA:125,7,0,0
BRDA:130,8,0,0
BRDA:136,9,0,0
BRDA:205,10,0,0
BRDA:215,11,0,0
BRDA:221,12,0,0
BRDA:221,13,0,0
BRDA:221,13,1,0
BRDA:255,14,0,0
BRDA:260,15,0,0
BRDA:284,16,0,0
BRDA:289,17,0,0
BRDA:325,18,0,0
BRDA:331,19,0,0
BRDA:335,20,0,0
BRDA:340,21,0,0
BRDA:384,22,0,0
BRDA:384,23,0,0
BRDA:384,23,1,0
BRDA:388,24,0,0
BRDA:393,25,0,0
BRDA:399,26,0,0
[...]
DA:136,0
DA:138,0
DA:139,0
DA:140,0
DA:143,0
DA:147,0
DA:149,0
DA:150,0
DA:155,0
DA:157,0
DA:161,0
DA:163,0
DA:167,0
DA:168,0
DA:169,0
DA:172,0
DA:173,0
DA:174,0
DA:175,0
DA:177,0
DA:179,0
DA:180,0
DA:185,0
DA:186,0
DA:187,0
DA:190,0
DA:191,0
DA:192,0
DA:193,0
DA:195,0
DA:197,0
DA:198,0
LF:80
LH:0
BRDA:28,0,0,0
BRDA:69,1,0,0
BRDA:77,2,0,0
BRDA:77,3,0,0
BRDA:77,3,1,0
BRDA:90,4,0,0
BRDA:90,4,1,0
BRDA:129,5,0,0
BRDA:136,6,0,0
BRDA:136,7,0,0
BRDA:136,7,1,0
BRDA:138,8,0,0
BRDA:138,8,1,0
BRDA:168,9,0,0
BRDA:174,10,0,0
BRDA:174,11,0,0
BRDA:174,11,1,0
BRDA:186,12,0,0
BRDA:192,13,0,0
BRDA:192,14,0,0
BRDA:192,14,1,0
BRF:21
BRH:0
end_of_record
TN:
SF:src/services/websocketService.ts
FN:52,(anonymous_0)
FN:66,(anonymous_1)
FN:72,(anonymous_2)
FN:80,(anonymous_3)
FN:89,(anonymous_4)
FN:98,(anonymous_5)
FN:110,(anonymous_6)
FN:128,(anonymous_7)
FN:141,(anonymous_8)
FN:153,(anonymous_9)
FN:164,(anonymous_10)
FN:174,(anonymous_11)
FN:183,(anonymous_12)
FN:194,(anonymous_13)
FN:206,(anonymous_14)
FN:221,(anonymous_15)
FN:224,(anonymous_16)
FN:238,(anonymous_17)
FN:272,(anonymous_18)
FN:287,(anonymous_19)
FN:301,(anonymous_20)
FN:317,(anonymous_21)
FN:341,(anonymous_22)
FN:342,(anonymous_23)
FN:350,(anonymous_24)
FN:361,(anonymous_25)
FN:367,(anonymous_26)
FN:368,(anonymous_27)
FN:377,(anonymous_28)
FN:384,(anonymous_29)
FNF:30
FNH:0
FNDA:0,(anonymous_0)
FNDA:0,(anonymous_1)
FNDA:0,(anonymous_2)
FNDA:0,(anonymous_3)
FNDA:0,(anonymous_4)
FNDA:0,(anonymous_5)
FNDA:0,(anonymous_6)
FNDA:0,(anonymous_7)
FNDA:0,(anonymous_8)
FNDA:0,(anonymous_9)
FNDA:0,(anonymous_10)
FNDA:0,(anonymous_11)
FNDA:0,(anonymous_12)
FNDA:0,(anonymous_13)
FNDA:0,(anonymous_14)
FNDA:0,(anonymous_15)
FNDA:0,(anonymous_16)
FNDA:0,(anonymous_17)
FNDA:0,(anonymous_18)
FNDA:0,(anonymous_19)
FNDA:0,(anonymous_20)
FNDA:0,(anonymous_21)
FNDA:0,(anonymous_22)
FNDA:0,(anonymous_23)
FNDA:0,(anonymous_24)
FNDA:0,(anonymous_25)
FNDA:0,(anonymous_26)
FNDA:0,(anonymous_27)
FNDA:0,(anonymous_28)
FNDA:0,(anonymous_29)
DA:53,0
DA:54,0
DA:55,0
DA:56,0
DA:57,0
DA:58,0
DA:59,0
DA:60,0
DA:67,0
DA:68,0
DA:71,0
DA:72,0
DA:73,0
DA:74,0
DA:75,0
DA:76,0
DA:78,0
DA:80,0
DA:81,0
DA:82,0
DA:83,0
DA:84,0
DA:85,0
DA:86,0
DA:89,0
DA:90,0
DA:91,0
DA:92,0
DA:94,0
DA:98,0
DA:99,0
DA:100,0
DA:101,0
DA:102,0
DA:105,0
DA:106,0
DA:110,0
DA:111,0
DA:112,0
DA:113,0
DA:114,0
DA:117,0
DA:118,0
DA:122,0
DA:129,0
DA:130,0
DA:131,0
DA:132,0
DA:134,0
DA:142,0
DA:143,0
DA:145,0
DA:154,0
DA:165,0
DA:175,0
DA:184,0
DA:195,0
DA:196,0
DA:198,0
DA:207,0
DA:208,0
DA:209,0
DA:210,0
DA:211,0
DA:222,0
DA:223,0
DA:224,0
DA:225,0
DA:226,0
DA:228,0
DA:239,0
DA:241,0
DA:243,0
DA:244,0
DA:246,0
DA:247,0
DA:249,0
DA:250,0
DA:252,0
DA:253,0
DA:256,0
DA:258,0
DA:259,0
DA:261,0
DA:262,0
DA:264,0
DA:273,0
DA:276,0
DA:288,0
DA:290,0
DA:302,0
DA:304,0
DA:318,0
DA:319,0
DA:320,0
DA:321,0
DA:322,0
DA:324,0
DA:325,0
DA:326,0
DA:327,0
DA:328,0
DA:329,0
DA:330,0
DA:332,0
DA:342,0
DA:343,0
DA:351,0
DA:352,0
DA:353,0
DA:362,0
DA:363,0
DA:365,0
DA:367,0
DA:368,0
DA:369,0
DA:378,0
DA:385,0
DA:386,0
DA:389,0
DA:391,0
DA:393,0
DA:395,0
DA:397,0
DA:399,0
DA:405,0
DA:407,0
LF:127
LH:0
BRDA:67,0,0,0
BRDA:67,1,0,0
BRDA:67,1,1,0
BRDA:67,1,2,0
BRDA:68,2,0,0
BRDA:68,2,1,0
BRDA:74,3,0,0
BRDA:74,3,1,0
BRDA:105,4,0,0
BRDA:129,5,0,0
BRDA:142,6,0,0
BRDA:142,6,1,0
BRDA:142,7,0,0
BRDA:142,7,1,0
BRDA:153,8,0,0
BRDA:195,9,0,0
BRDA:208,10,0,0
BRDA:210,11,0,0
BRDA:223,12,0,0
BRDA:241,13,0,0
BRDA:241,13,1,0
BRDA:241,13,2,0
BRDA:241,13,3,0
BRDA:241,13,4,0
BRDA:241,13,5,0
BRDA:241,13,6,0
BRDA:241,13,7,0
BRDA:318,14,0,0
BRDA:319,15,0,0
BRDA:319,15,1,0
BRDA:321,16,0,0
BRDA:325,17,0,0
BRDA:327,18,0,0
BRDA:329,19,0,0
BRDA:351,20,0,0
BRDA:378,21,0,0
BRDA:378,21,1,0
BRDA:385,22,0,0
BRDA:389,23,0,0
BRDA:389,23,1,0
BRDA:389,23,2,0
BRDA:389,23,3,0
BRDA:389,23,4,0
BRF:43
BRH:0
end_of_record
TN:
SF:src/stores/authStore.ts
FN:58,(anonymous_0)
FN:67,(anonymous_1)
FN:108,(anonymous_2)
FN:149,(anonymous_3)
FN:162,(anonymous_4)
FN:208,(anonymous_5)
FN:250,(anonymous_6)
FN:283,(anonymous_7)
FN:288,(anonymous_8)
FN:293,(anonymous_9)
FN:299,(anonymous_10)
FNF:11
FNH:0
FNDA:0,(anonymous_0)
FNDA:0,(anonymous_1)
FNDA:0,(anonymous_2)
FNDA:0,(anonymous_3)
FNDA:0,(anonymous_4)
FNDA:0,(anonymous_5)
FNDA:0,(anonymous_6)
FNDA:0,(anonymous_7)
FNDA:0,(anonymous_8)
FNDA:0,(anonymous_9)
FNDA:0,(anonymous_10)
DA:7,0
DA:8,0
DA:55,0
DA:57,0
DA:58,0
DA:68,0
DA:70,0
DA:71,0
DA:79,0
DA:81,0
DA:82,0
DA:85,0
DA:87,0
DA:96,0
DA:98,0
DA:103,0
DA:109,0
DA:111,0
DA:112,0
DA:120,0
DA:122,0
DA:123,0
DA:126,0
DA:128,0
DA:137,0
DA:139,0
DA:144,0
DA:150,0
DA:158,0
DA:163,0
DA:165,0
DA:166,0
DA:167,0
DA:170,0
DA:172,0
DA:173,0
DA:179,0
DA:180,0
DA:183,0
DA:184,0
DA:186,0
DA:194,0
DA:203,0
DA:209,0
DA:211,0
DA:212,0
DA:215,0
DA:217,0
DA:218,0
DA:227,0
DA:229,0
DA:230,0
DA:233,0
DA:235,0
DA:241,0
DA:245,0
DA:251,0
DA:253,0
DA:254,0
DA:257,0
DA:258,0
DA:265,0
DA:267,0
DA:268,0
DA:271,0
DA:273,0
DA:274,0
DA:277,0
DA:278,0
DA:284,0
DA:289,0
DA:294,0
DA:299,0
DA:307,0
LF:74
LH:0
BRDA:55,0,0,0
BRDA:55,0,1,0
BRDA:81,1,0,0
BRDA:82,2,0,0
BRDA:82,2,1,0
BRDA:99,3,0,0
BRDA:99,3,1,0
BRDA:122,4,0,0
BRDA:123,5,0,0
BRDA:123,5,1,0
BRDA:140,6,0,0
BRDA:140,6,1,0
BRDA:165,7,0,0
BRDA:179,8,0,0
BRDA:199,9,0,0
BRDA:199,9,1,0
BRDA:211,10,0,0
BRDA:229,11,0,0
BRDA:230,12,0,0
BRDA:230,12,1,0
BRDA:242,13,0,0
BRDA:242,13,1,0
BRDA:253,14,0,0
BRDA:267,15,0,0
BRDA:268,16,0,0
BRDA:268,16,1,0
BRF:26
BRH:0
end_of_record
TN:
SF:src/stores/lbsStore.ts
FN:157,(anonymous_0)
FN:176,(anonymous_1)
FN:194,(anonymous_2)
FN:212,(anonymous_3)
FN:222,(anonymous_4)
FN:227,(anonymous_5)
FN:232,(anonymous_6)
FN:233,(anonymous_7)
FN:243,(anonymous_8)
FN:275,(anonymous_9)
FN:294,(anonymous_10)
FN:299,(anonymous_11)
FN:330,(anonymous_12)
FN:334,(anonymous_13)
FN:357,(anonymous_14)
FN:358,(anonymous_15)
FN:368,(anonymous_16)
FN:392,(anonymous_17)
FN:406,(anonymous_18)
FN:427,(anonymous_19)
FN:428,(anonymous_20)
FN:439,(anonymous_21)
FN:440,(anonymous_22)
FN:446,(anonymous_23)
FN:460,(anonymous_24)
FN:462,(anonymous_25)
FN:466,(anonymous_26)
FN:478,(anonymous_27)
FN:480,(anonymous_28)
FN:484,(anonymous_29)
FN:494,(anonymous_30)
FN:512,(anonymous_31)
FN:517,(anonymous_32)
FN:522,(anonymous_33)
FN:527,(anonymous_34)
FN:545,(anonymous_35)
FN:557,calculateDistance
FN:578,isToday
FNF:38
FNH:0
FNDA:0,(anonymous_0)
FNDA:0,(anonymous_1)
FNDA:0,(anonymous_2)
FNDA:0,(anonymous_3)
FNDA:0,(anonymous_4)
FNDA:0,(anonymous_5)
FNDA:0,(anonymous_6)
FNDA:0,(anonymous_7)
FNDA:0,(anonymous_8)
FNDA:0,(anonymous_9)
FNDA:0,(anonymous_10)
FNDA:0,(anonymous_11)
FNDA:0,(anonymous_12)
FNDA:0,(anonymous_13)
FNDA:0,(anonymous_14)
FNDA:0,(anonymous_15)
FNDA:0,(anonymous_16)
FNDA:0,(anonymous_17)
FNDA:0,(anonymous_18)
FNDA:0,(anonymous_19)
FNDA:0,(anonymous_20)
FNDA:0,(anonymous_21)
FNDA:0,(anonymous_22)
FNDA:0,(anonymous_23)
FNDA:0,(anonymous_24)
FNDA:0,(anonymous_25)
FNDA:0,(anonymous_26)
FNDA:0,(anonymous_27)
FNDA:0,(anonymous_28)
FNDA:0,(anonymous_29)
FNDA:0,(anonymous_30)
FNDA:0,(anonymous_31)
FNDA:0,(anonymous_32)
FNDA:0,(anonymous_33)
FNDA:0,(anonymous_34)
FNDA:0,(anonymous_35)
FNDA:0,calculateDistance
FNDA:0,isToday
DA:7,0
DA:8,0
DA:144,0
DA:147,0
DA:156,0
DA:157,0
DA:177,0
DA:178,0
DA:179,0
DA:180,0
DA:183,0
DA:186,0
DA:187,0
DA:193,0
DA:195,0
DA:205,0
DA:208,0
DA:209,0
DA:213,0
DA:214,0
DA:223,0
DA:228,0
DA:233,0
DA:239,0
DA:244,0
DA:245,0
DA:246,0
DA:247,0
DA:250,0
DA:251,0
DA:265,0
DA:267,0
DA:268,0
DA:271,0
DA:274,0
DA:275,0
DA:276,0
DA:281,0
DA:282,0
DA:285,0
DA:287,0
DA:288,0
DA:289,0
DA:295,0
DA:300,0
DA:301,0
DA:302,0
DA:305,0
DA:307,0
DA:308,0
DA:317,0
DA:319,0
DA:320,0
DA:322,0
DA:325,0
DA:331,0
DA:332,0
DA:334,0
DA:335,0
DA:342,0
DA:343,0
DA:346,0
DA:348,0
DA:353,0
DA:358,0
DA:369,0
DA:370,0
DA:371,0
DA:374,0
DA:376,0
DA:377,0
DA:386,0
DA:388,0
DA:389,0
DA:390,0
DA:392,0
DA:398,0
DA:401,0
DA:407,0
DA:408,0
DA:409,0
DA:412,0
DA:413,0
DA:420,0
DA:422,0
DA:423,0
DA:427,0
DA:429,0
DA:433,0
DA:434,0
DA:440,0
DA:447,0
DA:448,0
DA:449,0
DA:452,0
DA:453,0
DA:455,0
DA:456,0
DA:457,0
DA:458,0
DA:460,0
DA:461,0
DA:463,0
DA:464,0
DA:467,0
DA:468,0
DA:473,0
DA:474,0
DA:478,0
DA:479,0
DA:481,0
DA:482,0
DA:485,0
DA:486,0
DA:495,0
DA:496,0
DA:497,0
DA:500,0
DA:501,0
DA:502,0
DA:503,0
DA:504,0
DA:506,0
DA:507,0
DA:513,0
DA:518,0
DA:523,0
DA:528,0
DA:545,0
DA:563,0
DA:564,0
DA:565,0
DA:566,0
DA:567,0
DA:570,0
DA:572,0
DA:574,0
DA:579,0
DA:580,0
DA:581,0
DA:588,0
LF:141
LH:0
BRDA:144,0,0,0
BRDA:144,0,1,0
BRDA:178,1,0,0
BRDA:186,2,0,0
BRDA:199,3,0,0
BRDA:199,3,1,0
BRDA:200,4,0,0
BRDA:200,4,1,0
BRDA:201,5,0,0
BRDA:201,5,1,0
BRDA:208,6,0,0
BRDA:245,7,0,0
BRDA:267,8,0,0
BRDA:268,9,0,0
BRDA:268,9,1,0
BRDA:274,10,0,0
BRDA:274,11,0,0
BRDA:274,11,1,0
BRDA:281,12,0,0
BRDA:288,13,0,0
BRDA:288,13,1,0
BRDA:299,14,0,0
BRDA:301,15,0,0
BRDA:319,16,0,0
BRDA:319,16,1,0
BRDA:322,17,0,0
BRDA:322,17,1,0
BRDA:325,18,0,0
BRDA:325,18,1,0
BRDA:342,19,0,0
BRDA:346,20,0,0
BRDA:361,21,0,0
BRDA:361,21,1,0
BRDA:368,22,0,0
BRDA:368,23,0,0
BRDA:370,24,0,0
BRDA:388,25,0,0
BRDA:388,25,1,0
BRDA:389,26,0,0
BRDA:389,26,1,0
BRDA:398,27,0,0
BRDA:398,27,1,0
BRDA:401,28,0,0
BRDA:401,28,1,0
BRDA:408,29,0,0
BRDA:422,30,0,0
BRDA:423,31,0,0
BRDA:423,31,1,0
BRDA:429,32,0,0
BRDA:429,32,1,0
BRDA:433,33,0,0
BRDA:433,33,1,0
BRDA:447,34,0,0
BRDA:455,35,0,0
BRDA:455,35,1,0
BRDA:458,36,0,0
BRDA:458,36,1,0
BRDA:495,37,0,0
BRDA:582,38,0,0
BRDA:582,38,1,0
BRDA:582,38,2,0
BRF:61
BRH:0
end_of_record
TN:
SF:src/stores/notificationStore.ts
FN:72,(anonymous_1)
FN:81,(anonymous_2)
FN:88,(anonymous_3)
FN:111,(anonymous_4)
FN:112,(anonymous_5)
FN:113,(anonymous_6)
FN:121,(anonymous_7)
FN:128,(anonymous_8)
FN:129,(anonymous_9)
FN:130,(anonymous_10)
FN:142,(anonymous_11)
FN:143,(anonymous_12)
FN:144,(anonymous_13)
FN:145,(anonymous_14)
FN:155,(anonymous_15)
FN:160,(anonymous_16)
FN:161,(anonymous_17)
FN:167,(anonymous_18)
FN:172,(anonymous_19)
FN:176,(anonymous_20)
FN:180,(anonymous_21)
FN:184,(anonymous_22)
FN:190,(anonymous_23)
FN:196,(anonymous_24)
FN:202,(anonymous_25)
FN:219,(anonymous_26)
FN:225,(anonymous_27)
FN:230,(anonymous_28)
FN:242,(anonymous_29)
FN:254,(anonymous_30)
FN:266,(anonymous_31)
FN:279,(anonymous_32)
FN:281,(anonymous_33)
FN:290,playNotificationSound
FN:309,(anonymous_35)
FN:320,requestNotificationPermission
FN:335,getNotificationPermission
FNF:37
FNH:0
FNDA:0,(anonymous_1)
FNDA:0,(anonymous_2)
FNDA:0,(anonymous_3)
FNDA:0,(anonymous_4)
FNDA:0,(anonymous_5)
FNDA:0,(anonymous_6)
FNDA:0,(anonymous_7)
FNDA:0,(anonymous_8)
FNDA:0,(anonymous_9)
FNDA:0,(anonymous_10)
FNDA:0,(anonymous_11)
FNDA:0,(anonymous_12)
FNDA:0,(anonymous_13)
FNDA:0,(anonymous_14)
FNDA:0,(anonymous_15)
FNDA:0,(anonymous_16)
FNDA:0,(anonymous_17)
FNDA:0,(anonymous_18)
FNDA:0,(anonymous_19)
FNDA:0,(anonymous_20)
FNDA:0,(anonymous_21)
FNDA:0,(anonymous_22)
FNDA:0,(anonymous_23)
FNDA:0,(anonymous_24)
FNDA:0,(anonymous_25)
FNDA:0,(anonymous_26)
FNDA:0,(anonymous_27)
FNDA:0,(anonymous_28)
FNDA:0,(anonymous_29)
FNDA:0,(anonymous_30)
FNDA:0,(anonymous_31)
FNDA:0,(anonymous_32)
FNDA:0,(anonymous_33)
FNDA:0,playNotificationSound
FNDA:0,(anonymous_35)
FNDA:0,requestNotificationPermission
FNDA:0,getNotificationPermission
DA:6,0
DA:7,0
DA:8,0
DA:60,0
DA:71,0
DA:72,0
DA:82,0
DA:88,0
DA:89,0
DA:91,0
DA:93,0
DA:100,0
DA:101,0
DA:105,0
DA:106,0
DA:112,0
DA:113,0
DA:114,0
DA:115,0
DA:116,0
DA:118,0
DA:121,0
DA:123,0
DA:129,0
DA:130,0
DA:131,0
DA:132,0
DA:134,0
DA:137,0
DA:143,0
DA:144,0
DA:145,0
DA:146,0
DA:150,0
DA:156,0
DA:161,0
DA:168,0
DA:169,0
DA:172,0
DA:173,0
DA:176,0
DA:177,0
DA:180,0
DA:181,0
DA:184,0
DA:185,0
DA:186,0
DA:190,0
DA:191,0
DA:192,0
DA:196,0
DA:197,0
DA:198,0
DA:202,0
DA:203,0
DA:204,0
DA:209,0
DA:212,0
DA:213,0
DA:214,0
DA:220,0
DA:221,0
DA:226,0
DA:231,0
DA:243,0
DA:255,0
DA:267,0
DA:279,0
DA:281,0
DA:291,0
DA:292,0
DA:294,0
DA:296,0
DA:297,0
DA:299,0
DA:300,0
DA:302,0
DA:303,0
DA:305,0
DA:308,0
DA:309,0
DA:310,0
DA:313,0
DA:320,0
DA:321,0
DA:322,0
DA:323,0
DA:324,0
DA:325,0
DA:326,0
DA:329,0
DA:335,0
DA:336,0
DA:337,0
DA:339,0
DA:342,0
LF:96
LH:0
BRDA:95,0,0,0
BRDA:95,0,1,0
BRDA:100,1,0,0
BRDA:100,2,0,0
BRDA:100,2,1,0
BRDA:105,3,0,0
BRDA:105,4,0,0
BRDA:105,4,1,0
BRDA:105,4,2,0
BRDA:114,5,0,0
BRDA:114,6,0,0
BRDA:114,6,1,0
BRDA:131,7,0,0
BRDA:146,8,0,0
BRDA:146,8,1,0
BRDA:146,9,0,0
BRDA:146,9,1,0
BRDA:185,10,0,0
BRDA:191,11,0,0
BRDA:197,12,0,0
BRDA:203,13,0,0
BRDA:294,14,0,0
BRDA:294,14,1,0
BRDA:294,14,2,0
BRDA:294,14,3,0
BRDA:321,15,0,0
BRDA:322,16,0,0
BRDA:322,16,1,0
BRDA:324,17,0,0
BRDA:336,18,0,0
BRF:30
BRH:0
end_of_record
TN:
SF:src/utils/cryptoUtils.ts
FN:9,hashPassword
FN:17,verifyPassword
FN:29,generateSalt
FN:36,encryptData
FN:55,decryptData
FN:78,generateApiKey
FN:85,generateSecureToken
FN:95,validateApiKey
FN:105,createHMAC
FN:115,verifyHMAC
FN:129,generateKeyPair
FN:148,encryptWithPublicKey
FN:156,decryptWithPrivateKey
FNF:13
FNH:13
FNDA:18,hashPassword
FNDA:5,verifyPassword
FNDA:15,generateSalt
FNDA:11,encryptData
FNDA:11,decryptData
FNDA:14,generateApiKey
FNDA:14,generateSecureToken
FNDA:8,validateApiKey
FNDA:16,createHMAC
FNDA:8,verifyHMAC
FNDA:12,generateKeyPair
FNDA:7,encryptWithPublicKey
FNDA:6,decryptWithPrivateKey
DA:1,1
DA:2,1
DA:4,1
DA:9,1
DA:10,18
DA:11,18
DA:17,1
DA:22,5
DA:23,5
DA:29,1
DA:30,15
DA:36,1
DA:37,11
DA:38,1
DA:41,10
DA:42,10
DA:44,10
DA:46,10
DA:47,10
DA:49,10
DA:55,1
DA:56,11
DA:57,1
DA:60,10
DA:61,10
DA:63,10
DA:64,0
DA:67,10
DA:69,10
DA:70,10
DA:72,8
DA:78,1
DA:79,14
DA:85,1
DA:86,14
DA:95,1
DA:96,8
DA:97,3
DA:99,5
DA:105,1
DA:106,16
DA:107,2
DA:109,14
DA:115,1
DA:116,8
DA:117,1
DA:119,7
DA:120,7
DA:129,1
DA:130,12
DA:142,12
DA:148,1
DA:149,7
DA:150,6
DA:156,1
DA:157,6
DA:158,4
LF:57
LH:56
BRDA:29,0,0,14
BRDA:37,1,0,1
BRDA:56,2,0,1
BRDA:63,3,0,0
BRDA:63,4,0,10
BRDA:63,4,1,10
BRDA:78,5,0,13
BRDA:85,6,0,12
BRDA:96,7,0,3
BRDA:96,8,0,8
BRDA:96,8,1,5
BRDA:99,9,0,5
BRDA:99,9,1,3
BRDA:105,10,0,7
BRDA:106,11,0,2
BRDA:106,12,0,16
BRDA:106,12,1,14
BRDA:115,13,0,6
BRDA:116,14,0,1
BRDA:116,15,0,8
BRDA:116,15,1,8
BRDA:116,15,2,8
BRDA:129,16,0,11
BRF:23
BRH:22
end_of_record
TN:
SF:src/utils/geoUtils.ts
FN:40,calculateDistance
FN:71,isPointInPolygon
FN:109,generateGeofence
FN:159,validateCoordinates
FN:181,formatCoordinates
FN:191,getLocationAccuracy
FN:228,calculateBearing
FN:254,getLocationFromAddress
FN:297,isValidGPSAccuracy
FN:308,toRadians
FN:312,toDegrees
FN:323,getPointAtDistance
FNF:12
FNH:12
FNDA:24,calculateDistance
FNDA:7,isPointInPolygon
FNDA:7,generateGeofence
FNDA:70,validateCoordinates
FNDA:5,formatCoordinates
FNDA:5,getLocationAccuracy
FNDA:5,calculateBearing
FNDA:5,getLocationFromAddress
FNDA:15,isValidGPSAccuracy
FNDA:276,toRadians
FNDA:180,toDegrees
FNDA:60,getPointAtDistance
DA:1,1
DA:31,1
DA:32,1
DA:40,1
DA:42,24
DA:43,2
DA:47,22
DA:48,1
DA:51,21
DA:52,21
DA:53,21
DA:54,21
DA:56,21
DA:60,21
DA:62,21
DA:71,1
DA:72,7
DA:73,1
DA:76,6
DA:77,6
DA:78,6
DA:80,6
DA:81,40
DA:82,40
DA:84,40
DA:85,0
DA:88,40
DA:89,40
DA:90,40
DA:91,40
DA:93,40
DA:94,4
DA:98,6
DA:109,1
DA:115,7
DA:116,2
DA:119,5
DA:120,0
DA:123,5
DA:125,5
DA:127,4
DA:128,56
DA:129,56
DA:130,56
DA:132,1
DA:134,1
DA:135,1
DA:137,1
DA:145,5
DA:159,1
DA:160,70
DA:181,1
DA:182,5
DA:191,1
DA:196,5
DA:197,3
DA:198,2
DA:199,2
DA:200,1
DA:201,1
DA:202,1
DA:204,0
DA:205,0
DA:207,2
DA:208,1
DA:209,1
DA:211,1
DA:212,1
DA:215,5
DA:228,1
DA:229,5
DA:230,1
DA:233,4
DA:234,4
DA:235,4
DA:237,4
DA:238,4
DA:241,4
DA:244,4
DA:246,4
DA:254,1
DA:255,5
DA:256,2
DA:259,3
DA:263,3
DA:264,3
DA:266,0
DA:267,0
DA:270,0
DA:272,0
DA:273,0
DA:276,0
DA:284,3
DA:285,3
DA:287,0
DA:297,1
DA:298,15
DA:309,276
DA:313,180
DA:324,60
DA:325,60
DA:326,60
DA:328,60
DA:333,60
DA:338,60
LF:105
LH:94
BRDA:42,0,0,2
BRDA:42,1,0,24
BRDA:42,1,1,23
BRDA:47,2,0,1
BRDA:47,3,0,22
BRDA:47,3,1,2
BRDA:72,4,0,1
BRDA:84,5,0,0
BRDA:84,6,0,40
BRDA:84,6,1,40
BRDA:93,7,0,4
BRDA:93,8,0,40
BRDA:93,8,1,10
BRDA:113,9,0,6
BRDA:115,10,0,2
BRDA:119,11,0,0
BRDA:125,12,0,4
BRDA:125,12,1,1
BRDA:132,13,0,1
BRDA:161,14,0,70
BRDA:161,14,1,70
BRDA:161,14,2,70
BRDA:161,14,3,69
BRDA:161,14,4,68
BRDA:161,14,5,67
BRDA:161,14,6,66
BRDA:161,14,7,65
BRDA:161,14,8,61
BRDA:161,14,9,60
BRDA:181,15,0,4
BRDA:196,16,0,3
BRDA:196,16,1,2
BRDA:197,17,0,2
BRDA:197,17,1,1
BRDA:200,18,0,1
BRDA:200,18,1,0
BRDA:207,19,0,1
BRDA:207,19,1,1
BRDA:229,20,0,1
BRDA:229,21,0,5
BRDA:229,21,1,3
BRDA:255,22,0,2
BRDA:255,23,0,5
BRDA:255,23,1,4
BRDA:266,24,0,0
BRDA:266,25,0,0
BRDA:266,25,1,0
BRDA:272,26,0,0
BRDA:272,27,0,0
BRDA:272,27,1,0
BRDA:272,27,2,0
BRDA:279,28,0,0
BRDA:279,28,1,0
BRDA:284,29,0,3
BRDA:297,30,0,13
BRDA:299,31,0,15
BRDA:299,31,1,15
BRDA:299,31,2,14
BRDA:299,31,3,12
BRDA:299,31,4,11
BRF:60
BRH:48
end_of_record
TN:
SF:src/utils/gracefulShutdown.ts
FN:15,(anonymous_0)
FN:23,(anonymous_1)
FN:30,(anonymous_2)
FN:32,(anonymous_3)
FN:38,(anonymous_4)
FN:44,(anonymous_5)
FN:50,(anonymous_6)
FN:59,(anonymous_7)
FN:69,(anonymous_8)
FN:77,(anonymous_9)
FN:78,(anonymous_10)
FN:131,(anonymous_11)
FN:132,(anonymous_12)
FN:134,(anonymous_13)
FN:144,(anonymous_14)
FN:152,gracefulShutdown
FNF:16
FNH:0
FNDA:0,(anonymous_0)
FNDA:0,(anonymous_1)
FNDA:0,(anonymous_2)
FNDA:0,(anonymous_3)
FNDA:0,(anonymous_4)
FNDA:0,(anonymous_5)
FNDA:0,(anonymous_6)
FNDA:0,(anonymous_7)
FNDA:0,(anonymous_8)
FNDA:0,(anonymous_9)
FNDA:0,(anonymous_10)
FNDA:0,(anonymous_11)
FNDA:0,(anonymous_12)
FNDA:0,(anonymous_13)
FNDA:0,(anonymous_14)
FNDA:0,gracefulShutdown
DA:1,0
DA:2,0
DA:3,0
DA:9,0
DA:10,0
DA:12,0
DA:13,0
DA:16,0
DA:17,0
DA:24,0
DA:32,0
DA:33,0
DA:34,0
DA:38,0
DA:39,0
DA:40,0
DA:44,0
DA:45,0
DA:46,0
DA:50,0
DA:51,0
DA:52,0
DA:60,0
DA:61,0
DA:62,0
DA:65,0
DA:66,0
DA:69,0
DA:70,0
DA:71,0
DA:74,0
DA:76,0
DA:77,0
DA:78,0
DA:79,0
DA:80,0
DA:81,0
DA:83,0
DA:84,0
DA:91,0
DA:92,0
DA:93,0
DA:95,0
DA:99,0
DA:100,0
DA:101,0
DA:103,0
DA:107,0
DA:108,0
DA:109,0
DA:111,0
DA:116,0
DA:118,0
DA:119,0
DA:120,0
DA:122,0
DA:123,0
DA:124,0
DA:132,0
DA:134,0
DA:135,0
DA:136,0
DA:145,0
DA:152,0
DA:153,0
DA:154,0
DA:155,0
DA:157,0
DA:163,0
LF:69
LH:0
BRDA:60,0,0,0
BRDA:76,1,0,0
BRDA:79,2,0,0
BRDA:79,2,1,0
BRDA:154,3,0,0
BRF:5
BRH:0
end_of_record
TN:
SF:src/utils/logger.ts
FN:9,(anonymous_0)
FN:19,(anonymous_1)
FN:23,(anonymous_2)
FN:38,(anonymous_3)
FN:44,(anonymous_4)
FN:65,(anonymous_5)
FN:69,(anonymous_6)
FN:73,(anonymous_7)
FN:77,(anonymous_8)
FNF:9
FNH:0
FNDA:0,(anonymous_0)
FNDA:0,(anonymous_1)
FNDA:0,(anonymous_2)
FNDA:0,(anonymous_3)
FNDA:0,(anonymous_4)
FNDA:0,(anonymous_5)
FNDA:0,(anonymous_6)
FNDA:0,(anonymous_7)
FNDA:0,(anonymous_8)
DA:6,0
DA:9,0
DA:10,0
DA:11,0
DA:12,0
DA:13,0
DA:20,0
DA:24,0
DA:26,0
DA:28,0
DA:30,0
DA:32,0
DA:34,0
DA:39,0
DA:40,0
DA:41,0
DA:45,0
DA:46,0
DA:48,0
DA:50,0
DA:51,0
DA:53,0
DA:54,0
DA:56,0
DA:57,0
DA:59,0
DA:60,0
DA:66,0
DA:70,0
DA:74,0
DA:78,0
DA:82,0
DA:83,0
LF:33
LH:0
BRDA:9,0,0,0
BRDA:9,0,1,0
BRDA:24,1,0,0
BRDA:24,1,1,0
BRDA:24,1,2,0
BRDA:24,1,3,0
BRDA:24,1,4,0
BRDA:40,2,0,0
BRDA:40,2,1,0
BRDA:45,3,0,0
BRDA:48,4,0,0
BRDA:48,4,1,0
BRDA:48,4,2,0
BRDA:48,4,3,0
BRF:14
BRH:0
end_of_record
TN:
SF:src/utils/redis-mock.ts
FN:16,(anonymous_0)
FN:20,(anonymous_1)
FN:34,(anonymous_2)
FN:42,(anonymous_3)
FN:48,(anonymous_4)
FN:62,(anonymous_5)
FN:69,(anonymous_6)
FN:84,(anonymous_7)
FN:90,(anonymous_8)
FN:95,(anonymous_9)
FN:100,(anonymous_10)
FN:114,(anonymous_11)
FNF:12
FNH:0
FNDA:0,(anonymous_0)
FNDA:0,(anonymous_1)
FNDA:0,(anonymous_2)
FNDA:0,(anonymous_3)
FNDA:0,(anonymous_4)
FNDA:0,(anonymous_5)
FNDA:0,(anonymous_6)
FNDA:0,(anonymous_7)
FNDA:0,(anonymous_8)
FNDA:0,(anonymous_9)
FNDA:0,(anonymous_10)
FNDA:0,(anonymous_11)
DA:17,0
DA:18,0
DA:21,0
DA:22,0
DA:23,0
DA:26,0
DA:27,0
DA:28,0
DA:31,0
DA:35,0
DA:36,0
DA:37,0
DA:39,0
DA:43,0
DA:44,0
DA:45,0
DA:49,0
DA:50,0
DA:51,0
DA:54,0
DA:55,0
DA:56,0
DA:59,0
DA:63,0
DA:64,0
DA:66,0
DA:70,0
DA:77,0
DA:78,0
DA:81,0
DA:85,0
DA:86,0
DA:91,0
DA:96,0
DA:101,0
DA:102,0
DA:103,0
DA:104,0
DA:111,0
DA:114,0
DA:115,0
DA:118,0
DA:119,0
LF:43
LH:0
BRDA:22,0,0,0
BRDA:26,1,0,0
BRDA:26,2,0,0
BRDA:26,2,1,0
BRDA:36,3,0,0
BRDA:45,4,0,0
BRDA:45,4,1,0
BRDA:50,5,0,0
BRDA:54,6,0,0
BRDA:54,7,0,0
BRDA:54,7,1,0
BRDA:63,8,0,0
BRDA:77,9,0,0
BRDA:77,10,0,0
BRDA:77,10,1,0
BRDA:103,11,0,0
BRDA:103,12,0,0
BRDA:103,12,1,0
BRF:18
BRH:0
end_of_record
